[2025-11-25 03:59:11] [DEBUG] [src/drone.c:44] Parto
[2025-11-25 03:59:11] [DEBUG] [src/BB.c:137] height: 29 Width: 100
[2025-11-25 03:59:11] [DEBUG] [src/drone.c:50] Ho letto
[2025-11-25 03:59:11] [DEBUG] [src/drone.c:55] Inizio il ciclo
[2025-11-25 03:59:11] [DEBUG] [src/obstacle.c:120] The char is o
[2025-11-25 03:59:11] [DEBUG] [src/obstacle.c:129] Dimesioni finestra: 29, 100
[2025-11-25 03:59:12] [DEBUG] [src/obstacle.c:66] Width: 100, Height: 29
[2025-11-25 03:59:12] [DEBUG] [src/obstacle.c:120] The char is f
[2025-11-25 03:59:12] [DEBUG] [src/BB.c:218] obstacles forces: 0.000000 0.000000
[2025-11-25 03:59:12] [DEBUG] [src/drone.c:62] Ch = f
[2025-11-25 03:59:12] [DEBUG] [src/drone.c:104] Position: X: 1.000000 Y: 1.000000
[2025-11-25 03:59:12] [DEBUG] [src/obstacle.c:120] The char is f
[2025-11-25 03:59:12] [DEBUG] [src/BB.c:218] obstacles forces: 0.000000 0.000000
[2025-11-25 03:59:12] [DEBUG] [src/drone.c:62] Ch = f
[2025-11-25 03:59:12] [DEBUG] [src/drone.c:104] Position: X: 1.000000 Y: 1.000000
[2025-11-25 03:59:12] [DEBUG] [src/obstacle.c:120] The char is f
[2025-11-25 03:59:12] [DEBUG] [src/BB.c:218] obstacles forces: 0.000000 0.000000
[2025-11-25 03:59:12] [DEBUG] [src/drone.c:62] Ch = f
[2025-11-25 03:59:12] [DEBUG] [src/drone.c:104] Position: X: 1.000000 Y: 1.000000
[2025-11-25 03:59:12] [DEBUG] [src/obstacle.c:120] The char is f
[2025-11-25 03:59:12] [DEBUG] [src/BB.c:218] obstacles forces: 0.000000 0.000000
[2025-11-25 03:59:12] [DEBUG] [src/drone.c:62] Ch = f
[2025-11-25 03:59:12] [DEBUG] [src/drone.c:104] Position: X: 1.000000 Y: 1.000000
[2025-11-25 03:59:12] [DEBUG] [src/obstacle.c:120] The char is f
[2025-11-25 03:59:12] [DEBUG] [src/BB.c:218] obstacles forces: 0.000000 0.000000
[2025-11-25 03:59:12] [DEBUG] [src/drone.c:62] Ch = f
[2025-11-25 03:59:12] [DEBUG] [src/drone.c:104] Position: X: 1.000000 Y: 1.000000
[2025-11-25 03:59:13] [DEBUG] [src/obstacle.c:120] The char is f
[2025-11-25 03:59:13] [DEBUG] [src/BB.c:218] obstacles forces: 0.000000 0.000000
[2025-11-25 03:59:13] [DEBUG] [src/drone.c:62] Ch = f
[2025-11-25 03:59:13] [DEBUG] [src/drone.c:104] Position: X: 1.000000 Y: 1.000000
[2025-11-25 03:59:13] [DEBUG] [src/obstacle.c:120] The char is f
[2025-11-25 03:59:13] [DEBUG] [src/BB.c:218] obstacles forces: 0.000000 0.000000
[2025-11-25 03:59:13] [DEBUG] [src/drone.c:62] Ch = f
[2025-11-25 03:59:13] [DEBUG] [src/drone.c:104] Position: X: 1.000000 Y: 1.000000
[2025-11-25 03:59:13] [DEBUG] [src/obstacle.c:120] The char is f
[2025-11-25 03:59:13] [DEBUG] [src/BB.c:218] obstacles forces: 0.000000 0.000000
[2025-11-25 03:59:13] [DEBUG] [src/drone.c:62] Ch = f
[2025-11-25 03:59:13] [DEBUG] [src/drone.c:104] Position: X: 1.000000 Y: 1.000000
[2025-11-25 03:59:13] [DEBUG] [src/obstacle.c:120] The char is f
[2025-11-25 03:59:13] [DEBUG] [src/BB.c:218] obstacles forces: 0.000000 0.000000
[2025-11-25 03:59:13] [DEBUG] [src/drone.c:62] Ch = f
[2025-11-25 03:59:13] [DEBUG] [src/drone.c:104] Position: X: 1.000000 Y: 1.000000
[2025-11-25 03:59:13] [DEBUG] [src/obstacle.c:120] The char is f
[2025-11-25 03:59:13] [DEBUG] [src/BB.c:218] obstacles forces: 0.000000 0.000000
[2025-11-25 03:59:13] [DEBUG] [src/drone.c:62] Ch = f
[2025-11-25 03:59:13] [DEBUG] [src/drone.c:104] Position: X: 1.000000 Y: 1.000000
[2025-11-25 03:59:13] [DEBUG] [src/obstacle.c:120] The char is f
[2025-11-25 03:59:13] [DEBUG] [src/BB.c:218] obstacles forces: 0.000000 0.000000
[2025-11-25 03:59:13] [DEBUG] [src/drone.c:62] Ch = f
[2025-11-25 03:59:13] [DEBUG] [src/drone.c:104] Position: X: 1.000000 Y: 1.000000
[2025-11-25 03:59:13] [DEBUG] [src/obstacle.c:120] The char is f
[2025-11-25 03:59:13] [DEBUG] [src/BB.c:218] obstacles forces: 0.000000 0.000000
[2025-11-25 03:59:13] [DEBUG] [src/drone.c:62] Ch = f
[2025-11-25 03:59:13] [DEBUG] [src/drone.c:104] Position: X: 1.000000 Y: 1.000000
[2025-11-25 03:59:13] [DEBUG] [src/obstacle.c:120] The char is f
[2025-11-25 03:59:13] [DEBUG] [src/BB.c:218] obstacles forces: 0.000000 0.000000
[2025-11-25 03:59:13] [DEBUG] [src/drone.c:62] Ch = f
[2025-11-25 03:59:13] [DEBUG] [src/drone.c:104] Position: X: 1.000000 Y: 1.000000
[2025-11-25 03:59:13] [DEBUG] [src/obstacle.c:120] The char is f
[2025-11-25 03:59:13] [DEBUG] [src/BB.c:218] obstacles forces: 0.000000 0.000000
[2025-11-25 03:59:13] [DEBUG] [src/drone.c:62] Ch = f
[2025-11-25 03:59:13] [DEBUG] [src/drone.c:104] Position: X: 1.000000 Y: 1.000000
[2025-11-25 03:59:13] [DEBUG] [src/obstacle.c:120] The char is f
[2025-11-25 03:59:13] [DEBUG] [src/BB.c:218] obstacles forces: 0.000000 0.000000
[2025-11-25 03:59:13] [DEBUG] [src/drone.c:62] Ch = f
[2025-11-25 03:59:13] [DEBUG] [src/drone.c:104] Position: X: 1.000000 Y: 1.000000
[2025-11-25 03:59:14] [DEBUG] [src/obstacle.c:120] The char is f
[2025-11-25 03:59:14] [DEBUG] [src/BB.c:218] obstacles forces: 0.000000 0.000000
[2025-11-25 03:59:14] [DEBUG] [src/drone.c:62] Ch = f
[2025-11-25 03:59:14] [DEBUG] [src/drone.c:104] Position: X: 1.000000 Y: 1.000000
[2025-11-25 03:59:14] [DEBUG] [src/obstacle.c:120] The char is f
[2025-11-25 03:59:14] [DEBUG] [src/BB.c:218] obstacles forces: 0.000000 0.000000
[2025-11-25 03:59:14] [DEBUG] [src/drone.c:62] Ch = f
[2025-11-25 03:59:14] [DEBUG] [src/drone.c:104] Position: X: 1.000000 Y: 1.000000
[2025-11-25 03:59:14] [DEBUG] [src/obstacle.c:120] The char is f
[2025-11-25 03:59:14] [DEBUG] [src/BB.c:218] obstacles forces: 0.000000 0.000000
[2025-11-25 03:59:14] [DEBUG] [src/drone.c:62] Ch = f
[2025-11-25 03:59:14] [DEBUG] [src/drone.c:104] Position: X: 1.000000 Y: 1.000000
[2025-11-25 03:59:14] [DEBUG] [src/obstacle.c:120] The char is f
[2025-11-25 03:59:14] [DEBUG] [src/BB.c:218] obstacles forces: 0.000000 0.000000
[2025-11-25 03:59:14] [DEBUG] [src/drone.c:62] Ch = f
[2025-11-25 03:59:14] [DEBUG] [src/drone.c:104] Position: X: 1.000000 Y: 1.000000
[2025-11-25 03:59:14] [DEBUG] [src/obstacle.c:120] The char is f
[2025-11-25 03:59:14] [DEBUG] [src/BB.c:218] obstacles forces: 0.000000 0.000000
[2025-11-25 03:59:14] [DEBUG] [src/drone.c:62] Ch = f
[2025-11-25 03:59:14] [DEBUG] [src/drone.c:104] Position: X: 1.000000 Y: 1.000000
[2025-11-25 03:59:14] [DEBUG] [src/obstacle.c:120] The char is f
[2025-11-25 03:59:14] [DEBUG] [src/BB.c:218] obstacles forces: 0.000000 0.000000
[2025-11-25 03:59:14] [DEBUG] [src/drone.c:62] Ch = f
[2025-11-25 03:59:14] [DEBUG] [src/drone.c:104] Position: X: 1.000000 Y: 1.000000
[2025-11-25 03:59:14] [DEBUG] [src/obstacle.c:120] The char is f
[2025-11-25 03:59:14] [DEBUG] [src/BB.c:218] obstacles forces: 0.000000 0.000000
[2025-11-25 03:59:14] [DEBUG] [src/drone.c:62] Ch = f
[2025-11-25 03:59:14] [DEBUG] [src/drone.c:104] Position: X: 1.000000 Y: 1.000000
[2025-11-25 03:59:14] [DEBUG] [src/obstacle.c:120] The char is f
[2025-11-25 03:59:14] [DEBUG] [src/BB.c:218] obstacles forces: 0.000000 0.000000
[2025-11-25 03:59:14] [DEBUG] [src/drone.c:62] Ch = f
[2025-11-25 03:59:14] [DEBUG] [src/drone.c:104] Position: X: 1.000000 Y: 1.000000
[2025-11-25 03:59:14] [DEBUG] [src/obstacle.c:120] The char is f
[2025-11-25 03:59:14] [DEBUG] [src/BB.c:218] obstacles forces: 0.000000 0.000000
[2025-11-25 03:59:14] [DEBUG] [src/drone.c:62] Ch = f
[2025-11-25 03:59:14] [DEBUG] [src/drone.c:104] Position: X: 1.000000 Y: 1.000000
[2025-11-25 03:59:14] [DEBUG] [src/obstacle.c:120] The char is f
[2025-11-25 03:59:14] [DEBUG] [src/BB.c:218] obstacles forces: 0.000000 0.000000
[2025-11-25 03:59:14] [DEBUG] [src/drone.c:62] Ch = f
[2025-11-25 03:59:14] [DEBUG] [src/drone.c:104] Position: X: 1.000000 Y: 1.000000
[2025-11-25 03:59:15] [DEBUG] [src/obstacle.c:120] The char is f
[2025-11-25 03:59:15] [DEBUG] [src/BB.c:218] obstacles forces: 0.000000 0.000000
[2025-11-25 03:59:15] [DEBUG] [src/drone.c:62] Ch = f
[2025-11-25 03:59:15] [DEBUG] [src/drone.c:104] Position: X: 1.000000 Y: 1.000000
[2025-11-25 03:59:15] [DEBUG] [src/obstacle.c:120] The char is f
[2025-11-25 03:59:15] [DEBUG] [src/BB.c:218] obstacles forces: 0.000000 0.000000
[2025-11-25 03:59:15] [DEBUG] [src/drone.c:62] Ch = f
[2025-11-25 03:59:15] [DEBUG] [src/drone.c:104] Position: X: 1.000000 Y: 1.000000
[2025-11-25 03:59:15] [DEBUG] [src/obstacle.c:120] The char is f
[2025-11-25 03:59:15] [DEBUG] [src/BB.c:218] obstacles forces: 0.000000 0.000000
[2025-11-25 03:59:15] [DEBUG] [src/drone.c:62] Ch = f
[2025-11-25 03:59:15] [DEBUG] [src/drone.c:104] Position: X: 1.000000 Y: 1.000000
[2025-11-25 03:59:15] [DEBUG] [src/obstacle.c:120] The char is f
[2025-11-25 03:59:15] [DEBUG] [src/BB.c:218] obstacles forces: 0.000000 0.000000
[2025-11-25 03:59:15] [DEBUG] [src/drone.c:62] Ch = f
[2025-11-25 03:59:15] [DEBUG] [src/drone.c:104] Position: X: 1.000000 Y: 1.000000
[2025-11-25 03:59:15] [DEBUG] [src/obstacle.c:120] The char is f
[2025-11-25 03:59:15] [DEBUG] [src/BB.c:218] obstacles forces: 0.000000 0.000000
[2025-11-25 03:59:15] [DEBUG] [src/drone.c:62] Ch = f
[2025-11-25 03:59:15] [DEBUG] [src/drone.c:104] Position: X: 1.000000 Y: 1.000000
[2025-11-25 03:59:15] [DEBUG] [src/obstacle.c:120] The char is f
[2025-11-25 03:59:15] [DEBUG] [src/BB.c:218] obstacles forces: 0.000000 0.000000
[2025-11-25 03:59:15] [DEBUG] [src/drone.c:62] Ch = f
[2025-11-25 03:59:15] [DEBUG] [src/drone.c:104] Position: X: 1.000000 Y: 1.000000
[2025-11-25 03:59:15] [DEBUG] [src/obstacle.c:120] The char is f
[2025-11-25 03:59:15] [DEBUG] [src/BB.c:218] obstacles forces: 0.000000 0.000000
[2025-11-25 03:59:15] [DEBUG] [src/drone.c:62] Ch = f
[2025-11-25 03:59:15] [DEBUG] [src/drone.c:104] Position: X: 1.000000 Y: 1.000000
[2025-11-25 03:59:15] [DEBUG] [src/obstacle.c:120] The char is f
[2025-11-25 03:59:15] [DEBUG] [src/BB.c:218] obstacles forces: 0.000000 0.000000
[2025-11-25 03:59:15] [DEBUG] [src/drone.c:62] Ch = f
[2025-11-25 03:59:15] [DEBUG] [src/drone.c:104] Position: X: 1.000000 Y: 1.000000
[2025-11-25 03:59:15] [DEBUG] [src/obstacle.c:120] The char is f
[2025-11-25 03:59:15] [DEBUG] [src/BB.c:218] obstacles forces: 0.000000 0.000000
[2025-11-25 03:59:15] [DEBUG] [src/drone.c:62] Ch = f
[2025-11-25 03:59:15] [DEBUG] [src/drone.c:104] Position: X: 1.000000 Y: 1.000000
[2025-11-25 03:59:15] [DEBUG] [src/obstacle.c:120] The char is f
[2025-11-25 03:59:15] [DEBUG] [src/BB.c:218] obstacles forces: 0.000000 0.000000
[2025-11-25 03:59:15] [DEBUG] [src/drone.c:62] Ch = f
[2025-11-25 03:59:15] [DEBUG] [src/drone.c:104] Position: X: 1.000000 Y: 1.000000
[2025-11-25 03:59:16] [DEBUG] [src/obstacle.c:120] The char is f
[2025-11-25 03:59:16] [DEBUG] [src/BB.c:218] obstacles forces: 0.000000 0.000000
[2025-11-25 03:59:16] [DEBUG] [src/drone.c:62] Ch = f
[2025-11-25 03:59:16] [DEBUG] [src/drone.c:104] Position: X: 1.000000 Y: 1.000000
[2025-11-25 03:59:16] [DEBUG] [src/obstacle.c:120] The char is f
[2025-11-25 03:59:16] [DEBUG] [src/BB.c:218] obstacles forces: 0.000000 0.000000
[2025-11-25 03:59:16] [DEBUG] [src/drone.c:62] Ch = f
[2025-11-25 03:59:16] [DEBUG] [src/drone.c:104] Position: X: 1.000000 Y: 1.000000
[2025-11-25 03:59:16] [DEBUG] [src/obstacle.c:120] The char is f
[2025-11-25 03:59:16] [DEBUG] [src/BB.c:218] obstacles forces: 0.000000 0.000000
[2025-11-25 03:59:16] [DEBUG] [src/drone.c:62] Ch = f
[2025-11-25 03:59:16] [DEBUG] [src/drone.c:104] Position: X: 1.000000 Y: 1.000000
[2025-11-25 03:59:16] [DEBUG] [src/obstacle.c:120] The char is f
[2025-11-25 03:59:16] [DEBUG] [src/BB.c:218] obstacles forces: 0.000000 0.000000
[2025-11-25 03:59:16] [DEBUG] [src/drone.c:62] Ch = f
[2025-11-25 03:59:16] [DEBUG] [src/drone.c:104] Position: X: 1.000000 Y: 1.000000
[2025-11-25 03:59:16] [DEBUG] [src/obstacle.c:120] The char is f
[2025-11-25 03:59:16] [DEBUG] [src/BB.c:218] obstacles forces: 0.000000 0.000000
[2025-11-25 03:59:16] [DEBUG] [src/drone.c:62] Ch = f
[2025-11-25 03:59:16] [DEBUG] [src/drone.c:104] Position: X: 1.000000 Y: 1.000000
[2025-11-25 03:59:16] [DEBUG] [src/obstacle.c:120] The char is f
[2025-11-25 03:59:16] [DEBUG] [src/BB.c:218] obstacles forces: 0.000000 0.000000
[2025-11-25 03:59:16] [DEBUG] [src/drone.c:62] Ch = f
[2025-11-25 03:59:16] [DEBUG] [src/drone.c:104] Position: X: 1.000000 Y: 1.000000
[2025-11-25 03:59:16] [DEBUG] [src/obstacle.c:120] The char is f
[2025-11-25 03:59:16] [DEBUG] [src/BB.c:218] obstacles forces: 0.000000 0.000000
[2025-11-25 03:59:16] [DEBUG] [src/drone.c:62] Ch = f
[2025-11-25 03:59:16] [DEBUG] [src/drone.c:104] Position: X: 1.000000 Y: 1.000000
[2025-11-25 03:59:16] [DEBUG] [src/obstacle.c:120] The char is f
[2025-11-25 03:59:16] [DEBUG] [src/BB.c:218] obstacles forces: 0.000000 0.000000
[2025-11-25 03:59:16] [DEBUG] [src/drone.c:62] Ch = f
[2025-11-25 03:59:16] [DEBUG] [src/drone.c:104] Position: X: 1.000000 Y: 1.000000
[2025-11-25 03:59:16] [DEBUG] [src/obstacle.c:120] The char is f
[2025-11-25 03:59:16] [DEBUG] [src/BB.c:218] obstacles forces: 0.000000 0.000000
[2025-11-25 03:59:16] [DEBUG] [src/drone.c:62] Ch = f
[2025-11-25 03:59:16] [DEBUG] [src/drone.c:104] Position: X: 1.000000 Y: 1.000000
[2025-11-25 03:59:16] [DEBUG] [src/obstacle.c:120] The char is f
[2025-11-25 03:59:16] [DEBUG] [src/BB.c:218] obstacles forces: 0.000000 0.000000
[2025-11-25 03:59:16] [DEBUG] [src/drone.c:62] Ch = f
[2025-11-25 03:59:16] [DEBUG] [src/drone.c:104] Position: X: 1.000000 Y: 1.000000
[2025-11-25 03:59:17] [DEBUG] [src/obstacle.c:120] The char is f
[2025-11-25 03:59:17] [DEBUG] [src/BB.c:218] obstacles forces: 0.000000 0.000000
[2025-11-25 03:59:17] [DEBUG] [src/drone.c:62] Ch = f
[2025-11-25 03:59:17] [DEBUG] [src/drone.c:104] Position: X: 1.000000 Y: 1.000000
[2025-11-25 03:59:17] [DEBUG] [src/obstacle.c:120] The char is f
[2025-11-25 03:59:17] [DEBUG] [src/BB.c:218] obstacles forces: 0.000000 0.000000
[2025-11-25 03:59:17] [DEBUG] [src/drone.c:62] Ch = f
[2025-11-25 03:59:17] [DEBUG] [src/drone.c:104] Position: X: 1.000000 Y: 1.000000
[2025-11-25 03:59:17] [DEBUG] [src/obstacle.c:120] The char is f
[2025-11-25 03:59:17] [DEBUG] [src/BB.c:218] obstacles forces: 0.000000 0.000000
[2025-11-25 03:59:17] [DEBUG] [src/drone.c:62] Ch = f
[2025-11-25 03:59:17] [DEBUG] [src/drone.c:104] Position: X: 1.000000 Y: 1.000000
[2025-11-25 03:59:17] [DEBUG] [src/obstacle.c:120] The char is f
[2025-11-25 03:59:17] [DEBUG] [src/BB.c:218] obstacles forces: 0.000000 0.000000
[2025-11-25 03:59:17] [DEBUG] [src/drone.c:62] Ch = f
[2025-11-25 03:59:17] [DEBUG] [src/drone.c:104] Position: X: 1.000000 Y: 1.000000
[2025-11-25 03:59:17] [DEBUG] [src/obstacle.c:120] The char is f
[2025-11-25 03:59:17] [DEBUG] [src/BB.c:218] obstacles forces: 0.000000 0.000000
[2025-11-25 03:59:17] [DEBUG] [src/drone.c:62] Ch = f
[2025-11-25 03:59:17] [DEBUG] [src/drone.c:104] Position: X: 1.000000 Y: 1.000000
[2025-11-25 03:59:17] [DEBUG] [src/obstacle.c:120] The char is f
[2025-11-25 03:59:17] [DEBUG] [src/BB.c:218] obstacles forces: 0.000000 0.000000
[2025-11-25 03:59:17] [DEBUG] [src/drone.c:62] Ch = f
[2025-11-25 03:59:17] [DEBUG] [src/drone.c:104] Position: X: 1.000000 Y: 1.000000
[2025-11-25 03:59:17] [DEBUG] [src/obstacle.c:120] The char is f
[2025-11-25 03:59:17] [DEBUG] [src/BB.c:218] obstacles forces: 0.000000 0.000000
[2025-11-25 03:59:17] [DEBUG] [src/drone.c:62] Ch = f
[2025-11-25 03:59:17] [DEBUG] [src/drone.c:104] Position: X: 1.000000 Y: 1.000000
[2025-11-25 03:59:17] [DEBUG] [src/obstacle.c:120] The char is f
[2025-11-25 03:59:17] [DEBUG] [src/BB.c:218] obstacles forces: 0.000000 0.000000
[2025-11-25 03:59:17] [DEBUG] [src/drone.c:62] Ch = f
[2025-11-25 03:59:17] [DEBUG] [src/drone.c:104] Position: X: 1.000000 Y: 1.000000
[2025-11-25 03:59:17] [DEBUG] [src/obstacle.c:120] The char is f
[2025-11-25 03:59:17] [DEBUG] [src/BB.c:218] obstacles forces: 0.000000 0.000000
[2025-11-25 03:59:17] [DEBUG] [src/drone.c:62] Ch = f
[2025-11-25 03:59:17] [DEBUG] [src/drone.c:104] Position: X: 1.000000 Y: 1.000000
[2025-11-25 03:59:17] [DEBUG] [src/obstacle.c:120] The char is f
[2025-11-25 03:59:17] [DEBUG] [src/BB.c:218] obstacles forces: 0.000000 0.000000
[2025-11-25 03:59:17] [DEBUG] [src/drone.c:62] Ch = f
[2025-11-25 03:59:17] [DEBUG] [src/drone.c:104] Position: X: 1.000000 Y: 1.000000
[2025-11-25 03:59:18] [DEBUG] [src/obstacle.c:120] The char is f
[2025-11-25 03:59:18] [DEBUG] [src/BB.c:218] obstacles forces: 0.000000 0.000000
[2025-11-25 03:59:18] [DEBUG] [src/drone.c:62] Ch = f
[2025-11-25 03:59:18] [DEBUG] [src/drone.c:104] Position: X: 1.000000 Y: 1.000000
[2025-11-25 03:59:18] [DEBUG] [src/obstacle.c:120] The char is f
[2025-11-25 03:59:18] [DEBUG] [src/BB.c:218] obstacles forces: 0.000000 0.000000
[2025-11-25 03:59:18] [DEBUG] [src/drone.c:62] Ch = f
[2025-11-25 03:59:18] [DEBUG] [src/drone.c:104] Position: X: 1.000000 Y: 1.000000
[2025-11-25 03:59:18] [DEBUG] [src/obstacle.c:120] The char is f
[2025-11-25 03:59:18] [DEBUG] [src/BB.c:218] obstacles forces: 0.000000 0.000000
[2025-11-25 03:59:18] [DEBUG] [src/drone.c:62] Ch = f
[2025-11-25 03:59:18] [DEBUG] [src/drone.c:104] Position: X: 1.000000 Y: 1.000000
[2025-11-25 03:59:18] [DEBUG] [src/obstacle.c:120] The char is f
[2025-11-25 03:59:18] [DEBUG] [src/BB.c:218] obstacles forces: 0.000000 0.000000
[2025-11-25 03:59:18] [DEBUG] [src/drone.c:62] Ch = f
[2025-11-25 03:59:18] [DEBUG] [src/drone.c:104] Position: X: 1.000000 Y: 1.000000
[2025-11-25 03:59:18] [DEBUG] [src/obstacle.c:120] The char is f
[2025-11-25 03:59:18] [DEBUG] [src/BB.c:218] obstacles forces: 0.000000 0.000000
[2025-11-25 03:59:18] [DEBUG] [src/drone.c:62] Ch = f
[2025-11-25 03:59:18] [DEBUG] [src/drone.c:104] Position: X: 1.000000 Y: 1.000000
[2025-11-25 03:59:18] [DEBUG] [src/obstacle.c:120] The char is f
[2025-11-25 03:59:18] [DEBUG] [src/BB.c:218] obstacles forces: 0.000000 0.000000
[2025-11-25 03:59:18] [DEBUG] [src/drone.c:62] Ch = f
[2025-11-25 03:59:18] [DEBUG] [src/drone.c:104] Position: X: 1.000000 Y: 1.000000
[2025-11-25 03:59:18] [DEBUG] [src/obstacle.c:120] The char is f
[2025-11-25 03:59:18] [DEBUG] [src/BB.c:218] obstacles forces: 0.000000 0.000000
[2025-11-25 03:59:18] [DEBUG] [src/drone.c:62] Ch = f
[2025-11-25 03:59:18] [DEBUG] [src/drone.c:104] Position: X: 1.000000 Y: 1.000000
[2025-11-25 03:59:18] [DEBUG] [src/obstacle.c:120] The char is f
[2025-11-25 03:59:18] [DEBUG] [src/BB.c:218] obstacles forces: 0.000000 0.000000
[2025-11-25 03:59:18] [DEBUG] [src/drone.c:62] Ch = f
[2025-11-25 03:59:18] [DEBUG] [src/drone.c:104] Position: X: 1.000000 Y: 1.000000
[2025-11-25 03:59:18] [DEBUG] [src/obstacle.c:120] The char is f
[2025-11-25 03:59:18] [DEBUG] [src/BB.c:218] obstacles forces: 0.000000 0.000000
[2025-11-25 03:59:18] [DEBUG] [src/drone.c:62] Ch = f
[2025-11-25 03:59:18] [DEBUG] [src/drone.c:104] Position: X: 1.000000 Y: 1.000000
[2025-11-25 03:59:18] [DEBUG] [src/obstacle.c:120] The char is f
[2025-11-25 03:59:18] [DEBUG] [src/BB.c:218] obstacles forces: 0.000000 0.000000
[2025-11-25 03:59:18] [DEBUG] [src/drone.c:62] Ch = f
[2025-11-25 03:59:18] [DEBUG] [src/drone.c:104] Position: X: 1.000000 Y: 1.000000
[2025-11-25 03:59:19] [DEBUG] [src/obstacle.c:120] The char is f
[2025-11-25 03:59:19] [DEBUG] [src/BB.c:218] obstacles forces: 0.000000 0.000000
[2025-11-25 03:59:19] [DEBUG] [src/drone.c:62] Ch = f
[2025-11-25 03:59:19] [DEBUG] [src/drone.c:104] Position: X: 1.000000 Y: 1.000000
[2025-11-25 03:59:19] [DEBUG] [src/obstacle.c:120] The char is f
[2025-11-25 03:59:19] [DEBUG] [src/BB.c:218] obstacles forces: 0.000000 0.000000
[2025-11-25 03:59:19] [DEBUG] [src/drone.c:62] Ch = f
[2025-11-25 03:59:19] [DEBUG] [src/drone.c:104] Position: X: 1.000000 Y: 1.000000
[2025-11-25 03:59:19] [DEBUG] [src/obstacle.c:120] The char is f
[2025-11-25 03:59:19] [DEBUG] [src/BB.c:218] obstacles forces: 0.000000 0.000000
[2025-11-25 03:59:19] [DEBUG] [src/drone.c:62] Ch = f
[2025-11-25 03:59:19] [DEBUG] [src/drone.c:104] Position: X: 1.000000 Y: 1.000000
[2025-11-25 03:59:19] [DEBUG] [src/obstacle.c:120] The char is f
[2025-11-25 03:59:19] [DEBUG] [src/BB.c:218] obstacles forces: 0.000000 0.000000
[2025-11-25 03:59:19] [DEBUG] [src/drone.c:62] Ch = f
[2025-11-25 03:59:19] [DEBUG] [src/drone.c:104] Position: X: 1.000000 Y: 1.000000
[2025-11-25 03:59:19] [DEBUG] [src/obstacle.c:120] The char is f
[2025-11-25 03:59:19] [DEBUG] [src/BB.c:218] obstacles forces: 0.000000 0.000000
[2025-11-25 03:59:19] [DEBUG] [src/drone.c:62] Ch = f
[2025-11-25 03:59:19] [DEBUG] [src/drone.c:104] Position: X: 1.000000 Y: 1.000000
[2025-11-25 03:59:19] [DEBUG] [src/obstacle.c:120] The char is f
[2025-11-25 03:59:19] [DEBUG] [src/BB.c:218] obstacles forces: 0.000000 0.000000
[2025-11-25 03:59:19] [DEBUG] [src/drone.c:62] Ch = f
[2025-11-25 03:59:19] [DEBUG] [src/drone.c:104] Position: X: 1.000000 Y: 1.000000
[2025-11-25 03:59:19] [DEBUG] [src/obstacle.c:120] The char is f
[2025-11-25 03:59:19] [DEBUG] [src/BB.c:218] obstacles forces: 0.000000 0.000000
[2025-11-25 03:59:19] [DEBUG] [src/drone.c:62] Ch = f
[2025-11-25 03:59:19] [DEBUG] [src/drone.c:104] Position: X: 1.000000 Y: 1.000000
[2025-11-25 03:59:19] [DEBUG] [src/obstacle.c:120] The char is f
[2025-11-25 03:59:19] [DEBUG] [src/BB.c:218] obstacles forces: 0.000000 0.000000
[2025-11-25 03:59:19] [DEBUG] [src/drone.c:62] Ch = f
[2025-11-25 03:59:19] [DEBUG] [src/drone.c:104] Position: X: 1.000000 Y: 1.000000
[2025-11-25 03:59:19] [DEBUG] [src/obstacle.c:120] The char is f
[2025-11-25 03:59:19] [DEBUG] [src/BB.c:218] obstacles forces: 0.000000 0.000000
[2025-11-25 03:59:19] [DEBUG] [src/drone.c:62] Ch = f
[2025-11-25 03:59:19] [DEBUG] [src/drone.c:104] Position: X: 1.000000 Y: 1.000000
[2025-11-25 03:59:19] [DEBUG] [src/obstacle.c:120] The char is f
[2025-11-25 03:59:19] [DEBUG] [src/BB.c:218] obstacles forces: 0.000000 0.000000
[2025-11-25 03:59:19] [DEBUG] [src/drone.c:62] Ch = f
[2025-11-25 03:59:19] [DEBUG] [src/drone.c:104] Position: X: 1.000000 Y: 1.000000
[2025-11-25 03:59:20] [DEBUG] [src/obstacle.c:120] The char is f
[2025-11-25 03:59:20] [DEBUG] [src/BB.c:218] obstacles forces: 0.000000 0.000000
[2025-11-25 03:59:20] [DEBUG] [src/drone.c:62] Ch = f
[2025-11-25 03:59:20] [DEBUG] [src/drone.c:104] Position: X: 1.000000 Y: 1.000000
[2025-11-25 03:59:20] [DEBUG] [src/obstacle.c:120] The char is f
[2025-11-25 03:59:20] [DEBUG] [src/BB.c:218] obstacles forces: 0.000000 0.000000
[2025-11-25 03:59:20] [DEBUG] [src/drone.c:62] Ch = f
[2025-11-25 03:59:20] [DEBUG] [src/drone.c:104] Position: X: 1.000000 Y: 1.000000
[2025-11-25 03:59:20] [DEBUG] [src/obstacle.c:120] The char is f
[2025-11-25 03:59:20] [DEBUG] [src/BB.c:218] obstacles forces: 0.000000 0.000000
[2025-11-25 03:59:20] [DEBUG] [src/drone.c:62] Ch = f
[2025-11-25 03:59:20] [DEBUG] [src/drone.c:104] Position: X: 1.000000 Y: 1.000000
[2025-11-25 03:59:20] [DEBUG] [src/obstacle.c:120] The char is f
[2025-11-25 03:59:20] [DEBUG] [src/BB.c:218] obstacles forces: 0.000000 0.000000
[2025-11-25 03:59:20] [DEBUG] [src/drone.c:62] Ch = f
[2025-11-25 03:59:20] [DEBUG] [src/drone.c:104] Position: X: 1.000000 Y: 1.000000
[2025-11-25 03:59:20] [DEBUG] [src/obstacle.c:120] The char is f
[2025-11-25 03:59:20] [DEBUG] [src/BB.c:218] obstacles forces: 0.000000 0.000000
[2025-11-25 03:59:20] [DEBUG] [src/drone.c:62] Ch = f
[2025-11-25 03:59:20] [DEBUG] [src/drone.c:104] Position: X: 1.000000 Y: 1.000000
[2025-11-25 03:59:20] [DEBUG] [src/obstacle.c:120] The char is f
[2025-11-25 03:59:20] [DEBUG] [src/BB.c:218] obstacles forces: 0.000000 0.000000
[2025-11-25 03:59:20] [DEBUG] [src/drone.c:62] Ch = f
[2025-11-25 03:59:20] [DEBUG] [src/drone.c:104] Position: X: 1.000000 Y: 1.000000
[2025-11-25 03:59:20] [DEBUG] [src/obstacle.c:120] The char is f
[2025-11-25 03:59:20] [DEBUG] [src/BB.c:218] obstacles forces: 0.000000 0.000000
[2025-11-25 03:59:20] [DEBUG] [src/drone.c:62] Ch = f
[2025-11-25 03:59:20] [DEBUG] [src/drone.c:104] Position: X: 1.000000 Y: 1.000000
[2025-11-25 03:59:20] [DEBUG] [src/obstacle.c:120] The char is f
[2025-11-25 03:59:20] [DEBUG] [src/BB.c:218] obstacles forces: 0.000000 0.000000
[2025-11-25 03:59:20] [DEBUG] [src/drone.c:62] Ch = f
[2025-11-25 03:59:20] [DEBUG] [src/drone.c:104] Position: X: 1.000000 Y: 1.000000
[2025-11-25 03:59:20] [DEBUG] [src/obstacle.c:120] The char is f
[2025-11-25 03:59:20] [DEBUG] [src/BB.c:218] obstacles forces: 0.000000 0.000000
[2025-11-25 03:59:20] [DEBUG] [src/drone.c:62] Ch = f
[2025-11-25 03:59:20] [DEBUG] [src/drone.c:104] Position: X: 1.000000 Y: 1.000000
[2025-11-25 03:59:20] [DEBUG] [src/obstacle.c:120] The char is f
[2025-11-25 03:59:20] [DEBUG] [src/BB.c:218] obstacles forces: 0.000000 0.000000
[2025-11-25 03:59:20] [DEBUG] [src/drone.c:62] Ch = f
[2025-11-25 03:59:20] [DEBUG] [src/drone.c:104] Position: X: 1.000000 Y: 1.000000
[2025-11-25 03:59:21] [DEBUG] [src/obstacle.c:120] The char is f
[2025-11-25 03:59:21] [DEBUG] [src/BB.c:218] obstacles forces: 0.000000 0.000000
[2025-11-25 03:59:21] [DEBUG] [src/drone.c:62] Ch = f
[2025-11-25 03:59:21] [DEBUG] [src/drone.c:104] Position: X: 1.000000 Y: 1.000000
[2025-11-25 03:59:21] [DEBUG] [src/obstacle.c:120] The char is f
[2025-11-25 03:59:21] [DEBUG] [src/BB.c:218] obstacles forces: 0.000000 0.000000
[2025-11-25 03:59:21] [DEBUG] [src/drone.c:62] Ch = f
[2025-11-25 03:59:21] [DEBUG] [src/drone.c:104] Position: X: 1.000000 Y: 1.000000
[2025-11-25 03:59:21] [DEBUG] [src/obstacle.c:120] The char is f
[2025-11-25 03:59:21] [DEBUG] [src/BB.c:218] obstacles forces: 0.000000 0.000000
[2025-11-25 03:59:21] [DEBUG] [src/drone.c:62] Ch = f
[2025-11-25 03:59:21] [DEBUG] [src/drone.c:104] Position: X: 1.000000 Y: 1.000000
[2025-11-25 03:59:21] [DEBUG] [src/obstacle.c:120] The char is f
[2025-11-25 03:59:21] [DEBUG] [src/BB.c:218] obstacles forces: 0.000000 0.000000
[2025-11-25 03:59:21] [DEBUG] [src/drone.c:62] Ch = f
[2025-11-25 03:59:21] [DEBUG] [src/drone.c:104] Position: X: 1.000000 Y: 1.000000
[2025-11-25 03:59:21] [DEBUG] [src/obstacle.c:120] The char is f
[2025-11-25 03:59:21] [DEBUG] [src/BB.c:218] obstacles forces: 0.000000 0.000000
[2025-11-25 03:59:21] [DEBUG] [src/drone.c:62] Ch = f
[2025-11-25 03:59:21] [DEBUG] [src/drone.c:104] Position: X: 1.000000 Y: 1.000000
[2025-11-25 03:59:21] [DEBUG] [src/obstacle.c:120] The char is f
[2025-11-25 03:59:21] [DEBUG] [src/BB.c:218] obstacles forces: 0.000000 0.000000
[2025-11-25 03:59:21] [DEBUG] [src/drone.c:62] Ch = f
[2025-11-25 03:59:21] [DEBUG] [src/drone.c:104] Position: X: 1.000000 Y: 1.000000
[2025-11-25 03:59:21] [DEBUG] [src/obstacle.c:120] The char is f
[2025-11-25 03:59:21] [DEBUG] [src/BB.c:218] obstacles forces: 0.000000 0.000000
[2025-11-25 03:59:21] [DEBUG] [src/drone.c:62] Ch = f
[2025-11-25 03:59:21] [DEBUG] [src/drone.c:104] Position: X: 1.000000 Y: 1.000000
[2025-11-25 03:59:21] [DEBUG] [src/obstacle.c:120] The char is f
[2025-11-25 03:59:21] [DEBUG] [src/BB.c:218] obstacles forces: 0.000000 0.000000
[2025-11-25 03:59:21] [DEBUG] [src/drone.c:62] Ch = f
[2025-11-25 03:59:21] [DEBUG] [src/drone.c:104] Position: X: 1.000000 Y: 1.000000
[2025-11-25 03:59:21] [DEBUG] [src/obstacle.c:120] The char is f
[2025-11-25 03:59:21] [DEBUG] [src/BB.c:218] obstacles forces: 0.000000 0.000000
[2025-11-25 03:59:21] [DEBUG] [src/drone.c:62] Ch = f
[2025-11-25 03:59:21] [DEBUG] [src/drone.c:104] Position: X: 1.000000 Y: 1.000000
[2025-11-25 03:59:21] [DEBUG] [src/obstacle.c:120] The char is f
[2025-11-25 03:59:21] [DEBUG] [src/BB.c:218] obstacles forces: 0.000000 0.000000
[2025-11-25 03:59:21] [DEBUG] [src/drone.c:62] Ch = f
[2025-11-25 03:59:21] [DEBUG] [src/drone.c:104] Position: X: 1.000000 Y: 1.000000
[2025-11-25 03:59:22] [DEBUG] [src/obstacle.c:120] The char is f
[2025-11-25 03:59:22] [DEBUG] [src/BB.c:218] obstacles forces: 0.000000 0.000000
[2025-11-25 03:59:22] [DEBUG] [src/drone.c:62] Ch = f
[2025-11-25 03:59:22] [DEBUG] [src/drone.c:104] Position: X: 1.000000 Y: 1.000000
[2025-11-25 03:59:22] [DEBUG] [src/obstacle.c:120] The char is f
[2025-11-25 03:59:22] [DEBUG] [src/BB.c:218] obstacles forces: 0.000000 0.000000
[2025-11-25 03:59:22] [DEBUG] [src/drone.c:62] Ch = f
[2025-11-25 03:59:22] [DEBUG] [src/drone.c:104] Position: X: 1.000000 Y: 1.000000
[2025-11-25 03:59:22] [DEBUG] [src/obstacle.c:120] The char is f
[2025-11-25 03:59:22] [DEBUG] [src/BB.c:218] obstacles forces: 0.000000 0.000000
[2025-11-25 03:59:22] [DEBUG] [src/drone.c:62] Ch = f
[2025-11-25 03:59:22] [DEBUG] [src/drone.c:104] Position: X: 1.000000 Y: 1.000000
[2025-11-25 03:59:22] [DEBUG] [src/obstacle.c:120] The char is f
[2025-11-25 03:59:22] [DEBUG] [src/BB.c:218] obstacles forces: 0.000000 0.000000
[2025-11-25 03:59:22] [DEBUG] [src/drone.c:62] Ch = f
[2025-11-25 03:59:22] [DEBUG] [src/drone.c:104] Position: X: 1.000000 Y: 1.000000
[2025-11-25 03:59:22] [DEBUG] [src/obstacle.c:120] The char is f
[2025-11-25 03:59:22] [DEBUG] [src/BB.c:218] obstacles forces: 0.000000 0.000000
[2025-11-25 03:59:22] [DEBUG] [src/drone.c:62] Ch = f
[2025-11-25 03:59:22] [DEBUG] [src/drone.c:104] Position: X: 1.000000 Y: 1.000000
[2025-11-25 03:59:22] [DEBUG] [src/obstacle.c:120] The char is f
[2025-11-25 03:59:22] [DEBUG] [src/BB.c:218] obstacles forces: 0.000000 0.000000
[2025-11-25 03:59:22] [DEBUG] [src/drone.c:62] Ch = f
[2025-11-25 03:59:22] [DEBUG] [src/drone.c:104] Position: X: 1.000000 Y: 1.000000
[2025-11-25 03:59:22] [DEBUG] [src/obstacle.c:120] The char is f
[2025-11-25 03:59:22] [DEBUG] [src/BB.c:218] obstacles forces: 0.000000 0.000000
[2025-11-25 03:59:22] [DEBUG] [src/drone.c:62] Ch = f
[2025-11-25 03:59:22] [DEBUG] [src/drone.c:104] Position: X: 1.000000 Y: 1.000000
[2025-11-25 03:59:22] [DEBUG] [src/obstacle.c:120] The char is f
[2025-11-25 03:59:22] [DEBUG] [src/BB.c:218] obstacles forces: 0.000000 0.000000
[2025-11-25 03:59:22] [DEBUG] [src/drone.c:62] Ch = f
[2025-11-25 03:59:22] [DEBUG] [src/drone.c:104] Position: X: 1.000000 Y: 1.000000
[2025-11-25 03:59:22] [DEBUG] [src/obstacle.c:120] The char is f
[2025-11-25 03:59:22] [DEBUG] [src/BB.c:218] obstacles forces: 0.000000 0.000000
[2025-11-25 03:59:22] [DEBUG] [src/drone.c:62] Ch = f
[2025-11-25 03:59:22] [DEBUG] [src/drone.c:104] Position: X: 1.000000 Y: 1.000000
[2025-11-25 03:59:22] [DEBUG] [src/obstacle.c:120] The char is f
[2025-11-25 03:59:22] [DEBUG] [src/BB.c:218] obstacles forces: 0.000000 0.000000
[2025-11-25 03:59:22] [DEBUG] [src/drone.c:62] Ch = f
[2025-11-25 03:59:22] [DEBUG] [src/drone.c:104] Position: X: 1.000000 Y: 1.000000
[2025-11-25 03:59:23] [DEBUG] [src/obstacle.c:120] The char is f
[2025-11-25 03:59:23] [DEBUG] [src/BB.c:218] obstacles forces: 0.000000 0.000000
[2025-11-25 03:59:23] [DEBUG] [src/drone.c:62] Ch = f
[2025-11-25 03:59:23] [DEBUG] [src/drone.c:104] Position: X: 1.000000 Y: 1.000000
[2025-11-25 03:59:23] [DEBUG] [src/obstacle.c:120] The char is f
[2025-11-25 03:59:23] [DEBUG] [src/BB.c:218] obstacles forces: 0.000000 0.000000
[2025-11-25 03:59:23] [DEBUG] [src/drone.c:62] Ch = f
[2025-11-25 03:59:23] [DEBUG] [src/drone.c:104] Position: X: 1.000000 Y: 1.000000
[2025-11-25 03:59:23] [DEBUG] [src/obstacle.c:120] The char is f
[2025-11-25 03:59:23] [DEBUG] [src/BB.c:218] obstacles forces: 0.000000 0.000000
[2025-11-25 03:59:23] [DEBUG] [src/drone.c:62] Ch = f
[2025-11-25 03:59:23] [DEBUG] [src/drone.c:104] Position: X: 1.000000 Y: 1.000000
[2025-11-25 03:59:23] [DEBUG] [src/obstacle.c:120] The char is f
[2025-11-25 03:59:23] [DEBUG] [src/BB.c:218] obstacles forces: 0.000000 0.000000
[2025-11-25 03:59:23] [DEBUG] [src/drone.c:62] Ch = f
[2025-11-25 03:59:23] [DEBUG] [src/drone.c:104] Position: X: 1.000000 Y: 1.000000
[2025-11-25 03:59:23] [DEBUG] [src/obstacle.c:120] The char is f
[2025-11-25 03:59:23] [DEBUG] [src/BB.c:218] obstacles forces: 0.000000 0.000000
[2025-11-25 03:59:23] [DEBUG] [src/drone.c:62] Ch = f
[2025-11-25 03:59:23] [DEBUG] [src/drone.c:104] Position: X: 1.000000 Y: 1.000000
[2025-11-25 03:59:23] [DEBUG] [src/obstacle.c:120] The char is f
[2025-11-25 03:59:23] [DEBUG] [src/BB.c:218] obstacles forces: 0.000000 0.000000
[2025-11-25 03:59:23] [DEBUG] [src/drone.c:62] Ch = f
[2025-11-25 03:59:23] [DEBUG] [src/drone.c:104] Position: X: 1.000000 Y: 1.000000
[2025-11-25 03:59:23] [DEBUG] [src/obstacle.c:120] The char is f
[2025-11-25 03:59:23] [DEBUG] [src/BB.c:218] obstacles forces: 0.000000 0.000000
[2025-11-25 03:59:23] [DEBUG] [src/drone.c:62] Ch = f
[2025-11-25 03:59:23] [DEBUG] [src/drone.c:104] Position: X: 1.000000 Y: 1.000000
[2025-11-25 03:59:23] [DEBUG] [src/obstacle.c:120] The char is f
[2025-11-25 03:59:23] [DEBUG] [src/BB.c:218] obstacles forces: 0.000000 0.000000
[2025-11-25 03:59:23] [DEBUG] [src/drone.c:62] Ch = f
[2025-11-25 03:59:23] [DEBUG] [src/drone.c:104] Position: X: 1.000000 Y: 1.000000
[2025-11-25 03:59:23] [DEBUG] [src/obstacle.c:120] The char is f
[2025-11-25 03:59:23] [DEBUG] [src/BB.c:218] obstacles forces: 0.000000 0.000000
[2025-11-25 03:59:23] [DEBUG] [src/drone.c:62] Ch = f
[2025-11-25 03:59:23] [DEBUG] [src/drone.c:104] Position: X: 1.000000 Y: 1.000000
[2025-11-25 03:59:23] [DEBUG] [src/obstacle.c:120] The char is f
[2025-11-25 03:59:23] [DEBUG] [src/BB.c:218] obstacles forces: 0.000000 0.000000
[2025-11-25 03:59:23] [DEBUG] [src/drone.c:62] Ch = f
[2025-11-25 03:59:23] [DEBUG] [src/drone.c:104] Position: X: 1.000000 Y: 1.000000
[2025-11-25 03:59:24] [DEBUG] [src/obstacle.c:120] The char is f
[2025-11-25 03:59:24] [DEBUG] [src/BB.c:218] obstacles forces: 0.000000 0.000000
[2025-11-25 03:59:24] [DEBUG] [src/drone.c:62] Ch = f
[2025-11-25 03:59:24] [DEBUG] [src/drone.c:104] Position: X: 1.000000 Y: 1.000000
[2025-11-25 03:59:24] [DEBUG] [src/obstacle.c:120] The char is f
[2025-11-25 03:59:24] [DEBUG] [src/BB.c:218] obstacles forces: 0.000000 0.000000
[2025-11-25 03:59:24] [DEBUG] [src/drone.c:62] Ch = f
[2025-11-25 03:59:24] [DEBUG] [src/drone.c:104] Position: X: 1.000000 Y: 1.000000
[2025-11-25 03:59:24] [DEBUG] [src/obstacle.c:120] The char is f
[2025-11-25 03:59:24] [DEBUG] [src/BB.c:218] obstacles forces: 0.000000 0.000000
[2025-11-25 03:59:24] [DEBUG] [src/drone.c:62] Ch = f
[2025-11-25 03:59:24] [DEBUG] [src/drone.c:104] Position: X: 1.000000 Y: 1.000000
[2025-11-25 03:59:24] [DEBUG] [src/obstacle.c:120] The char is f
[2025-11-25 03:59:24] [DEBUG] [src/BB.c:218] obstacles forces: 0.000000 0.000000
[2025-11-25 03:59:24] [DEBUG] [src/drone.c:62] Ch = f
[2025-11-25 03:59:24] [DEBUG] [src/drone.c:104] Position: X: 1.000000 Y: 1.000000
[2025-11-25 03:59:24] [DEBUG] [src/obstacle.c:120] The char is f
[2025-11-25 03:59:24] [DEBUG] [src/BB.c:218] obstacles forces: 0.000000 0.000000
[2025-11-25 03:59:24] [DEBUG] [src/drone.c:62] Ch = f
[2025-11-25 03:59:24] [DEBUG] [src/drone.c:104] Position: X: 1.000000 Y: 1.000000
[2025-11-25 03:59:24] [DEBUG] [src/obstacle.c:120] The char is f
[2025-11-25 03:59:24] [DEBUG] [src/BB.c:218] obstacles forces: 0.000000 0.000000
[2025-11-25 03:59:24] [DEBUG] [src/drone.c:62] Ch = f
[2025-11-25 03:59:24] [DEBUG] [src/drone.c:104] Position: X: 1.000000 Y: 1.000000
[2025-11-25 03:59:24] [DEBUG] [src/obstacle.c:120] The char is f
[2025-11-25 03:59:24] [DEBUG] [src/BB.c:218] obstacles forces: 0.000000 0.000000
[2025-11-25 03:59:24] [DEBUG] [src/drone.c:62] Ch = f
[2025-11-25 03:59:24] [DEBUG] [src/drone.c:104] Position: X: 1.000000 Y: 1.000000
[2025-11-25 03:59:24] [DEBUG] [src/obstacle.c:120] The char is f
[2025-11-25 03:59:24] [DEBUG] [src/BB.c:218] obstacles forces: 0.000000 0.000000
[2025-11-25 03:59:24] [DEBUG] [src/drone.c:62] Ch = f
[2025-11-25 03:59:24] [DEBUG] [src/drone.c:104] Position: X: 1.000000 Y: 1.000000
[2025-11-25 03:59:24] [DEBUG] [src/obstacle.c:120] The char is f
[2025-11-25 03:59:24] [DEBUG] [src/BB.c:218] obstacles forces: 0.000000 0.000000
[2025-11-25 03:59:24] [DEBUG] [src/drone.c:62] Ch = f
[2025-11-25 03:59:24] [DEBUG] [src/drone.c:104] Position: X: 1.000000 Y: 1.000000
[2025-11-25 03:59:24] [DEBUG] [src/obstacle.c:120] The char is f
[2025-11-25 03:59:24] [DEBUG] [src/BB.c:218] obstacles forces: 0.000000 0.000000
[2025-11-25 03:59:24] [DEBUG] [src/drone.c:62] Ch = f
[2025-11-25 03:59:24] [DEBUG] [src/drone.c:104] Position: X: 1.000000 Y: 1.000000
[2025-11-25 03:59:25] [DEBUG] [src/obstacle.c:120] The char is f
[2025-11-25 03:59:25] [DEBUG] [src/BB.c:218] obstacles forces: 0.000000 0.000000
[2025-11-25 03:59:25] [DEBUG] [src/drone.c:62] Ch = f
[2025-11-25 03:59:25] [DEBUG] [src/drone.c:104] Position: X: 1.000000 Y: 1.000000
[2025-11-25 03:59:25] [DEBUG] [src/obstacle.c:120] The char is f
[2025-11-25 03:59:25] [DEBUG] [src/BB.c:218] obstacles forces: 0.000000 0.000000
[2025-11-25 03:59:25] [DEBUG] [src/drone.c:62] Ch = f
[2025-11-25 03:59:25] [DEBUG] [src/drone.c:104] Position: X: 1.000000 Y: 1.000000
[2025-11-25 03:59:25] [DEBUG] [src/obstacle.c:120] The char is f
[2025-11-25 03:59:25] [DEBUG] [src/BB.c:218] obstacles forces: 0.000000 0.000000
[2025-11-25 03:59:25] [DEBUG] [src/drone.c:62] Ch = f
[2025-11-25 03:59:25] [DEBUG] [src/drone.c:104] Position: X: 1.000000 Y: 1.000000
[2025-11-25 03:59:25] [DEBUG] [src/obstacle.c:120] The char is f
[2025-11-25 03:59:25] [DEBUG] [src/BB.c:218] obstacles forces: 0.000000 0.000000
[2025-11-25 03:59:25] [DEBUG] [src/drone.c:62] Ch = f
[2025-11-25 03:59:25] [DEBUG] [src/drone.c:104] Position: X: 1.000000 Y: 1.000000
[2025-11-25 03:59:25] [DEBUG] [src/obstacle.c:120] The char is f
[2025-11-25 03:59:25] [DEBUG] [src/BB.c:218] obstacles forces: 0.000000 0.000000
[2025-11-25 03:59:25] [DEBUG] [src/drone.c:62] Ch = f
[2025-11-25 03:59:25] [DEBUG] [src/drone.c:104] Position: X: 1.000000 Y: 1.000000
[2025-11-25 03:59:25] [DEBUG] [src/obstacle.c:120] The char is f
[2025-11-25 03:59:25] [DEBUG] [src/BB.c:218] obstacles forces: 0.000000 0.000000
[2025-11-25 03:59:25] [DEBUG] [src/drone.c:62] Ch = f
[2025-11-25 03:59:25] [DEBUG] [src/drone.c:104] Position: X: 1.000000 Y: 1.000000
[2025-11-25 03:59:25] [DEBUG] [src/obstacle.c:120] The char is f
[2025-11-25 03:59:25] [DEBUG] [src/BB.c:218] obstacles forces: 0.000000 0.000000
[2025-11-25 03:59:25] [DEBUG] [src/drone.c:62] Ch = f
[2025-11-25 03:59:25] [DEBUG] [src/drone.c:104] Position: X: 1.000000 Y: 1.000000
[2025-11-25 03:59:25] [DEBUG] [src/obstacle.c:120] The char is f
[2025-11-25 03:59:25] [DEBUG] [src/BB.c:218] obstacles forces: 0.000000 0.000000
[2025-11-25 03:59:25] [DEBUG] [src/drone.c:62] Ch = f
[2025-11-25 03:59:25] [DEBUG] [src/drone.c:104] Position: X: 1.000000 Y: 1.000000
[2025-11-25 03:59:25] [DEBUG] [src/obstacle.c:120] The char is f
[2025-11-25 03:59:25] [DEBUG] [src/BB.c:218] obstacles forces: 0.000000 0.000000
[2025-11-25 03:59:25] [DEBUG] [src/drone.c:62] Ch = f
[2025-11-25 03:59:25] [DEBUG] [src/drone.c:104] Position: X: 1.000000 Y: 1.000000
[2025-11-25 03:59:26] [DEBUG] [src/obstacle.c:120] The char is f
[2025-11-25 03:59:26] [DEBUG] [src/BB.c:218] obstacles forces: 0.000000 0.000000
[2025-11-25 03:59:26] [DEBUG] [src/drone.c:62] Ch = f
[2025-11-25 03:59:26] [DEBUG] [src/drone.c:104] Position: X: 1.000000 Y: 1.000000
[2025-11-25 03:59:26] [DEBUG] [src/obstacle.c:120] The char is f
[2025-11-25 03:59:26] [DEBUG] [src/BB.c:218] obstacles forces: 0.000000 0.000000
[2025-11-25 03:59:26] [DEBUG] [src/drone.c:62] Ch = f
[2025-11-25 03:59:26] [DEBUG] [src/drone.c:104] Position: X: 1.000000 Y: 1.000000
[2025-11-25 03:59:26] [DEBUG] [src/obstacle.c:120] The char is f
[2025-11-25 03:59:26] [DEBUG] [src/BB.c:218] obstacles forces: 0.000000 0.000000
[2025-11-25 03:59:26] [DEBUG] [src/drone.c:62] Ch = f
[2025-11-25 03:59:26] [DEBUG] [src/drone.c:104] Position: X: 1.000000 Y: 1.000000
[2025-11-25 03:59:26] [DEBUG] [src/obstacle.c:120] The char is f
[2025-11-25 03:59:26] [DEBUG] [src/BB.c:218] obstacles forces: 0.000000 0.000000
[2025-11-25 03:59:26] [DEBUG] [src/drone.c:62] Ch = f
[2025-11-25 03:59:26] [DEBUG] [src/drone.c:104] Position: X: 1.000000 Y: 1.000000
[2025-11-25 03:59:26] [DEBUG] [src/obstacle.c:120] The char is f
[2025-11-25 03:59:26] [DEBUG] [src/BB.c:218] obstacles forces: 0.000000 0.000000
[2025-11-25 03:59:26] [DEBUG] [src/drone.c:62] Ch = f
[2025-11-25 03:59:26] [DEBUG] [src/drone.c:104] Position: X: 1.000000 Y: 1.000000
[2025-11-25 03:59:26] [DEBUG] [src/obstacle.c:120] The char is f
[2025-11-25 03:59:26] [DEBUG] [src/BB.c:218] obstacles forces: 0.000000 0.000000
[2025-11-25 03:59:26] [DEBUG] [src/drone.c:62] Ch = f
[2025-11-25 03:59:26] [DEBUG] [src/drone.c:104] Position: X: 1.000000 Y: 1.000000
[2025-11-25 03:59:26] [DEBUG] [src/obstacle.c:120] The char is f
[2025-11-25 03:59:26] [DEBUG] [src/BB.c:218] obstacles forces: 0.000000 0.000000
[2025-11-25 03:59:26] [DEBUG] [src/drone.c:62] Ch = f
[2025-11-25 03:59:26] [DEBUG] [src/drone.c:104] Position: X: 1.000000 Y: 1.000000
[2025-11-25 03:59:26] [DEBUG] [src/obstacle.c:120] The char is f
[2025-11-25 03:59:26] [DEBUG] [src/BB.c:218] obstacles forces: 0.000000 0.000000
[2025-11-25 03:59:26] [DEBUG] [src/drone.c:62] Ch = f
[2025-11-25 03:59:26] [DEBUG] [src/drone.c:104] Position: X: 1.000000 Y: 1.000000
[2025-11-25 03:59:26] [DEBUG] [src/obstacle.c:120] The char is f
[2025-11-25 03:59:26] [DEBUG] [src/BB.c:218] obstacles forces: 0.000000 0.000000
[2025-11-25 03:59:26] [DEBUG] [src/drone.c:62] Ch = f
[2025-11-25 03:59:26] [DEBUG] [src/drone.c:104] Position: X: 1.000000 Y: 1.000000
[2025-11-25 03:59:26] [DEBUG] [src/obstacle.c:120] The char is f
[2025-11-25 03:59:26] [DEBUG] [src/BB.c:218] obstacles forces: 0.000000 0.000000
[2025-11-25 03:59:26] [DEBUG] [src/drone.c:62] Ch = f
[2025-11-25 03:59:26] [DEBUG] [src/drone.c:104] Position: X: 1.000000 Y: 1.000000
[2025-11-25 03:59:26] [DEBUG] [src/I_process.c:78] New forze: 1 0
[2025-11-25 03:59:27] [DEBUG] [src/obstacle.c:120] The char is f
[2025-11-25 03:59:27] [DEBUG] [src/BB.c:218] obstacles forces: 0.000000 0.000000
[2025-11-25 03:59:27] [DEBUG] [src/drone.c:62] Ch = f
[2025-11-25 03:59:27] [DEBUG] [src/drone.c:104] Position: X: 1.166667 Y: 1.000000
[2025-11-25 03:59:27] [DEBUG] [src/obstacle.c:120] The char is f
[2025-11-25 03:59:27] [DEBUG] [src/BB.c:218] obstacles forces: 0.000000 0.000000
[2025-11-25 03:59:27] [DEBUG] [src/drone.c:62] Ch = f
[2025-11-25 03:59:27] [DEBUG] [src/drone.c:104] Position: X: 1.444444 Y: 1.000000
[2025-11-25 03:59:27] [DEBUG] [src/obstacle.c:120] The char is f
[2025-11-25 03:59:27] [DEBUG] [src/BB.c:218] obstacles forces: 0.000000 0.000000
[2025-11-25 03:59:27] [DEBUG] [src/drone.c:62] Ch = f
[2025-11-25 03:59:27] [DEBUG] [src/drone.c:104] Position: X: 1.796296 Y: 1.000000
[2025-11-25 03:59:27] [DEBUG] [src/obstacle.c:120] The char is f
[2025-11-25 03:59:27] [DEBUG] [src/BB.c:218] obstacles forces: 0.000000 0.000000
[2025-11-25 03:59:27] [DEBUG] [src/drone.c:62] Ch = f
[2025-11-25 03:59:27] [DEBUG] [src/drone.c:104] Position: X: 2.197531 Y: 1.000000
[2025-11-25 03:59:27] [DEBUG] [src/obstacle.c:120] The char is f
[2025-11-25 03:59:27] [DEBUG] [src/BB.c:218] obstacles forces: 0.000000 0.000000
[2025-11-25 03:59:27] [DEBUG] [src/drone.c:62] Ch = f
[2025-11-25 03:59:27] [DEBUG] [src/drone.c:104] Position: X: 2.631687 Y: 1.000000
[2025-11-25 03:59:27] [DEBUG] [src/obstacle.c:120] The char is f
[2025-11-25 03:59:27] [DEBUG] [src/BB.c:218] obstacles forces: 0.000000 0.000000
[2025-11-25 03:59:27] [DEBUG] [src/drone.c:62] Ch = f
[2025-11-25 03:59:27] [DEBUG] [src/drone.c:104] Position: X: 3.087791 Y: 1.000000
[2025-11-25 03:59:27] [DEBUG] [src/obstacle.c:120] The char is f
[2025-11-25 03:59:27] [DEBUG] [src/BB.c:218] obstacles forces: 0.000000 0.000000
[2025-11-25 03:59:27] [DEBUG] [src/drone.c:62] Ch = f
[2025-11-25 03:59:27] [DEBUG] [src/drone.c:104] Position: X: 3.558528 Y: 1.000000
[2025-11-25 03:59:27] [DEBUG] [src/obstacle.c:120] The char is f
[2025-11-25 03:59:27] [DEBUG] [src/BB.c:218] obstacles forces: 0.000000 0.000000
[2025-11-25 03:59:27] [DEBUG] [src/drone.c:62] Ch = f
[2025-11-25 03:59:27] [DEBUG] [src/drone.c:104] Position: X: 4.039019 Y: 1.000000
[2025-11-25 03:59:27] [DEBUG] [src/obstacle.c:120] The char is f
[2025-11-25 03:59:27] [DEBUG] [src/BB.c:218] obstacles forces: 0.000000 0.000000
[2025-11-25 03:59:27] [DEBUG] [src/drone.c:62] Ch = f
[2025-11-25 03:59:27] [DEBUG] [src/drone.c:104] Position: X: 4.526012 Y: 1.000000
[2025-11-25 03:59:27] [DEBUG] [src/obstacle.c:120] The char is f
[2025-11-25 03:59:27] [DEBUG] [src/BB.c:218] obstacles forces: 0.000000 0.000000
[2025-11-25 03:59:27] [DEBUG] [src/drone.c:62] Ch = f
[2025-11-25 03:59:27] [DEBUG] [src/drone.c:104] Position: X: 5.017342 Y: 1.000000
[2025-11-25 03:59:28] [DEBUG] [src/obstacle.c:120] The char is f
[2025-11-25 03:59:28] [DEBUG] [src/BB.c:218] obstacles forces: 0.000000 0.000000
[2025-11-25 03:59:28] [DEBUG] [src/drone.c:62] Ch = f
[2025-11-25 03:59:28] [DEBUG] [src/drone.c:104] Position: X: 5.511561 Y: 1.000000
[2025-11-25 03:59:28] [DEBUG] [src/obstacle.c:120] The char is f
[2025-11-25 03:59:28] [DEBUG] [src/BB.c:218] obstacles forces: 0.000000 0.000000
[2025-11-25 03:59:28] [DEBUG] [src/drone.c:62] Ch = f
[2025-11-25 03:59:28] [DEBUG] [src/drone.c:104] Position: X: 6.007707 Y: 1.000000
[2025-11-25 03:59:28] [DEBUG] [src/obstacle.c:120] The char is f
[2025-11-25 03:59:28] [DEBUG] [src/BB.c:218] obstacles forces: 0.000000 0.000000
[2025-11-25 03:59:28] [DEBUG] [src/drone.c:62] Ch = f
[2025-11-25 03:59:28] [DEBUG] [src/drone.c:104] Position: X: 6.505138 Y: 1.000000
[2025-11-25 03:59:28] [DEBUG] [src/obstacle.c:120] The char is f
[2025-11-25 03:59:28] [DEBUG] [src/BB.c:218] obstacles forces: 0.000000 0.000000
[2025-11-25 03:59:28] [DEBUG] [src/drone.c:62] Ch = f
[2025-11-25 03:59:28] [DEBUG] [src/drone.c:104] Position: X: 7.003425 Y: 1.000000
[2025-11-25 03:59:28] [DEBUG] [src/obstacle.c:120] The char is f
[2025-11-25 03:59:28] [DEBUG] [src/BB.c:218] obstacles forces: 0.000000 0.000000
[2025-11-25 03:59:28] [DEBUG] [src/drone.c:62] Ch = f
[2025-11-25 03:59:28] [DEBUG] [src/drone.c:104] Position: X: 7.502283 Y: 1.000000
[2025-11-25 03:59:28] [DEBUG] [src/obstacle.c:120] The char is f
[2025-11-25 03:59:28] [DEBUG] [src/BB.c:218] obstacles forces: 0.000000 0.000000
[2025-11-25 03:59:28] [DEBUG] [src/drone.c:62] Ch = f
[2025-11-25 03:59:28] [DEBUG] [src/drone.c:104] Position: X: 8.001522 Y: 1.000000
[2025-11-25 03:59:28] [DEBUG] [src/obstacle.c:120] The char is f
[2025-11-25 03:59:28] [DEBUG] [src/BB.c:218] obstacles forces: 0.000000 0.000000
[2025-11-25 03:59:28] [DEBUG] [src/drone.c:62] Ch = f
[2025-11-25 03:59:28] [DEBUG] [src/drone.c:104] Position: X: 8.501015 Y: 1.000000
[2025-11-25 03:59:28] [DEBUG] [src/obstacle.c:120] The char is f
[2025-11-25 03:59:28] [DEBUG] [src/BB.c:218] obstacles forces: 0.000000 0.000000
[2025-11-25 03:59:28] [DEBUG] [src/drone.c:62] Ch = f
[2025-11-25 03:59:28] [DEBUG] [src/drone.c:104] Position: X: 9.000676 Y: 1.000000
[2025-11-25 03:59:28] [DEBUG] [src/obstacle.c:120] The char is f
[2025-11-25 03:59:28] [DEBUG] [src/BB.c:218] obstacles forces: 0.000000 0.000000
[2025-11-25 03:59:28] [DEBUG] [src/drone.c:62] Ch = f
[2025-11-25 03:59:28] [DEBUG] [src/drone.c:104] Position: X: 9.500450 Y: 1.000000
[2025-11-25 03:59:28] [DEBUG] [src/obstacle.c:120] The char is f
[2025-11-25 03:59:28] [DEBUG] [src/BB.c:218] obstacles forces: 0.000000 0.000000
[2025-11-25 03:59:28] [DEBUG] [src/drone.c:62] Ch = f
[2025-11-25 03:59:28] [DEBUG] [src/drone.c:104] Position: X: 10.000299 Y: 1.000000
[2025-11-25 03:59:29] [DEBUG] [src/obstacle.c:120] The char is f
[2025-11-25 03:59:29] [DEBUG] [src/BB.c:218] obstacles forces: 0.000000 0.000000
[2025-11-25 03:59:29] [DEBUG] [src/drone.c:62] Ch = f
[2025-11-25 03:59:29] [DEBUG] [src/drone.c:104] Position: X: 10.500199 Y: 1.000000
[2025-11-25 03:59:29] [DEBUG] [src/obstacle.c:120] The char is f
[2025-11-25 03:59:29] [DEBUG] [src/BB.c:218] obstacles forces: 0.000000 0.000000
[2025-11-25 03:59:29] [DEBUG] [src/drone.c:62] Ch = f
[2025-11-25 03:59:29] [DEBUG] [src/drone.c:104] Position: X: 11.000133 Y: 1.000000
[2025-11-25 03:59:29] [DEBUG] [src/I_process.c:78] New forze: 1 1
[2025-11-25 03:59:29] [DEBUG] [src/obstacle.c:120] The char is f
[2025-11-25 03:59:29] [DEBUG] [src/BB.c:218] obstacles forces: 0.000000 0.000000
[2025-11-25 03:59:29] [DEBUG] [src/drone.c:62] Ch = f
[2025-11-25 03:59:29] [DEBUG] [src/drone.c:104] Position: X: 11.500088 Y: 1.166667
[2025-11-25 03:59:29] [DEBUG] [src/obstacle.c:120] The char is f
[2025-11-25 03:59:29] [DEBUG] [src/BB.c:218] obstacles forces: 0.000000 0.000000
[2025-11-25 03:59:29] [DEBUG] [src/drone.c:62] Ch = f
[2025-11-25 03:59:29] [DEBUG] [src/drone.c:104] Position: X: 12.000058 Y: 1.444444
[2025-11-25 03:59:29] [DEBUG] [src/obstacle.c:120] The char is f
[2025-11-25 03:59:29] [DEBUG] [src/BB.c:218] obstacles forces: 0.000000 0.000000
[2025-11-25 03:59:29] [DEBUG] [src/drone.c:62] Ch = f
[2025-11-25 03:59:29] [DEBUG] [src/drone.c:104] Position: X: 12.500038 Y: 1.796296
[2025-11-25 03:59:29] [DEBUG] [src/obstacle.c:120] The char is f
[2025-11-25 03:59:29] [DEBUG] [src/BB.c:218] obstacles forces: 0.000000 0.000000
[2025-11-25 03:59:29] [DEBUG] [src/drone.c:62] Ch = f
[2025-11-25 03:59:29] [DEBUG] [src/drone.c:104] Position: X: 13.000025 Y: 2.197531
[2025-11-25 03:59:29] [DEBUG] [src/obstacle.c:120] The char is f
[2025-11-25 03:59:29] [DEBUG] [src/BB.c:218] obstacles forces: 0.000000 0.000000
[2025-11-25 03:59:29] [DEBUG] [src/drone.c:62] Ch = f
[2025-11-25 03:59:29] [DEBUG] [src/drone.c:104] Position: X: 13.500016 Y: 2.631687
[2025-11-25 03:59:29] [DEBUG] [src/obstacle.c:120] The char is f
[2025-11-25 03:59:29] [DEBUG] [src/BB.c:218] obstacles forces: 0.000000 0.000000
[2025-11-25 03:59:29] [DEBUG] [src/drone.c:62] Ch = f
[2025-11-25 03:59:29] [DEBUG] [src/drone.c:104] Position: X: 14.000010 Y: 3.087791
[2025-11-25 03:59:29] [DEBUG] [src/obstacle.c:120] The char is f
[2025-11-25 03:59:29] [WARN ] [src/obstacle.c:39] distance: 3.532834
[2025-11-25 03:59:29] [DEBUG] [src/obstacle.c:46] Obstacle forces: 0.012839 0.018695
[2025-11-25 03:59:29] [DEBUG] [src/BB.c:218] obstacles forces: 0.012839 0.018695
[2025-11-25 03:59:29] [DEBUG] [src/drone.c:62] Ch = f
[2025-11-25 03:59:29] [DEBUG] [src/drone.c:104] Position: X: 14.502147 Y: 3.561644
[2025-11-25 03:59:29] [DEBUG] [src/obstacle.c:120] The char is f
[2025-11-25 03:59:29] [WARN ] [src/obstacle.c:39] distance: 2.861668
[2025-11-25 03:59:29] [DEBUG] [src/obstacle.c:46] Obstacle forces: 0.022335 0.036360
[2025-11-25 03:59:29] [DEBUG] [src/BB.c:218] obstacles forces: 0.022335 0.036360
[2025-11-25 03:59:29] [DEBUG] [src/drone.c:62] Ch = f
[2025-11-25 03:59:29] [DEBUG] [src/drone.c:104] Position: X: 15.009434 Y: 4.053388
[2025-11-25 03:59:30] [DEBUG] [src/obstacle.c:120] The char is f
[2025-11-25 03:59:30] [WARN ] [src/obstacle.c:39] distance: 2.184152
[2025-11-25 03:59:30] [DEBUG] [src/obstacle.c:46] Obstacle forces: 0.043526 0.085536
[2025-11-25 03:59:30] [DEBUG] [src/BB.c:218] obstacles forces: 0.043526 0.085536
[2025-11-25 03:59:30] [DEBUG] [src/drone.c:62] Ch = f
[2025-11-25 03:59:30] [DEBUG] [src/drone.c:104] Position: X: 15.527409 Y: 4.571315
[2025-11-25 03:59:30] [DEBUG] [src/obstacle.c:120] The char is f
[2025-11-25 03:59:30] [WARN ] [src/obstacle.c:39] distance: 1.504820
[2025-11-25 03:59:30] [DEBUG] [src/obstacle.c:46] Obstacle forces: 0.092161 0.278611
[2025-11-25 03:59:30] [DEBUG] [src/BB.c:218] obstacles forces: 0.092161 0.278611
[2025-11-25 03:59:30] [DEBUG] [src/drone.c:62] Ch = f
[2025-11-25 03:59:30] [DEBUG] [src/drone.c:104] Position: X: 16.067869 Y: 5.153134
[2025-11-25 03:59:30] [DEBUG] [src/obstacle.c:120] The char is f
[2025-11-25 03:59:30] [WARN ] [src/obstacle.c:39] distance: 0.849581
[2025-11-25 03:59:30] [DEBUG] [src/obstacle.c:46] Obstacle forces: -0.130273 1.625530
[2025-11-25 03:59:30] [DEBUG] [src/BB.c:218] obstacles forces: -0.130273 1.625530
[2025-11-25 03:59:30] [DEBUG] [src/drone.c:62] Ch = f
[2025-11-25 03:59:30] [DEBUG] [src/drone.c:104] Position: X: 16.601608 Y: 6.048468
[2025-11-25 03:59:30] [DEBUG] [src/obstacle.c:120] The char is f
[2025-11-25 03:59:30] [WARN ] [src/obstacle.c:39] distance: 0.603558
[2025-11-25 03:59:30] [DEBUG] [src/obstacle.c:46] Obstacle forces: 4.533557 0.365243
[2025-11-25 03:59:30] [DEBUG] [src/BB.c:218] obstacles forces: 4.533557 0.365243
[2025-11-25 03:59:30] [DEBUG] [src/drone.c:62] Ch = f
[2025-11-25 03:59:30] [DEBUG] [src/drone.c:104] Position: X: 17.886459 Y: 7.213686
[2025-11-25 03:59:30] [DEBUG] [src/obstacle.c:120] The char is f
[2025-11-25 03:59:30] [WARN ] [src/obstacle.c:39] distance: 2.243159
[2025-11-25 03:59:30] [DEBUG] [src/obstacle.c:46] Obstacle forces: 0.074509 0.047936
[2025-11-25 03:59:30] [DEBUG] [src/BB.c:218] obstacles forces: 0.074509 0.047936
[2025-11-25 03:59:30] [DEBUG] [src/drone.c:62] Ch = f
[2025-11-25 03:59:30] [DEBUG] [src/drone.c:104] Position: X: 19.684469 Y: 8.566817
[2025-11-25 03:59:30] [DEBUG] [src/obstacle.c:120] The char is f
[2025-11-25 03:59:30] [WARN ] [src/obstacle.c:39] distance: 4.490419
[2025-11-25 03:59:30] [DEBUG] [src/obstacle.c:46] Obstacle forces: 0.009062 0.006313
[2025-11-25 03:59:30] [DEBUG] [src/BB.c:218] obstacles forces: 0.009062 0.006313
[2025-11-25 03:59:30] [DEBUG] [src/drone.c:62] Ch = f
[2025-11-25 03:59:30] [DEBUG] [src/drone.c:104] Position: X: 21.826096 Y: 10.046275
[2025-11-25 03:59:30] [DEBUG] [src/obstacle.c:120] The char is f
[2025-11-25 03:59:30] [WARN ] [src/obstacle.c:39] distance: 7.093359
[2025-11-25 03:59:30] [DEBUG] [src/BB.c:218] obstacles forces: 0.000000 0.000000
[2025-11-25 03:59:30] [DEBUG] [src/drone.c:62] Ch = f
[2025-11-25 03:59:30] [DEBUG] [src/drone.c:104] Position: X: 24.196800 Y: 11.609951
[2025-11-25 03:59:30] [DEBUG] [src/obstacle.c:120] The char is f
[2025-11-25 03:59:30] [WARN ] [src/obstacle.c:39] distance: 9.932728
[2025-11-25 03:59:30] [WARN ] [src/obstacle.c:39] distance: 20.337725
[2025-11-25 03:59:30] [WARN ] [src/obstacle.c:39] distance: 2.672951
[2025-11-25 03:59:30] [DEBUG] [src/obstacle.c:46] Obstacle forces: -0.023445 0.046821
[2025-11-25 03:59:30] [DEBUG] [src/BB.c:218] obstacles forces: -0.023445 0.046821
[2025-11-25 03:59:30] [DEBUG] [src/drone.c:62] Ch = f
[2025-11-25 03:59:30] [DEBUG] [src/drone.c:104] Position: X: 26.716316 Y: 13.237576
[2025-11-25 03:59:30] [DEBUG] [src/obstacle.c:120] The char is f
[2025-11-25 03:59:30] [WARN ] [src/obstacle.c:39] distance: 12.931432
[2025-11-25 03:59:30] [WARN ] [src/obstacle.c:39] distance: 22.729107
[2025-11-25 03:59:30] [WARN ] [src/obstacle.c:39] distance: 3.793718
[2025-11-25 03:59:30] [DEBUG] [src/obstacle.c:46] Obstacle forces: -0.017941 0.003681
[2025-11-25 03:59:30] [WARN ] [src/obstacle.c:39] distance: 2.460057
[2025-11-25 03:59:30] [DEBUG] [src/obstacle.c:46] Obstacle forces: -0.046862 0.048120
[2025-11-25 03:59:30] [DEBUG] [src/BB.c:218] obstacles forces: -0.064803 0.051801
[2025-11-25 03:59:30] [DEBUG] [src/drone.c:62] Ch = f
[2025-11-25 03:59:30] [DEBUG] [src/drone.c:104] Position: X: 29.324238 Y: 14.916466
[2025-11-25 03:59:30] [DEBUG] [src/obstacle.c:120] The char is f
[2025-11-25 03:59:30] [WARN ] [src/obstacle.c:39] distance: 10.057061
[2025-11-25 03:59:30] [WARN ] [src/obstacle.c:39] distance: 16.032425
[2025-11-25 03:59:30] [WARN ] [src/obstacle.c:39] distance: 25.340815
[2025-11-25 03:59:30] [WARN ] [src/obstacle.c:39] distance: 6.390296
[2025-11-25 03:59:30] [WARN ] [src/obstacle.c:39] distance: 4.325044
[2025-11-25 03:59:30] [DEBUG] [src/obstacle.c:46] Obstacle forces: -0.012358 0.000239
[2025-11-25 03:59:30] [WARN ] [src/obstacle.c:39] distance: 1.276989
[2025-11-25 03:59:30] [DEBUG] [src/obstacle.c:46] Obstacle forces: 0.254124 0.407468
[2025-11-25 03:59:30] [DEBUG] [src/BB.c:218] obstacles forces: 0.241766 0.407707
[2025-11-25 03:59:30] [DEBUG] [src/drone.c:62] Ch = f
[2025-11-25 03:59:30] [DEBUG] [src/drone.c:104] Position: X: 32.031391 Y: 16.697485
[2025-11-25 03:59:31] [DEBUG] [src/obstacle.c:120] The char is f
[2025-11-25 03:59:31] [WARN ] [src/obstacle.c:39] distance: 11.742867
[2025-11-25 03:59:31] [WARN ] [src/obstacle.c:39] distance: 19.272821
[2025-11-25 03:59:31] [WARN ] [src/obstacle.c:39] distance: 28.160883
[2025-11-25 03:59:31] [WARN ] [src/obstacle.c:39] distance: 9.425628
[2025-11-25 03:59:31] [WARN ] [src/obstacle.c:39] distance: 7.233389
[2025-11-25 03:59:31] [WARN ] [src/obstacle.c:39] distance: 2.147798
[2025-11-25 03:59:31] [DEBUG] [src/obstacle.c:46] Obstacle forces: 0.095460 0.032776
[2025-11-25 03:59:31] [WARN ] [src/obstacle.c:39] distance: 26.063957
[2025-11-25 03:59:31] [DEBUG] [src/BB.c:218] obstacles forces: 0.095460 0.032776
[2025-11-25 03:59:31] [DEBUG] [src/drone.c:62] Ch = f
[2025-11-25 03:59:31] [DEBUG] [src/drone.c:104] Position: X: 34.820610 Y: 18.552053
[2025-11-25 03:59:31] [DEBUG] [src/obstacle.c:120] The char is f
[2025-11-25 03:59:31] [WARN ] [src/obstacle.c:39] distance: 14.080313
[2025-11-25 03:59:31] [WARN ] [src/obstacle.c:39] distance: 22.622320
[2025-11-25 03:59:31] [WARN ] [src/obstacle.c:39] distance: 31.154955
[2025-11-25 03:59:31] [WARN ] [src/obstacle.c:39] distance: 12.666807
[2025-11-25 03:59:31] [WARN ] [src/obstacle.c:39] distance: 10.443250
[2025-11-25 03:59:31] [WARN ] [src/obstacle.c:39] distance: 5.454472
[2025-11-25 03:59:31] [WARN ] [src/obstacle.c:39] distance: 28.825897
[2025-11-25 03:59:31] [WARN ] [src/obstacle.c:39] distance: 27.858265
[2025-11-25 03:59:31] [DEBUG] [src/BB.c:218] obstacles forces: 0.000000 0.000000
[2025-11-25 03:59:31] [DEBUG] [src/drone.c:62] Ch = f
[2025-11-25 03:59:31] [DEBUG] [src/drone.c:104] Position: X: 37.664539 Y: 20.455654
[2025-11-25 03:59:31] [DEBUG] [src/obstacle.c:120] The char is f
[2025-11-25 03:59:31] [WARN ] [src/obstacle.c:39] distance: 16.831320
[2025-11-25 03:59:31] [WARN ] [src/obstacle.c:39] distance: 26.044544
[2025-11-25 03:59:31] [WARN ] [src/obstacle.c:39] distance: 9.461603
[2025-11-25 03:59:31] [WARN ] [src/obstacle.c:39] distance: 34.277931
[2025-11-25 03:59:31] [WARN ] [src/obstacle.c:39] distance: 16.022615
[2025-11-25 03:59:31] [WARN ] [src/obstacle.c:39] distance: 13.789660
[2025-11-25 03:59:31] [WARN ] [src/obstacle.c:39] distance: 8.865552
[2025-11-25 03:59:31] [WARN ] [src/obstacle.c:39] distance: 31.759617
[2025-11-25 03:59:31] [WARN ] [src/obstacle.c:39] distance: 30.667925
[2025-11-25 03:59:31] [WARN ] [src/obstacle.c:39] distance: 2.566365
[2025-11-25 03:59:31] [DEBUG] [src/obstacle.c:46] Obstacle forces: 0.007733 0.058655
[2025-11-25 03:59:31] [DEBUG] [src/BB.c:218] obstacles forces: 0.007733 0.058655
[2025-11-25 03:59:31] [DEBUG] [src/drone.c:62] Ch = f
[2025-11-25 03:59:31] [DEBUG] [src/drone.c:104] Position: X: 40.546230 Y: 22.401718
[2025-11-25 03:59:31] [DEBUG] [src/obstacle.c:120] The char is f
[2025-11-25 03:59:31] [WARN ] [src/obstacle.c:39] distance: 19.848181
[2025-11-25 03:59:31] [WARN ] [src/obstacle.c:39] distance: 29.521751
[2025-11-25 03:59:31] [WARN ] [src/obstacle.c:39] distance: 11.682571
[2025-11-25 03:59:31] [WARN ] [src/obstacle.c:39] distance: 37.499546
[2025-11-25 03:59:31] [WARN ] [src/obstacle.c:39] distance: 19.454025
[2025-11-25 03:59:31] [WARN ] [src/obstacle.c:39] distance: 17.218325
[2025-11-25 03:59:31] [WARN ] [src/obstacle.c:39] distance: 12.337138
[2025-11-25 03:59:31] [WARN ] [src/obstacle.c:39] distance: 34.825523
[2025-11-25 03:59:31] [WARN ] [src/obstacle.c:39] distance: 33.632095
[2025-11-25 03:59:31] [WARN ] [src/obstacle.c:39] distance: 2.615575
[2025-11-25 03:59:31] [DEBUG] [src/obstacle.c:46] Obstacle forces: -0.054404 0.012783
[2025-11-25 03:59:31] [DEBUG] [src/BB.c:218] obstacles forces: -0.054404 0.012783
[2025-11-25 03:59:31] [DEBUG] [src/drone.c:62] Ch = f
[2025-11-25 03:59:31] [DEBUG] [src/drone.c:104] Position: X: 43.444027 Y: 24.378222
[2025-11-25 03:59:31] [DEBUG] [src/obstacle.c:120] The char is f
[2025-11-25 03:59:31] [WARN ] [src/obstacle.c:39] distance: 23.029747
[2025-11-25 03:59:31] [WARN ] [src/obstacle.c:39] distance: 33.029285
[2025-11-25 03:59:31] [WARN ] [src/obstacle.c:39] distance: 14.443484
[2025-11-25 03:59:31] [WARN ] [src/obstacle.c:39] distance: 40.786503
[2025-11-25 03:59:31] [WARN ] [src/obstacle.c:39] distance: 22.927401
[2025-11-25 03:59:31] [WARN ] [src/obstacle.c:39] distance: 20.691380
[2025-11-25 03:59:31] [WARN ] [src/obstacle.c:39] distance: 15.840974
[2025-11-25 03:59:31] [WARN ] [src/obstacle.c:39] distance: 37.983376
[2025-11-25 03:59:31] [WARN ] [src/obstacle.c:39] distance: 36.706074
[2025-11-25 03:59:31] [WARN ] [src/obstacle.c:39] distance: 5.615775
[2025-11-25 03:59:31] [WARN ] [src/obstacle.c:39] distance: 37.479130
[2025-11-25 03:59:31] [WARN ] [src/obstacle.c:39] distance: 25.495661
[2025-11-25 03:59:31] [DEBUG] [src/BB.c:218] obstacles forces: 0.000000 0.000000
[2025-11-25 03:59:31] [DEBUG] [src/drone.c:62] Ch = f
[2025-11-25 03:59:31] [DEBUG] [src/drone.c:104] Position: X: 46.352562 Y: 26.375019
[2025-11-25 03:59:31] [DEBUG] [src/obstacle.c:120] The char is f
[2025-11-25 03:59:31] [WARN ] [src/obstacle.c:39] distance: 26.317154
[2025-11-25 03:59:31] [WARN ] [src/obstacle.c:39] distance: 36.557072
[2025-11-25 03:59:31] [WARN ] [src/obstacle.c:39] distance: 18.448723
[2025-11-25 03:59:31] [WARN ] [src/obstacle.c:39] distance: 17.497328
[2025-11-25 03:59:31] [WARN ] [src/obstacle.c:39] distance: 44.123470
[2025-11-25 03:59:31] [WARN ] [src/obstacle.c:39] distance: 26.428835
[2025-11-25 03:59:31] [WARN ] [src/obstacle.c:39] distance: 24.193449
[2025-11-25 03:59:31] [WARN ] [src/obstacle.c:39] distance: 19.366138
[2025-11-25 03:59:31] [WARN ] [src/obstacle.c:39] distance: 41.212502
[2025-11-25 03:59:31] [WARN ] [src/obstacle.c:39] distance: 39.865585
[2025-11-25 03:59:31] [WARN ] [src/obstacle.c:39] distance: 9.008665
[2025-11-25 03:59:31] [WARN ] [src/obstacle.c:39] distance: 40.354305
[2025-11-25 03:59:31] [WARN ] [src/obstacle.c:39] distance: 28.355042
[2025-11-25 03:59:31] [DEBUG] [src/BB.c:218] obstacles forces: 0.000000 0.000000
[2025-11-25 03:59:31] [DEBUG] [src/drone.c:62] Ch = f
[2025-11-25 03:59:31] [DEBUG] [src/drone.c:104] Position: X: 49.268257 Y: 27.000000
[2025-11-25 03:59:31] [DEBUG] [src/obstacle.c:120] The char is f
[2025-11-25 03:59:31] [WARN ] [src/obstacle.c:39] distance: 28.595966
[2025-11-25 03:59:31] [WARN ] [src/obstacle.c:39] distance: 39.341797
[2025-11-25 03:59:31] [WARN ] [src/obstacle.c:39] distance: 19.042282
[2025-11-25 03:59:31] [WARN ] [src/obstacle.c:39] distance: 19.569712
[2025-11-25 03:59:31] [WARN ] [src/obstacle.c:39] distance: 47.097931
[2025-11-25 03:59:31] [WARN ] [src/obstacle.c:39] distance: 29.309067
[2025-11-25 03:59:31] [WARN ] [src/obstacle.c:39] distance: 27.073017
[2025-11-25 03:59:31] [WARN ] [src/obstacle.c:39] distance: 22.187063
[2025-11-25 03:59:31] [WARN ] [src/obstacle.c:39] distance: 44.194366
[2025-11-25 03:59:31] [WARN ] [src/obstacle.c:39] distance: 42.843967
[2025-11-25 03:59:31] [WARN ] [src/obstacle.c:39] distance: 11.957157
[2025-11-25 03:59:31] [WARN ] [src/obstacle.c:39] distance: 43.279812
[2025-11-25 03:59:31] [WARN ] [src/obstacle.c:39] distance: 31.284245
[2025-11-25 03:59:31] [DEBUG] [src/BB.c:218] obstacles forces: 0.000000 0.000000
[2025-11-25 03:59:31] [DEBUG] [src/drone.c:62] Ch = f
[2025-11-25 03:59:31] [DEBUG] [src/drone.c:104] Position: X: 52.188725 Y: 27.000000
[2025-11-25 03:59:31] [DEBUG] [src/obstacle.c:120] The char is f
[2025-11-25 03:59:31] [WARN ] [src/obstacle.c:39] distance: 30.544428
[2025-11-25 03:59:31] [WARN ] [src/obstacle.c:39] distance: 41.840458
[2025-11-25 03:59:31] [WARN ] [src/obstacle.c:39] distance: 19.456244
[2025-11-25 03:59:31] [WARN ] [src/obstacle.c:39] distance: 21.385038
[2025-11-25 03:59:31] [WARN ] [src/obstacle.c:39] distance: 49.911453
[2025-11-25 03:59:31] [WARN ] [src/obstacle.c:39] distance: 31.952803
[2025-11-25 03:59:31] [WARN ] [src/obstacle.c:39] distance: 29.719131
[2025-11-25 03:59:31] [WARN ] [src/obstacle.c:39] distance: 24.765692
[2025-11-25 03:59:31] [WARN ] [src/obstacle.c:39] distance: 47.057392
[2025-11-25 03:59:31] [WARN ] [src/obstacle.c:39] distance: 45.727684
[2025-11-25 03:59:31] [WARN ] [src/obstacle.c:39] distance: 14.741774
[2025-11-25 03:59:31] [WARN ] [src/obstacle.c:39] distance: 46.199547
[2025-11-25 03:59:31] [WARN ] [src/obstacle.c:39] distance: 34.203346
[2025-11-25 03:59:31] [DEBUG] [src/BB.c:218] obstacles forces: 0.000000 0.000000
[2025-11-25 03:59:31] [DEBUG] [src/drone.c:62] Ch = f
[2025-11-25 03:59:31] [DEBUG] [src/drone.c:104] Position: X: 55.112373 Y: 27.000000
[2025-11-25 03:59:31] [DEBUG] [src/obstacle.c:120] The char is f
[2025-11-25 03:59:31] [WARN ] [src/obstacle.c:39] distance: 32.640564
[2025-11-25 03:59:31] [WARN ] [src/obstacle.c:39] distance: 44.393444
[2025-11-25 03:59:31] [WARN ] [src/obstacle.c:39] distance: 20.287579
[2025-11-25 03:59:31] [WARN ] [src/obstacle.c:39] distance: 23.427193
[2025-11-25 03:59:31] [WARN ] [src/obstacle.c:39] distance: 52.739689
[2025-11-25 03:59:31] [WARN ] [src/obstacle.c:39] distance: 34.643967
[2025-11-25 03:59:31] [WARN ] [src/obstacle.c:39] distance: 32.415352
[2025-11-25 03:59:31] [WARN ] [src/obstacle.c:39] distance: 27.415895
[2025-11-25 03:59:31] [WARN ] [src/obstacle.c:39] distance: 49.930202
[2025-11-25 03:59:31] [WARN ] [src/obstacle.c:39] distance: 48.618931
[2025-11-25 03:59:31] [WARN ] [src/obstacle.c:39] distance: 17.573654
[2025-11-25 03:59:31] [WARN ] [src/obstacle.c:39] distance: 3.512604
[2025-11-25 03:59:31] [DEBUG] [src/obstacle.c:46] Obstacle forces: -0.018968 0.013138
[2025-11-25 03:59:31] [WARN ] [src/obstacle.c:39] distance: 49.122551
[2025-11-25 03:59:31] [WARN ] [src/obstacle.c:39] distance: 37.125843
[2025-11-25 03:59:31] [DEBUG] [src/BB.c:218] obstacles forces: -0.018968 0.013138
[2025-11-25 03:59:31] [DEBUG] [src/drone.c:62] Ch = f
[2025-11-25 03:59:31] [DEBUG] [src/drone.c:104] Position: X: 58.034981 Y: 27.000000
[2025-11-25 03:59:31] [DEBUG] [src/obstacle.c:120] The char is f
[2025-11-25 03:59:31] [WARN ] [src/obstacle.c:39] distance: 34.855274
[2025-11-25 03:59:31] [WARN ] [src/obstacle.c:39] distance: 46.988716
[2025-11-25 03:59:31] [WARN ] [src/obstacle.c:39] distance: 21.487225
[2025-11-25 03:59:31] [WARN ] [src/obstacle.c:39] distance: 25.639822
[2025-11-25 03:59:31] [WARN ] [src/obstacle.c:39] distance: 55.576786
[2025-11-25 03:59:31] [WARN ] [src/obstacle.c:39] distance: 37.369102
[2025-11-25 03:59:31] [WARN ] [src/obstacle.c:39] distance: 35.146976
[2025-11-25 03:59:31] [WARN ] [src/obstacle.c:39] distance: 30.115780
[2025-11-25 03:59:31] [WARN ] [src/obstacle.c:39] distance: 52.807568
[2025-11-25 03:59:31] [WARN ] [src/obstacle.c:39] distance: 9.051589
[2025-11-25 03:59:31] [WARN ] [src/obstacle.c:39] distance: 51.512806
[2025-11-25 03:59:31] [WARN ] [src/obstacle.c:39] distance: 20.430380
[2025-11-25 03:59:31] [WARN ] [src/obstacle.c:39] distance: 2.000306
[2025-11-25 03:59:31] [DEBUG] [src/obstacle.c:46] Obstacle forces: 0.002185 0.124924
[2025-11-25 03:59:31] [WARN ] [src/obstacle.c:39] distance: 52.044590
[2025-11-25 03:59:31] [WARN ] [src/obstacle.c:39] distance: 40.047466
[2025-11-25 03:59:31] [WARN ] [src/obstacle.c:39] distance: 2.204836
[2025-11-25 03:59:31] [DEBUG] [src/obstacle.c:46] Obstacle forces: -0.083150 0.042315
[2025-11-25 03:59:31] [DEBUG] [src/BB.c:218] obstacles forces: -0.080965 0.167239
[2025-11-25 03:59:31] [DEBUG] [src/drone.c:62] Ch = f
[2025-11-25 03:59:31] [DEBUG] [src/drone.c:104] Position: X: 60.943401 Y: 27.000000
[2025-11-25 03:59:32] [DEBUG] [src/obstacle.c:120] The char is f
[2025-11-25 03:59:32] [WARN ] [src/obstacle.c:39] distance: 37.156525
[2025-11-25 03:59:32] [WARN ] [src/obstacle.c:39] distance: 49.607552
[2025-11-25 03:59:32] [WARN ] [src/obstacle.c:39] distance: 22.989815
[2025-11-25 03:59:32] [WARN ] [src/obstacle.c:39] distance: 27.971407
[2025-11-25 03:59:32] [WARN ] [src/obstacle.c:39] distance: 58.408485
[2025-11-25 03:59:32] [WARN ] [src/obstacle.c:39] distance: 40.108624
[2025-11-25 03:59:32] [WARN ] [src/obstacle.c:39] distance: 37.893642
[2025-11-25 03:59:32] [WARN ] [src/obstacle.c:39] distance: 32.840435
[2025-11-25 03:59:32] [WARN ] [src/obstacle.c:39] distance: 55.675644
[2025-11-25 03:59:32] [WARN ] [src/obstacle.c:39] distance: 9.207433
[2025-11-25 03:59:32] [WARN ] [src/obstacle.c:39] distance: 54.395687
[2025-11-25 03:59:32] [WARN ] [src/obstacle.c:39] distance: 23.289474
[2025-11-25 03:59:32] [WARN ] [src/obstacle.c:39] distance: 3.558597
[2025-11-25 03:59:32] [DEBUG] [src/obstacle.c:46] Obstacle forces: 0.018354 0.012471
[2025-11-25 03:59:32] [WARN ] [src/obstacle.c:39] distance: 54.952499
[2025-11-25 03:59:32] [WARN ] [src/obstacle.c:39] distance: 42.955044
[2025-11-25 03:59:32] [WARN ] [src/obstacle.c:39] distance: 1.374775
[2025-11-25 03:59:32] [DEBUG] [src/obstacle.c:46] Obstacle forces: 0.264101 0.279946
[2025-11-25 03:59:32] [DEBUG] [src/BB.c:218] obstacles forces: 0.282455 0.292417
[2025-11-25 03:59:32] [DEBUG] [src/drone.c:62] Ch = f
[2025-11-25 03:59:32] [DEBUG] [src/drone.c:104] Position: X: 63.889439 Y: 27.000000
[2025-11-25 03:59:32] [DEBUG] [src/obstacle.c:120] The char is f
[2025-11-25 03:59:32] [WARN ] [src/obstacle.c:39] distance: 39.569118
[2025-11-25 03:59:32] [WARN ] [src/obstacle.c:39] distance: 52.291477
[2025-11-25 03:59:32] [WARN ] [src/obstacle.c:39] distance: 24.768412
[2025-11-25 03:59:32] [WARN ] [src/obstacle.c:39] distance: 30.434570
[2025-11-25 03:59:32] [WARN ] [src/obstacle.c:39] distance: 61.284134
[2025-11-25 03:59:32] [WARN ] [src/obstacle.c:39] distance: 42.906250
[2025-11-25 03:59:32] [WARN ] [src/obstacle.c:39] distance: 40.698753
[2025-11-25 03:59:32] [WARN ] [src/obstacle.c:39] distance: 35.629959
[2025-11-25 03:59:32] [WARN ] [src/obstacle.c:39] distance: 58.584869
[2025-11-25 03:59:32] [WARN ] [src/obstacle.c:39] distance: 10.242393
[2025-11-25 03:59:32] [WARN ] [src/obstacle.c:39] distance: 57.318481
[2025-11-25 03:59:32] [WARN ] [src/obstacle.c:39] distance: 26.196623
[2025-11-25 03:59:32] [WARN ] [src/obstacle.c:39] distance: 6.219766
[2025-11-25 03:59:32] [WARN ] [src/obstacle.c:39] distance: 57.898075
[2025-11-25 03:59:32] [WARN ] [src/obstacle.c:39] distance: 45.900333
[2025-11-25 03:59:32] [WARN ] [src/obstacle.c:39] distance: 4.015935
[2025-11-25 03:59:32] [DEBUG] [src/obstacle.c:46] Obstacle forces: 0.014953 0.003845
[2025-11-25 03:59:32] [DEBUG] [src/BB.c:218] obstacles forces: 0.014953 0.003845
[2025-11-25 03:59:32] [DEBUG] [src/drone.c:62] Ch = f
[2025-11-25 03:59:32] [DEBUG] [src/drone.c:104] Position: X: 66.863045 Y: 27.000000
[2025-11-25 03:59:32] [DEBUG] [src/obstacle.c:120] The char is f
[2025-11-25 03:59:32] [WARN ] [src/obstacle.c:39] distance: 42.073246
[2025-11-25 03:59:32] [WARN ] [src/obstacle.c:39] distance: 55.027714
[2025-11-25 03:59:32] [WARN ] [src/obstacle.c:39] distance: 20.000469
[2025-11-25 03:59:32] [WARN ] [src/obstacle.c:39] distance: 20.032291
[2025-11-25 03:59:32] [WARN ] [src/obstacle.c:39] distance: 26.773390
[2025-11-25 03:59:32] [WARN ] [src/obstacle.c:39] distance: 33.001144
[2025-11-25 03:59:32] [WARN ] [src/obstacle.c:39] distance: 64.193169
[2025-11-25 03:59:32] [WARN ] [src/obstacle.c:39] distance: 45.748955
[2025-11-25 03:59:32] [WARN ] [src/obstacle.c:39] distance: 43.548988
[2025-11-25 03:59:32] [WARN ] [src/obstacle.c:39] distance: 38.469261
[2025-11-25 03:59:32] [WARN ] [src/obstacle.c:39] distance: 61.524876
[2025-11-25 03:59:32] [WARN ] [src/obstacle.c:39] distance: 11.951045
[2025-11-25 03:59:32] [WARN ] [src/obstacle.c:39] distance: 60.270924
[2025-11-25 03:59:32] [WARN ] [src/obstacle.c:39] distance: 29.138899
[2025-11-25 03:59:32] [WARN ] [src/obstacle.c:39] distance: 9.085898
[2025-11-25 03:59:32] [WARN ] [src/obstacle.c:39] distance: 60.871262
[2025-11-25 03:59:32] [WARN ] [src/obstacle.c:39] distance: 48.873276
[2025-11-25 03:59:32] [WARN ] [src/obstacle.c:39] distance: 6.935516
[2025-11-25 03:59:32] [DEBUG] [src/BB.c:218] obstacles forces: 0.000000 0.000000
[2025-11-25 03:59:32] [DEBUG] [src/drone.c:62] Ch = f
[2025-11-25 03:59:32] [DEBUG] [src/drone.c:104] Position: X: 69.855034 Y: 27.000000
[2025-11-25 03:59:32] [DEBUG] [src/obstacle.c:120] The char is f
[2025-11-25 03:59:32] [WARN ] [src/obstacle.c:39] distance: 25.000420
[2025-11-25 03:59:32] [WARN ] [src/obstacle.c:39] distance: 44.651020
[2025-11-25 03:59:32] [WARN ] [src/obstacle.c:39] distance: 57.804539
[2025-11-25 03:59:32] [WARN ] [src/obstacle.c:39] distance: 20.202753
[2025-11-25 03:59:32] [WARN ] [src/obstacle.c:39] distance: 20.085844
[2025-11-25 03:59:32] [WARN ] [src/obstacle.c:39] distance: 28.959326
[2025-11-25 03:59:32] [WARN ] [src/obstacle.c:39] distance: 35.647484
[2025-11-25 03:59:32] [WARN ] [src/obstacle.c:39] distance: 14.046741
[2025-11-25 03:59:32] [WARN ] [src/obstacle.c:39] distance: 67.125893
[2025-11-25 03:59:32] [WARN ] [src/obstacle.c:39] distance: 48.625038
[2025-11-25 03:59:32] [WARN ] [src/obstacle.c:39] distance: 46.432468
[2025-11-25 03:59:32] [WARN ] [src/obstacle.c:39] distance: 41.345177
[2025-11-25 03:59:32] [WARN ] [src/obstacle.c:39] distance: 64.486160
[2025-11-25 03:59:32] [WARN ] [src/obstacle.c:39] distance: 14.100772
[2025-11-25 03:59:32] [WARN ] [src/obstacle.c:39] distance: 63.243618
[2025-11-25 03:59:32] [WARN ] [src/obstacle.c:39] distance: 32.105190
[2025-11-25 03:59:32] [WARN ] [src/obstacle.c:39] distance: 12.022554
[2025-11-25 03:59:32] [WARN ] [src/obstacle.c:39] distance: 63.862862
[2025-11-25 03:59:32] [WARN ] [src/obstacle.c:39] distance: 51.864677
[2025-11-25 03:59:32] [WARN ] [src/obstacle.c:39] distance: 9.905640
[2025-11-25 03:59:32] [WARN ] [src/obstacle.c:39] distance: 1.144966
[2025-11-25 03:59:32] [DEBUG] [src/obstacle.c:46] Obstacle forces: -nan 0.000000
[2025-11-25 03:59:32] [DEBUG] [src/BB.c:218] obstacles forces: -nan 0.000000
[2025-11-25 03:59:32] [DEBUG] [src/drone.c:62] Ch = f
[2025-11-25 03:59:32] [DEBUG] [src/drone.c:104] Position: X: -nan Y: 27.000000
[2025-11-25 03:59:32] [DEBUG] [src/obstacle.c:120] The char is f
[2025-11-25 03:59:32] [DEBUG] [src/BB.c:218] obstacles forces: 0.000000 0.000000
[2025-11-25 03:59:32] [DEBUG] [src/drone.c:62] Ch = f
[2025-11-25 03:59:32] [DEBUG] [src/drone.c:104] Position: X: -nan Y: 27.000000
[2025-11-25 03:59:32] [DEBUG] [src/obstacle.c:120] The char is f
[2025-11-25 03:59:32] [DEBUG] [src/BB.c:218] obstacles forces: 0.000000 0.000000
[2025-11-25 03:59:32] [DEBUG] [src/drone.c:62] Ch = f
[2025-11-25 03:59:32] [DEBUG] [src/drone.c:104] Position: X: -nan Y: 27.000000
[2025-11-25 03:59:32] [DEBUG] [src/obstacle.c:120] The char is f
[2025-11-25 03:59:32] [DEBUG] [src/BB.c:218] obstacles forces: 0.000000 0.000000
[2025-11-25 03:59:32] [DEBUG] [src/drone.c:62] Ch = f
[2025-11-25 03:59:32] [DEBUG] [src/drone.c:104] Position: X: -nan Y: 27.000000
[2025-11-25 03:59:32] [DEBUG] [src/obstacle.c:120] The char is f
[2025-11-25 03:59:32] [DEBUG] [src/BB.c:218] obstacles forces: 0.000000 0.000000
[2025-11-25 03:59:32] [DEBUG] [src/drone.c:62] Ch = f
[2025-11-25 03:59:32] [DEBUG] [src/drone.c:104] Position: X: -nan Y: 27.000000
[2025-11-25 03:59:32] [DEBUG] [src/obstacle.c:120] The char is f
[2025-11-25 03:59:32] [DEBUG] [src/BB.c:218] obstacles forces: 0.000000 0.000000
[2025-11-25 03:59:32] [DEBUG] [src/drone.c:62] Ch = f
[2025-11-25 03:59:32] [DEBUG] [src/drone.c:104] Position: X: -nan Y: 27.000000
[2025-11-25 03:59:32] [DEBUG] [src/obstacle.c:120] The char is f
[2025-11-25 03:59:32] [DEBUG] [src/BB.c:218] obstacles forces: 0.000000 0.000000
[2025-11-25 03:59:32] [DEBUG] [src/drone.c:62] Ch = f
[2025-11-25 03:59:32] [DEBUG] [src/drone.c:104] Position: X: -nan Y: 27.000000
[2025-11-25 03:59:33] [DEBUG] [src/obstacle.c:120] The char is f
[2025-11-25 03:59:33] [DEBUG] [src/BB.c:218] obstacles forces: 0.000000 0.000000
[2025-11-25 03:59:33] [DEBUG] [src/drone.c:62] Ch = f
[2025-11-25 03:59:33] [DEBUG] [src/drone.c:104] Position: X: -nan Y: 27.000000
[2025-11-25 03:59:33] [DEBUG] [src/obstacle.c:120] The char is f
[2025-11-25 03:59:33] [DEBUG] [src/BB.c:218] obstacles forces: 0.000000 0.000000
[2025-11-25 03:59:33] [DEBUG] [src/drone.c:62] Ch = f
[2025-11-25 03:59:33] [DEBUG] [src/drone.c:104] Position: X: -nan Y: 27.000000
[2025-11-25 03:59:33] [DEBUG] [src/obstacle.c:120] The char is f
[2025-11-25 03:59:33] [DEBUG] [src/BB.c:218] obstacles forces: 0.000000 0.000000
[2025-11-25 03:59:33] [DEBUG] [src/drone.c:62] Ch = f
[2025-11-25 03:59:33] [DEBUG] [src/drone.c:104] Position: X: -nan Y: 27.000000
[2025-11-25 03:59:33] [DEBUG] [src/obstacle.c:120] The char is f
[2025-11-25 03:59:33] [DEBUG] [src/BB.c:218] obstacles forces: 0.000000 0.000000
[2025-11-25 03:59:33] [DEBUG] [src/drone.c:62] Ch = f
[2025-11-25 03:59:33] [DEBUG] [src/drone.c:104] Position: X: -nan Y: 27.000000
[2025-11-25 03:59:33] [DEBUG] [src/obstacle.c:120] The char is f
[2025-11-25 03:59:33] [DEBUG] [src/BB.c:218] obstacles forces: 0.000000 0.000000
[2025-11-25 03:59:33] [DEBUG] [src/drone.c:62] Ch = f
[2025-11-25 03:59:33] [DEBUG] [src/drone.c:104] Position: X: -nan Y: 27.000000
[2025-11-25 03:59:33] [DEBUG] [src/obstacle.c:120] The char is f
[2025-11-25 03:59:33] [DEBUG] [src/BB.c:218] obstacles forces: 0.000000 0.000000
[2025-11-25 03:59:33] [DEBUG] [src/drone.c:62] Ch = f
[2025-11-25 03:59:33] [DEBUG] [src/drone.c:104] Position: X: -nan Y: 27.000000
[2025-11-25 03:59:33] [DEBUG] [src/obstacle.c:120] The char is f
[2025-11-25 03:59:33] [DEBUG] [src/BB.c:218] obstacles forces: 0.000000 0.000000
[2025-11-25 03:59:33] [DEBUG] [src/drone.c:62] Ch = f
[2025-11-25 03:59:33] [DEBUG] [src/drone.c:104] Position: X: -nan Y: 27.000000
[2025-11-25 03:59:33] [DEBUG] [src/obstacle.c:120] The char is f
[2025-11-25 03:59:33] [DEBUG] [src/BB.c:218] obstacles forces: 0.000000 0.000000
[2025-11-25 03:59:33] [DEBUG] [src/drone.c:62] Ch = f
[2025-11-25 03:59:33] [DEBUG] [src/drone.c:104] Position: X: -nan Y: 27.000000
[2025-11-25 03:59:33] [DEBUG] [src/obstacle.c:120] The char is f
[2025-11-25 03:59:33] [DEBUG] [src/BB.c:218] obstacles forces: 0.000000 0.000000
[2025-11-25 03:59:33] [DEBUG] [src/drone.c:62] Ch = f
[2025-11-25 03:59:33] [DEBUG] [src/drone.c:104] Position: X: -nan Y: 27.000000
[2025-11-25 03:59:33] [DEBUG] [src/obstacle.c:120] The char is f
[2025-11-25 03:59:33] [DEBUG] [src/BB.c:218] obstacles forces: 0.000000 0.000000
[2025-11-25 03:59:33] [DEBUG] [src/drone.c:62] Ch = f
[2025-11-25 03:59:33] [DEBUG] [src/drone.c:104] Position: X: -nan Y: 27.000000
[2025-11-25 03:59:34] [DEBUG] [src/obstacle.c:120] The char is f
[2025-11-25 03:59:34] [DEBUG] [src/BB.c:218] obstacles forces: 0.000000 0.000000
[2025-11-25 03:59:34] [DEBUG] [src/drone.c:62] Ch = f
[2025-11-25 03:59:34] [DEBUG] [src/drone.c:104] Position: X: -nan Y: 27.000000
[2025-11-25 03:59:34] [DEBUG] [src/obstacle.c:120] The char is f
[2025-11-25 03:59:34] [DEBUG] [src/BB.c:218] obstacles forces: 0.000000 0.000000
[2025-11-25 03:59:34] [DEBUG] [src/drone.c:62] Ch = f
[2025-11-25 03:59:34] [DEBUG] [src/drone.c:104] Position: X: -nan Y: 27.000000
[2025-11-25 03:59:34] [DEBUG] [src/I_process.c:78] New forze: 0 0
[2025-11-25 03:59:34] [DEBUG] [src/obstacle.c:120] The char is f
[2025-11-25 03:59:34] [DEBUG] [src/BB.c:218] obstacles forces: 0.000000 0.000000
[2025-11-25 03:59:34] [DEBUG] [src/drone.c:62] Ch = f
[2025-11-25 03:59:34] [DEBUG] [src/drone.c:104] Position: X: -nan Y: 27.000000
[2025-11-25 03:59:34] [DEBUG] [src/obstacle.c:120] The char is f
[2025-11-25 03:59:34] [DEBUG] [src/BB.c:218] obstacles forces: 0.000000 0.000000
[2025-11-25 03:59:34] [DEBUG] [src/drone.c:62] Ch = f
[2025-11-25 03:59:34] [DEBUG] [src/drone.c:104] Position: X: -nan Y: 27.000000
[2025-11-25 03:59:34] [DEBUG] [src/obstacle.c:120] The char is f
[2025-11-25 03:59:34] [DEBUG] [src/BB.c:218] obstacles forces: 0.000000 0.000000
[2025-11-25 03:59:34] [DEBUG] [src/drone.c:62] Ch = f
[2025-11-25 03:59:34] [DEBUG] [src/drone.c:104] Position: X: -nan Y: 27.000000
[2025-11-25 03:59:34] [DEBUG] [src/obstacle.c:120] The char is f
[2025-11-25 03:59:34] [DEBUG] [src/BB.c:218] obstacles forces: 0.000000 0.000000
[2025-11-25 03:59:34] [DEBUG] [src/drone.c:62] Ch = f
[2025-11-25 03:59:34] [DEBUG] [src/drone.c:104] Position: X: -nan Y: 27.000000
[2025-11-25 03:59:34] [DEBUG] [src/obstacle.c:120] The char is f
[2025-11-25 03:59:34] [DEBUG] [src/BB.c:218] obstacles forces: 0.000000 0.000000
[2025-11-25 03:59:34] [DEBUG] [src/drone.c:62] Ch = f
[2025-11-25 03:59:34] [DEBUG] [src/drone.c:104] Position: X: -nan Y: 27.000000
[2025-11-25 03:59:34] [DEBUG] [src/obstacle.c:120] The char is f
[2025-11-25 03:59:34] [DEBUG] [src/BB.c:218] obstacles forces: 0.000000 0.000000
[2025-11-25 03:59:34] [DEBUG] [src/drone.c:62] Ch = f
[2025-11-25 03:59:34] [DEBUG] [src/drone.c:104] Position: X: -nan Y: 27.000000
[2025-11-25 03:59:34] [DEBUG] [src/obstacle.c:120] The char is f
[2025-11-25 03:59:34] [DEBUG] [src/BB.c:218] obstacles forces: 0.000000 0.000000
[2025-11-25 03:59:34] [DEBUG] [src/drone.c:62] Ch = f
[2025-11-25 03:59:34] [DEBUG] [src/drone.c:104] Position: X: -nan Y: 27.000000
[2025-11-25 03:59:35] [DEBUG] [src/obstacle.c:120] The char is f
[2025-11-25 03:59:35] [DEBUG] [src/BB.c:218] obstacles forces: 0.000000 0.000000
[2025-11-25 03:59:35] [DEBUG] [src/drone.c:62] Ch = f
[2025-11-25 03:59:35] [DEBUG] [src/drone.c:104] Position: X: -nan Y: 27.000000
[2025-11-25 03:59:35] [DEBUG] [src/I_process.c:78] New forze: -1 0
[2025-11-25 03:59:35] [DEBUG] [src/obstacle.c:120] The char is f
[2025-11-25 03:59:35] [DEBUG] [src/BB.c:218] obstacles forces: 0.000000 0.000000
[2025-11-25 03:59:35] [DEBUG] [src/drone.c:62] Ch = f
[2025-11-25 03:59:35] [DEBUG] [src/drone.c:104] Position: X: -nan Y: 27.000000
[2025-11-25 03:59:35] [DEBUG] [src/obstacle.c:120] The char is f
[2025-11-25 03:59:35] [DEBUG] [src/BB.c:218] obstacles forces: 0.000000 0.000000
[2025-11-25 03:59:35] [DEBUG] [src/drone.c:62] Ch = f
[2025-11-25 03:59:35] [DEBUG] [src/drone.c:104] Position: X: -nan Y: 27.000000
[2025-11-25 03:59:35] [DEBUG] [src/obstacle.c:120] The char is f
[2025-11-25 03:59:35] [DEBUG] [src/BB.c:218] obstacles forces: 0.000000 0.000000
[2025-11-25 03:59:35] [DEBUG] [src/drone.c:62] Ch = f
[2025-11-25 03:59:35] [DEBUG] [src/drone.c:104] Position: X: -nan Y: 27.000000
[2025-11-25 03:59:35] [DEBUG] [src/obstacle.c:120] The char is f
[2025-11-25 03:59:35] [DEBUG] [src/BB.c:218] obstacles forces: 0.000000 0.000000
[2025-11-25 03:59:35] [DEBUG] [src/drone.c:62] Ch = f
[2025-11-25 03:59:35] [DEBUG] [src/drone.c:104] Position: X: -nan Y: 27.000000
[2025-11-25 03:59:35] [DEBUG] [src/obstacle.c:120] The char is f
[2025-11-25 03:59:35] [DEBUG] [src/BB.c:218] obstacles forces: 0.000000 0.000000
[2025-11-25 03:59:35] [DEBUG] [src/drone.c:62] Ch = f
[2025-11-25 03:59:35] [DEBUG] [src/drone.c:104] Position: X: -nan Y: 27.000000
[2025-11-25 03:59:35] [DEBUG] [src/obstacle.c:120] The char is f
[2025-11-25 03:59:35] [DEBUG] [src/BB.c:218] obstacles forces: 0.000000 0.000000
[2025-11-25 03:59:35] [DEBUG] [src/drone.c:62] Ch = f
[2025-11-25 03:59:35] [DEBUG] [src/drone.c:104] Position: X: -nan Y: 27.000000
[2025-11-25 03:59:35] [DEBUG] [src/obstacle.c:120] The char is f
[2025-11-25 03:59:35] [DEBUG] [src/BB.c:218] obstacles forces: 0.000000 0.000000
[2025-11-25 03:59:35] [DEBUG] [src/drone.c:62] Ch = f
[2025-11-25 03:59:35] [DEBUG] [src/drone.c:104] Position: X: -nan Y: 27.000000
[2025-11-25 03:59:35] [DEBUG] [src/obstacle.c:120] The char is f
[2025-11-25 03:59:35] [DEBUG] [src/BB.c:218] obstacles forces: 0.000000 0.000000
[2025-11-25 03:59:35] [DEBUG] [src/drone.c:62] Ch = f
[2025-11-25 03:59:35] [DEBUG] [src/drone.c:104] Position: X: -nan Y: 27.000000
[2025-11-25 03:59:35] [DEBUG] [src/obstacle.c:120] The char is f
[2025-11-25 03:59:35] [DEBUG] [src/BB.c:218] obstacles forces: 0.000000 0.000000
[2025-11-25 03:59:35] [DEBUG] [src/drone.c:62] Ch = f
[2025-11-25 03:59:35] [DEBUG] [src/drone.c:104] Position: X: -nan Y: 27.000000
[2025-11-25 03:59:36] [DEBUG] [src/obstacle.c:120] The char is f
[2025-11-25 03:59:36] [DEBUG] [src/BB.c:218] obstacles forces: 0.000000 0.000000
[2025-11-25 03:59:36] [DEBUG] [src/drone.c:62] Ch = f
[2025-11-25 03:59:36] [DEBUG] [src/drone.c:104] Position: X: -nan Y: 27.000000
[2025-11-25 03:59:36] [DEBUG] [src/obstacle.c:120] The char is f
[2025-11-25 03:59:36] [DEBUG] [src/BB.c:218] obstacles forces: 0.000000 0.000000
[2025-11-25 03:59:36] [DEBUG] [src/drone.c:62] Ch = f
[2025-11-25 03:59:36] [DEBUG] [src/drone.c:104] Position: X: -nan Y: 27.000000
[2025-11-25 03:59:36] [DEBUG] [src/obstacle.c:120] The char is f
[2025-11-25 03:59:36] [DEBUG] [src/BB.c:218] obstacles forces: 0.000000 0.000000
[2025-11-25 03:59:36] [DEBUG] [src/drone.c:62] Ch = f
[2025-11-25 03:59:36] [DEBUG] [src/drone.c:104] Position: X: -nan Y: 27.000000
[2025-11-25 03:59:36] [DEBUG] [src/obstacle.c:120] The char is f
[2025-11-25 03:59:36] [DEBUG] [src/BB.c:218] obstacles forces: 0.000000 0.000000
[2025-11-25 03:59:36] [DEBUG] [src/drone.c:62] Ch = f
[2025-11-25 03:59:36] [DEBUG] [src/drone.c:104] Position: X: -nan Y: 27.000000
[2025-11-25 03:59:36] [DEBUG] [src/obstacle.c:120] The char is f
[2025-11-25 03:59:36] [DEBUG] [src/BB.c:218] obstacles forces: 0.000000 0.000000
[2025-11-25 03:59:36] [DEBUG] [src/drone.c:62] Ch = f
[2025-11-25 03:59:36] [DEBUG] [src/drone.c:104] Position: X: -nan Y: 27.000000
[2025-11-25 03:59:36] [DEBUG] [src/obstacle.c:120] The char is f
[2025-11-25 03:59:36] [DEBUG] [src/BB.c:218] obstacles forces: 0.000000 0.000000
[2025-11-25 03:59:36] [DEBUG] [src/drone.c:62] Ch = f
[2025-11-25 03:59:36] [DEBUG] [src/drone.c:104] Position: X: -nan Y: 27.000000
[2025-11-25 03:59:36] [DEBUG] [src/obstacle.c:120] The char is f
[2025-11-25 03:59:36] [DEBUG] [src/BB.c:218] obstacles forces: 0.000000 0.000000
[2025-11-25 03:59:36] [DEBUG] [src/drone.c:62] Ch = f
[2025-11-25 03:59:36] [DEBUG] [src/drone.c:104] Position: X: -nan Y: 27.000000
[2025-11-25 03:59:36] [DEBUG] [src/obstacle.c:120] The char is f
[2025-11-25 03:59:36] [DEBUG] [src/BB.c:218] obstacles forces: 0.000000 0.000000
[2025-11-25 03:59:36] [DEBUG] [src/drone.c:62] Ch = f
[2025-11-25 03:59:36] [DEBUG] [src/drone.c:104] Position: X: -nan Y: 27.000000
[2025-11-25 03:59:36] [DEBUG] [src/obstacle.c:120] The char is q
[2025-11-25 03:59:36] [DEBUG] [src/drone.c:62] Ch = q
[2025-11-25 03:59:36] [WARN ] [src/drone.c:67] Caso q
[2025-11-25 03:59:36] [DEBUG] [src/drone.c:108] Sto uscendo
