[2025-11-21 01:53:30] [DEBUG] [BB.c:141] height: 50 Width: 131
[2025-11-21 01:53:30] [DEBUG] [drone.c:75] Inizio il ciclo
[2025-11-21 01:53:30] [DEBUG] [obstacle.c:87] The char is o
[2025-11-21 01:53:30] [DEBUG] [obstacle.c:35] Width: 131, Height: 50
[2025-11-21 01:53:30] [DEBUG] [drone.c:83] Ch = f
[2025-11-21 01:53:30] [DEBUG] [drone.c:122] Position: X: 1.000000 Y: 1.000000
[2025-11-21 01:53:30] [DEBUG] [drone.c:83] Ch = f
[2025-11-21 01:53:30] [DEBUG] [drone.c:122] Position: X: 1.000000 Y: 1.000000
[2025-11-21 01:53:30] [DEBUG] [drone.c:83] Ch = f
[2025-11-21 01:53:30] [DEBUG] [drone.c:122] Position: X: 1.000000 Y: 1.000000
[2025-11-21 01:53:30] [DEBUG] [drone.c:83] Ch = f
[2025-11-21 01:53:30] [DEBUG] [drone.c:122] Position: X: 1.000000 Y: 1.000000
[2025-11-21 01:53:31] [DEBUG] [drone.c:83] Ch = f
[2025-11-21 01:53:31] [DEBUG] [drone.c:122] Position: X: 1.000000 Y: 1.000000
[2025-11-21 01:53:31] [DEBUG] [drone.c:83] Ch = f
[2025-11-21 01:53:31] [DEBUG] [drone.c:122] Position: X: 1.000000 Y: 1.000000
[2025-11-21 01:53:31] [DEBUG] [drone.c:83] Ch = f
[2025-11-21 01:53:31] [DEBUG] [drone.c:122] Position: X: 1.000000 Y: 1.000000
[2025-11-21 01:53:31] [DEBUG] [drone.c:83] Ch = f
[2025-11-21 01:53:31] [DEBUG] [drone.c:122] Position: X: 1.000000 Y: 1.000000
[2025-11-21 01:53:31] [DEBUG] [drone.c:83] Ch = f
[2025-11-21 01:53:31] [DEBUG] [drone.c:122] Position: X: 1.000000 Y: 1.000000
[2025-11-21 01:53:31] [DEBUG] [drone.c:83] Ch = f
[2025-11-21 01:53:31] [DEBUG] [drone.c:122] Position: X: 1.000000 Y: 1.000000
[2025-11-21 01:53:31] [DEBUG] [drone.c:83] Ch = f
[2025-11-21 01:53:31] [DEBUG] [drone.c:122] Position: X: 1.000000 Y: 1.000000
[2025-11-21 01:53:31] [DEBUG] [drone.c:83] Ch = f
[2025-11-21 01:53:31] [DEBUG] [drone.c:122] Position: X: 1.000000 Y: 1.000000
[2025-11-21 01:53:31] [DEBUG] [drone.c:83] Ch = f
[2025-11-21 01:53:31] [DEBUG] [drone.c:122] Position: X: 1.000000 Y: 1.000000
[2025-11-21 01:53:31] [DEBUG] [drone.c:83] Ch = f
[2025-11-21 01:53:31] [DEBUG] [drone.c:122] Position: X: 1.000000 Y: 1.000000
[2025-11-21 01:53:32] [DEBUG] [drone.c:83] Ch = f
[2025-11-21 01:53:32] [DEBUG] [drone.c:122] Position: X: 1.000000 Y: 1.000000
[2025-11-21 01:53:32] [DEBUG] [drone.c:83] Ch = f
[2025-11-21 01:53:32] [DEBUG] [drone.c:122] Position: X: 1.000000 Y: 1.000000
[2025-11-21 01:53:32] [DEBUG] [drone.c:83] Ch = f
[2025-11-21 01:53:32] [DEBUG] [drone.c:122] Position: X: 1.000000 Y: 1.000000
[2025-11-21 01:53:32] [DEBUG] [drone.c:83] Ch = f
[2025-11-21 01:53:32] [DEBUG] [drone.c:122] Position: X: 1.000000 Y: 1.000000
[2025-11-21 01:53:32] [DEBUG] [drone.c:83] Ch = f
[2025-11-21 01:53:32] [DEBUG] [drone.c:122] Position: X: 1.000000 Y: 1.000000
[2025-11-21 01:53:32] [DEBUG] [drone.c:83] Ch = f
[2025-11-21 01:53:32] [DEBUG] [drone.c:122] Position: X: 1.000000 Y: 1.000000
[2025-11-21 01:53:32] [DEBUG] [drone.c:83] Ch = f
[2025-11-21 01:53:32] [DEBUG] [drone.c:122] Position: X: 1.000000 Y: 1.000000
[2025-11-21 01:53:32] [DEBUG] [drone.c:83] Ch = f
[2025-11-21 01:53:32] [DEBUG] [drone.c:122] Position: X: 1.000000 Y: 1.000000
[2025-11-21 01:53:32] [DEBUG] [drone.c:83] Ch = f
[2025-11-21 01:53:32] [DEBUG] [drone.c:122] Position: X: 1.000000 Y: 1.000000
[2025-11-21 01:53:32] [DEBUG] [drone.c:83] Ch = f
[2025-11-21 01:53:32] [DEBUG] [drone.c:122] Position: X: 1.000000 Y: 1.000000
[2025-11-21 01:53:33] [DEBUG] [drone.c:83] Ch = f
[2025-11-21 01:53:33] [DEBUG] [drone.c:122] Position: X: 1.000000 Y: 1.000000
[2025-11-21 01:53:33] [DEBUG] [drone.c:83] Ch = f
[2025-11-21 01:53:33] [DEBUG] [drone.c:122] Position: X: 1.000000 Y: 1.000000
[2025-11-21 01:53:33] [DEBUG] [drone.c:83] Ch = f
[2025-11-21 01:53:33] [DEBUG] [drone.c:122] Position: X: 1.000000 Y: 1.000000
[2025-11-21 01:53:33] [DEBUG] [drone.c:83] Ch = f
[2025-11-21 01:53:33] [DEBUG] [drone.c:122] Position: X: 1.000000 Y: 1.000000
[2025-11-21 01:53:33] [DEBUG] [drone.c:83] Ch = f
[2025-11-21 01:53:33] [DEBUG] [drone.c:122] Position: X: 1.000000 Y: 1.000000
[2025-11-21 01:53:33] [DEBUG] [drone.c:83] Ch = f
[2025-11-21 01:53:33] [DEBUG] [drone.c:122] Position: X: 1.000000 Y: 1.000000
[2025-11-21 01:53:33] [DEBUG] [drone.c:83] Ch = f
[2025-11-21 01:53:33] [DEBUG] [drone.c:122] Position: X: 1.000000 Y: 1.000000
[2025-11-21 01:53:33] [DEBUG] [drone.c:83] Ch = f
[2025-11-21 01:53:33] [DEBUG] [drone.c:122] Position: X: 1.000000 Y: 1.000000
[2025-11-21 01:53:33] [DEBUG] [drone.c:83] Ch = f
[2025-11-21 01:53:33] [DEBUG] [drone.c:122] Position: X: 1.000000 Y: 1.000000
[2025-11-21 01:53:33] [DEBUG] [drone.c:83] Ch = f
[2025-11-21 01:53:33] [DEBUG] [drone.c:122] Position: X: 1.000000 Y: 1.000000
[2025-11-21 01:53:34] [DEBUG] [drone.c:83] Ch = f
[2025-11-21 01:53:34] [DEBUG] [drone.c:122] Position: X: 1.000000 Y: 1.000000
[2025-11-21 01:53:34] [DEBUG] [drone.c:83] Ch = f
[2025-11-21 01:53:34] [DEBUG] [drone.c:122] Position: X: 1.000000 Y: 1.000000
[2025-11-21 01:53:34] [DEBUG] [drone.c:83] Ch = f
[2025-11-21 01:53:34] [DEBUG] [drone.c:122] Position: X: 1.000000 Y: 1.000000
[2025-11-21 01:53:34] [DEBUG] [drone.c:83] Ch = f
[2025-11-21 01:53:34] [DEBUG] [drone.c:122] Position: X: 1.000000 Y: 1.000000
[2025-11-21 01:53:34] [DEBUG] [drone.c:83] Ch = f
[2025-11-21 01:53:34] [DEBUG] [drone.c:122] Position: X: 1.000000 Y: 1.000000
[2025-11-21 01:53:34] [DEBUG] [drone.c:83] Ch = f
[2025-11-21 01:53:34] [DEBUG] [drone.c:122] Position: X: 1.000000 Y: 1.000000
[2025-11-21 01:53:34] [DEBUG] [drone.c:83] Ch = f
[2025-11-21 01:53:34] [DEBUG] [drone.c:122] Position: X: 1.000000 Y: 1.000000
[2025-11-21 01:53:34] [DEBUG] [drone.c:83] Ch = f
[2025-11-21 01:53:34] [DEBUG] [drone.c:122] Position: X: 1.000000 Y: 1.000000
[2025-11-21 01:53:34] [DEBUG] [drone.c:83] Ch = f
[2025-11-21 01:53:34] [DEBUG] [drone.c:122] Position: X: 1.000000 Y: 1.000000
[2025-11-21 01:53:34] [DEBUG] [drone.c:83] Ch = f
[2025-11-21 01:53:34] [DEBUG] [drone.c:122] Position: X: 1.000000 Y: 1.000000
[2025-11-21 01:53:35] [DEBUG] [drone.c:83] Ch = f
[2025-11-21 01:53:35] [DEBUG] [drone.c:122] Position: X: 1.000000 Y: 1.000000
[2025-11-21 01:53:35] [DEBUG] [drone.c:83] Ch = f
[2025-11-21 01:53:35] [DEBUG] [drone.c:122] Position: X: 1.000000 Y: 1.000000
[2025-11-21 01:53:35] [DEBUG] [drone.c:83] Ch = f
[2025-11-21 01:53:35] [DEBUG] [drone.c:122] Position: X: 1.000000 Y: 1.000000
[2025-11-21 01:53:35] [DEBUG] [drone.c:83] Ch = f
[2025-11-21 01:53:35] [DEBUG] [drone.c:122] Position: X: 1.000000 Y: 1.000000
[2025-11-21 01:53:35] [DEBUG] [drone.c:83] Ch = f
[2025-11-21 01:53:35] [DEBUG] [drone.c:122] Position: X: 1.000000 Y: 1.000000
[2025-11-21 01:53:35] [DEBUG] [drone.c:83] Ch = f
[2025-11-21 01:53:35] [DEBUG] [drone.c:122] Position: X: 1.000000 Y: 1.000000
[2025-11-21 01:53:35] [DEBUG] [drone.c:83] Ch = f
[2025-11-21 01:53:35] [DEBUG] [drone.c:122] Position: X: 1.000000 Y: 1.000000
[2025-11-21 01:53:35] [DEBUG] [drone.c:83] Ch = f
[2025-11-21 01:53:35] [DEBUG] [drone.c:122] Position: X: 1.000000 Y: 1.000000
[2025-11-21 01:53:35] [DEBUG] [drone.c:83] Ch = f
[2025-11-21 01:53:35] [DEBUG] [drone.c:122] Position: X: 1.000000 Y: 1.000000
[2025-11-21 01:53:35] [DEBUG] [drone.c:83] Ch = f
[2025-11-21 01:53:35] [DEBUG] [drone.c:122] Position: X: 1.000000 Y: 1.000000
[2025-11-21 01:53:36] [DEBUG] [drone.c:83] Ch = f
[2025-11-21 01:53:36] [DEBUG] [drone.c:122] Position: X: 1.000000 Y: 1.000000
[2025-11-21 01:53:36] [DEBUG] [drone.c:83] Ch = f
[2025-11-21 01:53:36] [DEBUG] [drone.c:122] Position: X: 1.000000 Y: 1.000000
[2025-11-21 01:53:36] [DEBUG] [drone.c:83] Ch = f
[2025-11-21 01:53:36] [DEBUG] [drone.c:122] Position: X: 1.000000 Y: 1.000000
[2025-11-21 01:53:36] [DEBUG] [drone.c:83] Ch = f
[2025-11-21 01:53:36] [DEBUG] [drone.c:122] Position: X: 1.000000 Y: 1.000000
[2025-11-21 01:53:36] [DEBUG] [drone.c:83] Ch = f
[2025-11-21 01:53:36] [DEBUG] [drone.c:122] Position: X: 1.000000 Y: 1.000000
[2025-11-21 01:53:36] [DEBUG] [drone.c:83] Ch = f
[2025-11-21 01:53:36] [DEBUG] [drone.c:122] Position: X: 1.000000 Y: 1.000000
[2025-11-21 01:53:36] [DEBUG] [drone.c:83] Ch = f
[2025-11-21 01:53:36] [DEBUG] [drone.c:122] Position: X: 1.000000 Y: 1.000000
[2025-11-21 01:53:36] [DEBUG] [drone.c:83] Ch = f
[2025-11-21 01:53:36] [DEBUG] [drone.c:122] Position: X: 1.000000 Y: 1.000000
[2025-11-21 01:53:36] [DEBUG] [drone.c:83] Ch = f
[2025-11-21 01:53:36] [DEBUG] [drone.c:122] Position: X: 1.000000 Y: 1.000000
[2025-11-21 01:53:36] [DEBUG] [drone.c:83] Ch = f
[2025-11-21 01:53:36] [DEBUG] [drone.c:122] Position: X: 1.000000 Y: 1.000000
[2025-11-21 01:53:37] [DEBUG] [drone.c:83] Ch = f
[2025-11-21 01:53:37] [DEBUG] [drone.c:122] Position: X: 1.000000 Y: 1.000000
[2025-11-21 01:53:37] [DEBUG] [drone.c:83] Ch = f
[2025-11-21 01:53:37] [DEBUG] [drone.c:122] Position: X: 1.000000 Y: 1.000000
[2025-11-21 01:53:37] [DEBUG] [drone.c:83] Ch = f
[2025-11-21 01:53:37] [DEBUG] [drone.c:122] Position: X: 1.000000 Y: 1.000000
[2025-11-21 01:53:37] [DEBUG] [drone.c:83] Ch = f
[2025-11-21 01:53:37] [DEBUG] [drone.c:122] Position: X: 1.000000 Y: 1.000000
[2025-11-21 01:53:37] [DEBUG] [drone.c:83] Ch = f
[2025-11-21 01:53:37] [DEBUG] [drone.c:122] Position: X: 1.000000 Y: 1.000000
[2025-11-21 01:53:37] [DEBUG] [drone.c:83] Ch = f
[2025-11-21 01:53:37] [DEBUG] [drone.c:122] Position: X: 1.000000 Y: 1.000000
[2025-11-21 01:53:37] [DEBUG] [drone.c:83] Ch = f
[2025-11-21 01:53:37] [DEBUG] [drone.c:122] Position: X: 1.000000 Y: 1.000000
[2025-11-21 01:53:37] [DEBUG] [drone.c:83] Ch = f
[2025-11-21 01:53:37] [DEBUG] [drone.c:122] Position: X: 1.000000 Y: 1.000000
[2025-11-21 01:53:37] [DEBUG] [drone.c:83] Ch = f
[2025-11-21 01:53:37] [DEBUG] [drone.c:122] Position: X: 1.000000 Y: 1.000000
[2025-11-21 01:53:37] [DEBUG] [drone.c:83] Ch = f
[2025-11-21 01:53:37] [DEBUG] [drone.c:122] Position: X: 1.000000 Y: 1.000000
[2025-11-21 01:53:38] [DEBUG] [drone.c:83] Ch = f
[2025-11-21 01:53:38] [DEBUG] [drone.c:122] Position: X: 1.000000 Y: 1.000000
[2025-11-21 01:53:38] [DEBUG] [drone.c:83] Ch = f
[2025-11-21 01:53:38] [DEBUG] [drone.c:122] Position: X: 1.000000 Y: 1.000000
[2025-11-21 01:53:38] [DEBUG] [drone.c:83] Ch = f
[2025-11-21 01:53:38] [DEBUG] [drone.c:122] Position: X: 1.000000 Y: 1.000000
[2025-11-21 01:53:38] [DEBUG] [drone.c:83] Ch = f
[2025-11-21 01:53:38] [DEBUG] [drone.c:122] Position: X: 1.000000 Y: 1.000000
[2025-11-21 01:53:38] [DEBUG] [drone.c:83] Ch = f
[2025-11-21 01:53:38] [DEBUG] [drone.c:122] Position: X: 1.000000 Y: 1.000000
[2025-11-21 01:53:38] [DEBUG] [drone.c:83] Ch = f
[2025-11-21 01:53:38] [DEBUG] [drone.c:122] Position: X: 1.000000 Y: 1.000000
[2025-11-21 01:53:38] [DEBUG] [drone.c:83] Ch = f
[2025-11-21 01:53:38] [DEBUG] [drone.c:122] Position: X: 1.000000 Y: 1.000000
[2025-11-21 01:53:38] [DEBUG] [drone.c:83] Ch = f
[2025-11-21 01:53:38] [DEBUG] [drone.c:122] Position: X: 1.000000 Y: 1.000000
[2025-11-21 01:53:38] [DEBUG] [drone.c:83] Ch = f
[2025-11-21 01:53:38] [DEBUG] [drone.c:122] Position: X: 1.000000 Y: 1.000000
[2025-11-21 01:53:38] [DEBUG] [drone.c:83] Ch = f
[2025-11-21 01:53:38] [DEBUG] [drone.c:122] Position: X: 1.000000 Y: 1.000000
[2025-11-21 01:53:39] [DEBUG] [drone.c:83] Ch = f
[2025-11-21 01:53:39] [DEBUG] [drone.c:122] Position: X: 1.000000 Y: 1.000000
[2025-11-21 01:53:39] [DEBUG] [drone.c:83] Ch = f
[2025-11-21 01:53:39] [DEBUG] [drone.c:122] Position: X: 1.000000 Y: 1.000000
[2025-11-21 01:53:39] [DEBUG] [drone.c:83] Ch = f
[2025-11-21 01:53:39] [DEBUG] [drone.c:122] Position: X: 1.000000 Y: 1.000000
[2025-11-21 01:53:39] [DEBUG] [drone.c:83] Ch = f
[2025-11-21 01:53:39] [DEBUG] [drone.c:122] Position: X: 1.000000 Y: 1.000000
[2025-11-21 01:53:39] [DEBUG] [drone.c:83] Ch = f
[2025-11-21 01:53:39] [DEBUG] [drone.c:122] Position: X: 1.000000 Y: 1.000000
[2025-11-21 01:53:39] [DEBUG] [drone.c:83] Ch = f
[2025-11-21 01:53:39] [DEBUG] [drone.c:122] Position: X: 1.000000 Y: 1.000000
[2025-11-21 01:53:39] [DEBUG] [drone.c:83] Ch = f
[2025-11-21 01:53:39] [DEBUG] [drone.c:122] Position: X: 1.000000 Y: 1.000000
[2025-11-21 01:53:39] [DEBUG] [drone.c:83] Ch = f
[2025-11-21 01:53:39] [DEBUG] [drone.c:122] Position: X: 1.000000 Y: 1.000000
[2025-11-21 01:53:39] [DEBUG] [drone.c:83] Ch = f
[2025-11-21 01:53:39] [DEBUG] [drone.c:122] Position: X: 1.000000 Y: 1.000000
[2025-11-21 01:53:39] [DEBUG] [drone.c:83] Ch = f
[2025-11-21 01:53:39] [DEBUG] [drone.c:122] Position: X: 1.000000 Y: 1.000000
[2025-11-21 01:53:40] [DEBUG] [drone.c:83] Ch = f
[2025-11-21 01:53:40] [DEBUG] [drone.c:122] Position: X: 1.000000 Y: 1.000000
[2025-11-21 01:53:40] [DEBUG] [drone.c:83] Ch = f
[2025-11-21 01:53:40] [DEBUG] [drone.c:122] Position: X: 1.000000 Y: 1.000000
[2025-11-21 01:53:40] [DEBUG] [drone.c:83] Ch = f
[2025-11-21 01:53:40] [DEBUG] [drone.c:122] Position: X: 1.000000 Y: 1.000000
[2025-11-21 01:53:40] [DEBUG] [drone.c:83] Ch = f
[2025-11-21 01:53:40] [DEBUG] [drone.c:122] Position: X: 1.000000 Y: 1.000000
[2025-11-21 01:53:40] [DEBUG] [drone.c:83] Ch = f
[2025-11-21 01:53:40] [DEBUG] [drone.c:122] Position: X: 1.000000 Y: 1.000000
[2025-11-21 01:53:40] [DEBUG] [drone.c:83] Ch = f
[2025-11-21 01:53:40] [DEBUG] [drone.c:122] Position: X: 1.000000 Y: 1.000000
[2025-11-21 01:53:40] [DEBUG] [drone.c:83] Ch = f
[2025-11-21 01:53:40] [DEBUG] [drone.c:122] Position: X: 1.000000 Y: 1.000000
[2025-11-21 01:53:40] [DEBUG] [drone.c:83] Ch = f
[2025-11-21 01:53:40] [DEBUG] [drone.c:122] Position: X: 1.000000 Y: 1.000000
[2025-11-21 01:53:40] [DEBUG] [drone.c:83] Ch = f
[2025-11-21 01:53:40] [DEBUG] [drone.c:122] Position: X: 1.000000 Y: 1.000000
[2025-11-21 01:53:40] [DEBUG] [drone.c:83] Ch = f
[2025-11-21 01:53:40] [DEBUG] [drone.c:122] Position: X: 1.000000 Y: 1.000000
[2025-11-21 01:53:41] [DEBUG] [drone.c:83] Ch = f
[2025-11-21 01:53:41] [DEBUG] [drone.c:122] Position: X: 1.000000 Y: 1.000000
[2025-11-21 01:53:41] [DEBUG] [drone.c:83] Ch = f
[2025-11-21 01:53:41] [DEBUG] [drone.c:122] Position: X: 1.000000 Y: 1.000000
[2025-11-21 01:53:41] [DEBUG] [drone.c:83] Ch = f
[2025-11-21 01:53:41] [DEBUG] [drone.c:122] Position: X: 1.000000 Y: 1.000000
[2025-11-21 01:53:41] [DEBUG] [obstacle.c:87] The char is o
[2025-11-21 01:53:41] [DEBUG] [obstacle.c:35] Width: 131, Height: 49
[2025-11-21 01:53:41] [DEBUG] [BB.c:208] size Changed
[2025-11-21 01:53:41] [DEBUG] [drone.c:83] Ch = s
[2025-11-21 01:53:41] [WARN ] [drone.c:95] caso s
[2025-11-21 01:53:41] [DEBUG] [obstacle.c:87] The char is o
[2025-11-21 01:53:41] [DEBUG] [obstacle.c:35] Width: 131, Height: 48
[2025-11-21 01:53:42] [DEBUG] [obstacle.c:87] The char is o
[2025-11-21 01:53:42] [DEBUG] [obstacle.c:35] Width: 131, Height: 47
[2025-11-21 01:53:42] [DEBUG] [obstacle.c:87] The char is o
[2025-11-21 01:53:42] [DEBUG] [obstacle.c:35] Width: 131, Height: 46
[2025-11-21 01:53:42] [DEBUG] [obstacle.c:87] The char is o
[2025-11-21 01:53:42] [DEBUG] [obstacle.c:35] Width: 131, Height: 45
[2025-11-21 01:53:45] [DEBUG] [drone.c:98] Letto forza post resize quit
[2025-11-21 01:53:45] [DEBUG] [obstacle.c:87] The char is q
[2025-11-21 01:53:45] [DEBUG] [drone.c:122] Position: X: 1.000000 Y: 1.000000
[2025-11-21 01:53:45] [DEBUG] [drone.c:83] Ch = 1
[2025-11-21 01:53:45] [ERROR] [drone.c:102] ERRORE nel formato
[2025-11-21 01:53:45] [DEBUG] [drone.c:122] Position: X: 1.000000 Y: 1.000000
[2025-11-21 01:56:32] [DEBUG] [BB.c:141] height: 45 Width: 131
[2025-11-21 01:56:32] [DEBUG] [drone.c:75] Inizio il ciclo
[2025-11-21 01:56:32] [DEBUG] [obstacle.c:87] The char is o
[2025-11-21 01:56:32] [DEBUG] [obstacle.c:35] Width: 131, Height: 45
[2025-11-21 01:56:32] [DEBUG] [drone.c:83] Ch = f
[2025-11-21 01:56:32] [DEBUG] [drone.c:122] Position: X: 1.000000 Y: 1.000000
[2025-11-21 01:56:32] [DEBUG] [drone.c:83] Ch = f
[2025-11-21 01:56:32] [DEBUG] [drone.c:122] Position: X: 1.000000 Y: 1.000000
[2025-11-21 01:56:32] [DEBUG] [drone.c:83] Ch = f
[2025-11-21 01:56:32] [DEBUG] [drone.c:122] Position: X: 1.000000 Y: 1.000000
[2025-11-21 01:56:32] [DEBUG] [drone.c:83] Ch = f
[2025-11-21 01:56:32] [DEBUG] [drone.c:122] Position: X: 1.000000 Y: 1.000000
[2025-11-21 01:56:32] [DEBUG] [drone.c:83] Ch = f
[2025-11-21 01:56:32] [DEBUG] [drone.c:122] Position: X: 1.000000 Y: 1.000000
[2025-11-21 01:56:33] [DEBUG] [drone.c:83] Ch = f
[2025-11-21 01:56:33] [DEBUG] [drone.c:122] Position: X: 1.000000 Y: 1.000000
[2025-11-21 01:56:33] [DEBUG] [drone.c:83] Ch = f
[2025-11-21 01:56:33] [DEBUG] [drone.c:122] Position: X: 1.000000 Y: 1.000000
[2025-11-21 01:56:33] [DEBUG] [drone.c:83] Ch = f
[2025-11-21 01:56:33] [DEBUG] [drone.c:122] Position: X: 1.000000 Y: 1.000000
[2025-11-21 01:56:33] [DEBUG] [drone.c:83] Ch = f
[2025-11-21 01:56:33] [DEBUG] [drone.c:122] Position: X: 1.000000 Y: 1.000000
[2025-11-21 01:56:33] [DEBUG] [drone.c:83] Ch = f
[2025-11-21 01:56:33] [DEBUG] [drone.c:122] Position: X: 1.000000 Y: 1.000000
[2025-11-21 01:56:33] [DEBUG] [drone.c:83] Ch = f
[2025-11-21 01:56:33] [DEBUG] [drone.c:122] Position: X: 1.000000 Y: 1.000000
[2025-11-21 01:56:33] [DEBUG] [drone.c:83] Ch = f
[2025-11-21 01:56:33] [DEBUG] [drone.c:122] Position: X: 1.000000 Y: 1.000000
[2025-11-21 01:56:33] [DEBUG] [drone.c:83] Ch = f
[2025-11-21 01:56:33] [DEBUG] [drone.c:122] Position: X: 1.000000 Y: 1.000000
[2025-11-21 01:56:33] [DEBUG] [drone.c:83] Ch = f
[2025-11-21 01:56:33] [DEBUG] [drone.c:122] Position: X: 1.000000 Y: 1.000000
[2025-11-21 01:56:33] [DEBUG] [drone.c:83] Ch = f
[2025-11-21 01:56:33] [DEBUG] [drone.c:122] Position: X: 1.000000 Y: 1.000000
[2025-11-21 01:56:34] [DEBUG] [drone.c:83] Ch = f
[2025-11-21 01:56:34] [DEBUG] [drone.c:122] Position: X: 1.000000 Y: 1.000000
[2025-11-21 01:56:34] [DEBUG] [drone.c:83] Ch = f
[2025-11-21 01:56:34] [DEBUG] [drone.c:122] Position: X: 1.000000 Y: 1.000000
[2025-11-21 01:56:34] [DEBUG] [drone.c:83] Ch = f
[2025-11-21 01:56:34] [DEBUG] [drone.c:122] Position: X: 1.000000 Y: 1.000000
[2025-11-21 01:56:34] [DEBUG] [drone.c:83] Ch = f
[2025-11-21 01:56:34] [DEBUG] [drone.c:122] Position: X: 1.000000 Y: 1.000000
[2025-11-21 01:56:34] [DEBUG] [drone.c:83] Ch = f
[2025-11-21 01:56:34] [DEBUG] [drone.c:122] Position: X: 1.000000 Y: 1.000000
[2025-11-21 01:56:34] [DEBUG] [drone.c:83] Ch = f
[2025-11-21 01:56:34] [DEBUG] [drone.c:122] Position: X: 1.000000 Y: 1.000000
[2025-11-21 01:56:34] [DEBUG] [drone.c:83] Ch = f
[2025-11-21 01:56:34] [DEBUG] [drone.c:122] Position: X: 1.000000 Y: 1.000000
[2025-11-21 01:56:34] [DEBUG] [drone.c:83] Ch = f
[2025-11-21 01:56:34] [DEBUG] [drone.c:122] Position: X: 1.000000 Y: 1.000000
[2025-11-21 01:56:34] [DEBUG] [drone.c:83] Ch = f
[2025-11-21 01:56:34] [DEBUG] [drone.c:122] Position: X: 1.000000 Y: 1.000000
[2025-11-21 01:56:34] [DEBUG] [drone.c:83] Ch = f
[2025-11-21 01:56:34] [DEBUG] [drone.c:122] Position: X: 1.000000 Y: 1.000000
[2025-11-21 01:56:35] [DEBUG] [drone.c:83] Ch = f
[2025-11-21 01:56:35] [DEBUG] [drone.c:122] Position: X: 1.000000 Y: 1.000000
[2025-11-21 01:56:35] [DEBUG] [drone.c:83] Ch = f
[2025-11-21 01:56:35] [DEBUG] [drone.c:122] Position: X: 1.000000 Y: 1.000000
[2025-11-21 01:56:35] [DEBUG] [drone.c:83] Ch = f
[2025-11-21 01:56:35] [DEBUG] [drone.c:122] Position: X: 1.000000 Y: 1.000000
[2025-11-21 01:56:35] [DEBUG] [drone.c:83] Ch = f
[2025-11-21 01:56:35] [DEBUG] [drone.c:122] Position: X: 1.000000 Y: 1.000000
[2025-11-21 01:56:35] [DEBUG] [drone.c:83] Ch = f
[2025-11-21 01:56:35] [DEBUG] [drone.c:122] Position: X: 1.000000 Y: 1.000000
[2025-11-21 01:56:35] [DEBUG] [drone.c:83] Ch = f
[2025-11-21 01:56:35] [DEBUG] [drone.c:122] Position: X: 1.000000 Y: 1.000000
[2025-11-21 01:56:35] [DEBUG] [drone.c:83] Ch = f
[2025-11-21 01:56:35] [DEBUG] [drone.c:122] Position: X: 1.000000 Y: 1.000000
[2025-11-21 01:56:35] [DEBUG] [drone.c:83] Ch = f
[2025-11-21 01:56:35] [DEBUG] [drone.c:122] Position: X: 1.000000 Y: 1.000000
[2025-11-21 01:56:35] [DEBUG] [drone.c:83] Ch = f
[2025-11-21 01:56:35] [DEBUG] [drone.c:122] Position: X: 1.000000 Y: 1.000000
[2025-11-21 01:56:35] [DEBUG] [drone.c:83] Ch = f
[2025-11-21 01:56:35] [DEBUG] [drone.c:122] Position: X: 1.000000 Y: 1.000000
[2025-11-21 01:56:36] [DEBUG] [drone.c:83] Ch = f
[2025-11-21 01:56:36] [DEBUG] [drone.c:122] Position: X: 1.000000 Y: 1.000000
[2025-11-21 01:56:36] [DEBUG] [drone.c:83] Ch = f
[2025-11-21 01:56:36] [DEBUG] [drone.c:122] Position: X: 1.000000 Y: 1.000000
[2025-11-21 01:56:36] [DEBUG] [drone.c:83] Ch = f
[2025-11-21 01:56:36] [DEBUG] [drone.c:122] Position: X: 1.000000 Y: 1.000000
[2025-11-21 01:56:36] [DEBUG] [drone.c:83] Ch = f
[2025-11-21 01:56:36] [DEBUG] [drone.c:122] Position: X: 1.000000 Y: 1.000000
[2025-11-21 01:56:36] [DEBUG] [drone.c:83] Ch = f
[2025-11-21 01:56:36] [DEBUG] [drone.c:122] Position: X: 1.000000 Y: 1.000000
[2025-11-21 01:56:36] [DEBUG] [drone.c:83] Ch = f
[2025-11-21 01:56:36] [DEBUG] [drone.c:122] Position: X: 1.000000 Y: 1.000000
[2025-11-21 01:56:36] [DEBUG] [drone.c:83] Ch = f
[2025-11-21 01:56:36] [DEBUG] [drone.c:122] Position: X: 1.000000 Y: 1.000000
[2025-11-21 01:56:36] [DEBUG] [drone.c:83] Ch = f
[2025-11-21 01:56:36] [DEBUG] [drone.c:122] Position: X: 1.000000 Y: 1.000000
[2025-11-21 01:56:36] [DEBUG] [drone.c:83] Ch = f
[2025-11-21 01:56:36] [DEBUG] [drone.c:122] Position: X: 1.000000 Y: 1.000000
[2025-11-21 01:56:36] [DEBUG] [drone.c:83] Ch = f
[2025-11-21 01:56:36] [DEBUG] [drone.c:122] Position: X: 1.000000 Y: 1.000000
[2025-11-21 01:56:37] [DEBUG] [drone.c:83] Ch = f
[2025-11-21 01:56:37] [DEBUG] [drone.c:122] Position: X: 1.000000 Y: 1.000000
[2025-11-21 01:56:37] [DEBUG] [drone.c:83] Ch = f
[2025-11-21 01:56:37] [DEBUG] [drone.c:122] Position: X: 1.000000 Y: 1.000000
[2025-11-21 01:56:37] [DEBUG] [drone.c:83] Ch = f
[2025-11-21 01:56:37] [DEBUG] [drone.c:122] Position: X: 1.000000 Y: 1.000000
[2025-11-21 01:56:37] [DEBUG] [drone.c:83] Ch = f
[2025-11-21 01:56:37] [DEBUG] [drone.c:122] Position: X: 1.000000 Y: 1.000000
[2025-11-21 01:56:37] [DEBUG] [drone.c:83] Ch = f
[2025-11-21 01:56:37] [DEBUG] [drone.c:122] Position: X: 1.000000 Y: 1.000000
[2025-11-21 01:56:37] [DEBUG] [drone.c:83] Ch = f
[2025-11-21 01:56:37] [DEBUG] [drone.c:122] Position: X: 1.000000 Y: 1.000000
[2025-11-21 01:56:37] [DEBUG] [drone.c:83] Ch = f
[2025-11-21 01:56:37] [DEBUG] [drone.c:122] Position: X: 1.000000 Y: 1.000000
[2025-11-21 01:56:37] [DEBUG] [drone.c:83] Ch = f
[2025-11-21 01:56:37] [DEBUG] [drone.c:122] Position: X: 1.000000 Y: 1.000000
[2025-11-21 01:56:37] [DEBUG] [drone.c:83] Ch = f
[2025-11-21 01:56:37] [DEBUG] [drone.c:122] Position: X: 1.000000 Y: 1.000000
[2025-11-21 01:56:37] [DEBUG] [drone.c:83] Ch = f
[2025-11-21 01:56:37] [DEBUG] [drone.c:122] Position: X: 1.000000 Y: 1.000000
[2025-11-21 01:56:38] [DEBUG] [drone.c:83] Ch = f
[2025-11-21 01:56:38] [DEBUG] [drone.c:122] Position: X: 1.000000 Y: 1.000000
[2025-11-21 01:56:38] [DEBUG] [drone.c:83] Ch = f
[2025-11-21 01:56:38] [DEBUG] [drone.c:122] Position: X: 1.000000 Y: 1.000000
[2025-11-21 01:56:38] [DEBUG] [drone.c:83] Ch = f
[2025-11-21 01:56:38] [DEBUG] [drone.c:122] Position: X: 1.000000 Y: 1.000000
[2025-11-21 01:56:38] [DEBUG] [drone.c:83] Ch = f
[2025-11-21 01:56:38] [DEBUG] [drone.c:122] Position: X: 1.000000 Y: 1.000000
[2025-11-21 01:56:38] [DEBUG] [drone.c:83] Ch = f
[2025-11-21 01:56:38] [DEBUG] [drone.c:122] Position: X: 1.000000 Y: 1.000000
[2025-11-21 01:56:38] [DEBUG] [drone.c:83] Ch = f
[2025-11-21 01:56:38] [DEBUG] [drone.c:122] Position: X: 1.000000 Y: 1.000000
[2025-11-21 01:56:38] [DEBUG] [drone.c:83] Ch = f
[2025-11-21 01:56:38] [DEBUG] [drone.c:122] Position: X: 1.000000 Y: 1.000000
[2025-11-21 01:56:38] [DEBUG] [drone.c:83] Ch = f
[2025-11-21 01:56:38] [DEBUG] [drone.c:122] Position: X: 1.000000 Y: 1.000000
[2025-11-21 01:56:38] [DEBUG] [drone.c:83] Ch = f
[2025-11-21 01:56:38] [DEBUG] [drone.c:122] Position: X: 1.000000 Y: 1.000000
[2025-11-21 01:56:38] [DEBUG] [drone.c:83] Ch = f
[2025-11-21 01:56:38] [DEBUG] [drone.c:122] Position: X: 1.000000 Y: 1.000000
[2025-11-21 01:56:39] [DEBUG] [drone.c:83] Ch = f
[2025-11-21 01:56:39] [DEBUG] [drone.c:122] Position: X: 1.000000 Y: 1.000000
[2025-11-21 01:56:39] [DEBUG] [drone.c:83] Ch = f
[2025-11-21 01:56:39] [DEBUG] [drone.c:122] Position: X: 1.000000 Y: 1.000000
[2025-11-21 01:56:39] [DEBUG] [drone.c:83] Ch = f
[2025-11-21 01:56:39] [DEBUG] [drone.c:122] Position: X: 1.000000 Y: 1.000000
[2025-11-21 01:56:39] [DEBUG] [drone.c:83] Ch = f
[2025-11-21 01:56:39] [DEBUG] [drone.c:122] Position: X: 1.000000 Y: 1.000000
[2025-11-21 01:56:39] [DEBUG] [drone.c:83] Ch = f
[2025-11-21 01:56:39] [DEBUG] [drone.c:122] Position: X: 1.000000 Y: 1.000000
[2025-11-21 01:56:39] [DEBUG] [drone.c:83] Ch = f
[2025-11-21 01:56:39] [DEBUG] [drone.c:122] Position: X: 1.000000 Y: 1.000000
[2025-11-21 01:56:39] [DEBUG] [drone.c:83] Ch = f
[2025-11-21 01:56:39] [DEBUG] [drone.c:122] Position: X: 1.000000 Y: 1.000000
[2025-11-21 01:56:39] [DEBUG] [drone.c:83] Ch = f
[2025-11-21 01:56:39] [DEBUG] [drone.c:122] Position: X: 1.000000 Y: 1.000000
[2025-11-21 01:56:39] [DEBUG] [drone.c:83] Ch = f
[2025-11-21 01:56:39] [DEBUG] [drone.c:122] Position: X: 1.000000 Y: 1.000000
[2025-11-21 01:56:39] [DEBUG] [drone.c:83] Ch = f
[2025-11-21 01:56:39] [DEBUG] [drone.c:122] Position: X: 1.000000 Y: 1.000000
[2025-11-21 01:56:40] [DEBUG] [drone.c:83] Ch = f
[2025-11-21 01:56:40] [DEBUG] [drone.c:122] Position: X: 1.000000 Y: 1.000000
[2025-11-21 01:56:40] [DEBUG] [drone.c:83] Ch = f
[2025-11-21 01:56:40] [DEBUG] [drone.c:122] Position: X: 1.000000 Y: 1.000000
[2025-11-21 01:56:40] [DEBUG] [drone.c:83] Ch = f
[2025-11-21 01:56:40] [DEBUG] [drone.c:122] Position: X: 1.000000 Y: 1.000000
[2025-11-21 01:56:40] [DEBUG] [drone.c:83] Ch = f
[2025-11-21 01:56:40] [DEBUG] [drone.c:122] Position: X: 1.000000 Y: 1.000000
[2025-11-21 01:56:40] [DEBUG] [drone.c:83] Ch = f
[2025-11-21 01:56:40] [DEBUG] [drone.c:122] Position: X: 1.000000 Y: 1.000000
[2025-11-21 01:56:40] [DEBUG] [drone.c:83] Ch = f
[2025-11-21 01:56:40] [DEBUG] [drone.c:122] Position: X: 1.000000 Y: 1.000000
[2025-11-21 01:56:40] [DEBUG] [drone.c:83] Ch = f
[2025-11-21 01:56:40] [DEBUG] [drone.c:122] Position: X: 1.000000 Y: 1.000000
[2025-11-21 01:56:40] [DEBUG] [drone.c:83] Ch = f
[2025-11-21 01:56:40] [DEBUG] [drone.c:122] Position: X: 1.000000 Y: 1.000000
[2025-11-21 01:56:40] [DEBUG] [drone.c:83] Ch = f
[2025-11-21 01:56:40] [DEBUG] [drone.c:122] Position: X: 1.000000 Y: 1.000000
[2025-11-21 01:56:40] [DEBUG] [drone.c:83] Ch = f
[2025-11-21 01:56:40] [DEBUG] [drone.c:122] Position: X: 1.000000 Y: 1.000000
[2025-11-21 01:56:41] [DEBUG] [drone.c:83] Ch = f
[2025-11-21 01:56:41] [DEBUG] [drone.c:122] Position: X: 1.000000 Y: 1.000000
[2025-11-21 01:56:41] [DEBUG] [drone.c:83] Ch = f
[2025-11-21 01:56:41] [DEBUG] [drone.c:122] Position: X: 1.000000 Y: 1.000000
[2025-11-21 01:56:41] [DEBUG] [drone.c:83] Ch = f
[2025-11-21 01:56:41] [DEBUG] [drone.c:122] Position: X: 1.000000 Y: 1.000000
[2025-11-21 01:56:41] [DEBUG] [drone.c:83] Ch = f
[2025-11-21 01:56:41] [DEBUG] [drone.c:122] Position: X: 1.000000 Y: 1.000000
[2025-11-21 01:56:41] [DEBUG] [drone.c:83] Ch = f
[2025-11-21 01:56:41] [DEBUG] [drone.c:122] Position: X: 1.000000 Y: 1.000000
[2025-11-21 01:56:41] [DEBUG] [drone.c:83] Ch = f
[2025-11-21 01:56:41] [DEBUG] [drone.c:122] Position: X: 1.000000 Y: 1.000000
[2025-11-21 01:56:41] [DEBUG] [drone.c:83] Ch = f
[2025-11-21 01:56:41] [DEBUG] [drone.c:122] Position: X: 1.000000 Y: 1.000000
[2025-11-21 01:56:41] [DEBUG] [drone.c:83] Ch = f
[2025-11-21 01:56:41] [DEBUG] [drone.c:122] Position: X: 1.000000 Y: 1.000000
[2025-11-21 01:56:41] [DEBUG] [drone.c:83] Ch = f
[2025-11-21 01:56:41] [DEBUG] [drone.c:122] Position: X: 1.000000 Y: 1.000000
[2025-11-21 01:56:41] [DEBUG] [drone.c:83] Ch = f
[2025-11-21 01:56:41] [DEBUG] [drone.c:122] Position: X: 1.000000 Y: 1.000000
[2025-11-21 01:56:42] [DEBUG] [drone.c:83] Ch = f
[2025-11-21 01:56:42] [DEBUG] [drone.c:122] Position: X: 1.000000 Y: 1.000000
[2025-11-21 01:56:42] [DEBUG] [drone.c:83] Ch = f
[2025-11-21 01:56:42] [DEBUG] [drone.c:122] Position: X: 1.000000 Y: 1.000000
[2025-11-21 01:56:42] [DEBUG] [drone.c:83] Ch = f
[2025-11-21 01:56:42] [DEBUG] [drone.c:122] Position: X: 1.000000 Y: 1.000000
[2025-11-21 01:56:42] [DEBUG] [drone.c:83] Ch = f
[2025-11-21 01:56:42] [DEBUG] [drone.c:122] Position: X: 1.000000 Y: 1.000000
[2025-11-21 01:56:42] [DEBUG] [drone.c:83] Ch = f
[2025-11-21 01:56:42] [DEBUG] [drone.c:122] Position: X: 1.000000 Y: 1.000000
[2025-11-21 01:56:42] [DEBUG] [obstacle.c:87] The char is o
[2025-11-21 01:56:42] [DEBUG] [obstacle.c:35] Width: 131, Height: 44
[2025-11-21 01:56:42] [DEBUG] [BB.c:209] size Changed
[2025-11-21 01:56:42] [DEBUG] [drone.c:83] Ch = s
[2025-11-21 01:56:42] [WARN ] [drone.c:95] caso s
[2025-11-21 01:56:43] [DEBUG] [obstacle.c:87] The char is o
[2025-11-21 01:56:43] [DEBUG] [obstacle.c:35] Width: 131, Height: 43
[2025-11-21 01:56:43] [DEBUG] [obstacle.c:87] The char is o
[2025-11-21 01:56:43] [DEBUG] [obstacle.c:35] Width: 131, Height: 42
[2025-11-21 01:56:43] [DEBUG] [obstacle.c:87] The char is o
[2025-11-21 01:56:43] [DEBUG] [obstacle.c:35] Width: 131, Height: 41
[2025-11-21 01:56:43] [DEBUG] [obstacle.c:87] The char is o
[2025-11-21 01:56:43] [DEBUG] [obstacle.c:35] Width: 131, Height: 40
[2025-11-21 01:56:44] [DEBUG] [obstacle.c:87] The char is o
[2025-11-21 01:56:44] [DEBUG] [obstacle.c:35] Width: 131, Height: 39
[2025-11-21 01:56:44] [DEBUG] [obstacle.c:87] The char is o
[2025-11-21 01:56:44] [DEBUG] [obstacle.c:35] Width: 131, Height: 38
[2025-11-21 01:56:44] [DEBUG] [obstacle.c:87] The char is o
[2025-11-21 01:56:44] [DEBUG] [obstacle.c:35] Width: 131, Height: 37
[2025-11-21 01:56:44] [DEBUG] [obstacle.c:87] The char is o
[2025-11-21 01:56:44] [DEBUG] [obstacle.c:35] Width: 131, Height: 36
[2025-11-21 01:56:44] [DEBUG] [obstacle.c:87] The char is o
[2025-11-21 01:56:44] [DEBUG] [obstacle.c:35] Width: 131, Height: 35
[2025-11-21 01:56:44] [DEBUG] [obstacle.c:87] The char is o
[2025-11-21 01:56:44] [DEBUG] [obstacle.c:35] Width: 131, Height: 34
[2025-11-21 01:56:44] [DEBUG] [obstacle.c:87] The char is o
[2025-11-21 01:56:44] [DEBUG] [obstacle.c:35] Width: 131, Height: 33
[2025-11-21 01:56:44] [DEBUG] [obstacle.c:87] The char is o
[2025-11-21 01:56:44] [DEBUG] [obstacle.c:35] Width: 131, Height: 32
[2025-11-21 01:56:44] [DEBUG] [obstacle.c:87] The char is o
[2025-11-21 01:56:44] [DEBUG] [obstacle.c:35] Width: 131, Height: 31
[2025-11-21 01:56:45] [DEBUG] [obstacle.c:87] The char is o
[2025-11-21 01:56:45] [DEBUG] [obstacle.c:35] Width: 131, Height: 32
[2025-11-21 01:56:45] [DEBUG] [obstacle.c:87] The char is o
[2025-11-21 01:56:45] [DEBUG] [obstacle.c:35] Width: 131, Height: 33
[2025-11-21 01:56:45] [DEBUG] [obstacle.c:87] The char is o
[2025-11-21 01:56:45] [DEBUG] [obstacle.c:35] Width: 131, Height: 34
[2025-11-21 01:56:45] [DEBUG] [obstacle.c:87] The char is o
[2025-11-21 01:56:45] [DEBUG] [obstacle.c:35] Width: 131, Height: 35
[2025-11-21 01:56:45] [DEBUG] [obstacle.c:87] The char is o
[2025-11-21 01:56:45] [DEBUG] [obstacle.c:35] Width: 131, Height: 36
[2025-11-21 01:56:45] [DEBUG] [obstacle.c:87] The char is o
[2025-11-21 01:56:45] [DEBUG] [obstacle.c:35] Width: 131, Height: 37
[2025-11-21 01:56:45] [DEBUG] [obstacle.c:87] The char is o
[2025-11-21 01:56:45] [DEBUG] [obstacle.c:35] Width: 131, Height: 38
[2025-11-21 01:56:45] [DEBUG] [obstacle.c:87] The char is o
[2025-11-21 01:56:45] [DEBUG] [obstacle.c:35] Width: 131, Height: 39
[2025-11-21 01:56:45] [DEBUG] [obstacle.c:87] The char is o
[2025-11-21 01:56:45] [DEBUG] [obstacle.c:35] Width: 131, Height: 40
[2025-11-21 01:56:45] [DEBUG] [obstacle.c:87] The char is o
[2025-11-21 01:56:45] [DEBUG] [obstacle.c:35] Width: 131, Height: 41
[2025-11-21 01:56:46] [DEBUG] [obstacle.c:87] The char is o
[2025-11-21 01:56:46] [DEBUG] [obstacle.c:35] Width: 131, Height: 42
[2025-11-21 01:56:46] [DEBUG] [obstacle.c:87] The char is o
[2025-11-21 01:56:46] [DEBUG] [obstacle.c:35] Width: 131, Height: 43
[2025-11-21 01:56:46] [DEBUG] [obstacle.c:87] The char is o
[2025-11-21 01:56:46] [DEBUG] [obstacle.c:35] Width: 131, Height: 44
[2025-11-21 01:56:46] [DEBUG] [obstacle.c:87] The char is o
[2025-11-21 01:56:46] [DEBUG] [obstacle.c:35] Width: 131, Height: 45
[2025-11-21 01:56:46] [DEBUG] [obstacle.c:87] The char is o
[2025-11-21 01:56:46] [DEBUG] [obstacle.c:35] Width: 131, Height: 46
[2025-11-21 01:56:46] [DEBUG] [obstacle.c:87] The char is o
[2025-11-21 01:56:46] [DEBUG] [obstacle.c:35] Width: 131, Height: 47
[2025-11-21 01:56:46] [DEBUG] [obstacle.c:87] The char is o
[2025-11-21 01:56:46] [DEBUG] [obstacle.c:35] Width: 131, Height: 48
[2025-11-21 01:56:46] [DEBUG] [obstacle.c:87] The char is o
[2025-11-21 01:56:46] [DEBUG] [obstacle.c:35] Width: 131, Height: 49
[2025-11-21 01:56:46] [DEBUG] [obstacle.c:87] The char is o
[2025-11-21 01:56:46] [DEBUG] [obstacle.c:35] Width: 131, Height: 50
[2025-11-21 01:56:46] [DEBUG] [obstacle.c:87] The char is o
[2025-11-21 01:56:46] [DEBUG] [obstacle.c:35] Width: 131, Height: 51
[2025-11-21 01:56:46] [DEBUG] [obstacle.c:87] The char is o
[2025-11-21 01:56:46] [DEBUG] [obstacle.c:35] Width: 131, Height: 52
[2025-11-21 01:56:46] [DEBUG] [obstacle.c:87] The char is o
[2025-11-21 01:56:46] [DEBUG] [obstacle.c:35] Width: 131, Height: 53
[2025-11-21 01:56:47] [DEBUG] [obstacle.c:87] The char is o
[2025-11-21 01:56:47] [DEBUG] [obstacle.c:35] Width: 131, Height: 54
[2025-11-21 01:56:47] [DEBUG] [obstacle.c:87] The char is o
[2025-11-21 01:56:47] [DEBUG] [obstacle.c:35] Width: 131, Height: 53
[2025-11-21 01:56:47] [DEBUG] [obstacle.c:87] The char is o
[2025-11-21 01:56:47] [DEBUG] [obstacle.c:35] Width: 131, Height: 52
[2025-11-21 01:56:47] [DEBUG] [obstacle.c:87] The char is o
[2025-11-21 01:56:47] [DEBUG] [obstacle.c:35] Width: 131, Height: 51
[2025-11-21 01:56:47] [DEBUG] [obstacle.c:87] The char is o
[2025-11-21 01:56:47] [DEBUG] [obstacle.c:35] Width: 131, Height: 50
[2025-11-21 01:56:47] [DEBUG] [obstacle.c:87] The char is o
[2025-11-21 01:56:47] [DEBUG] [obstacle.c:35] Width: 131, Height: 49
[2025-11-21 01:56:47] [DEBUG] [obstacle.c:87] The char is o
[2025-11-21 01:56:47] [DEBUG] [obstacle.c:35] Width: 131, Height: 48
[2025-11-21 01:56:47] [DEBUG] [obstacle.c:87] The char is o
[2025-11-21 01:56:47] [DEBUG] [obstacle.c:35] Width: 131, Height: 47
[2025-11-21 01:56:47] [DEBUG] [obstacle.c:87] The char is o
[2025-11-21 01:56:47] [DEBUG] [obstacle.c:35] Width: 131, Height: 46
[2025-11-21 01:56:47] [DEBUG] [obstacle.c:87] The char is o
[2025-11-21 01:56:47] [DEBUG] [obstacle.c:35] Width: 131, Height: 44
[2025-11-21 01:56:47] [DEBUG] [obstacle.c:87] The char is o
[2025-11-21 01:56:47] [DEBUG] [obstacle.c:35] Width: 131, Height: 43
[2025-11-21 01:56:47] [DEBUG] [obstacle.c:87] The char is o
[2025-11-21 01:56:47] [DEBUG] [obstacle.c:35] Width: 131, Height: 42
[2025-11-21 01:56:47] [DEBUG] [obstacle.c:87] The char is o
[2025-11-21 01:56:47] [DEBUG] [obstacle.c:35] Width: 131, Height: 41
[2025-11-21 01:56:47] [DEBUG] [obstacle.c:87] The char is o
[2025-11-21 01:56:47] [DEBUG] [obstacle.c:35] Width: 131, Height: 42
[2025-11-21 01:56:47] [DEBUG] [obstacle.c:87] The char is o
[2025-11-21 01:56:47] [DEBUG] [obstacle.c:35] Width: 131, Height: 43
[2025-11-21 01:56:47] [DEBUG] [obstacle.c:87] The char is o
[2025-11-21 01:56:47] [DEBUG] [obstacle.c:35] Width: 131, Height: 44
[2025-11-21 01:56:47] [DEBUG] [obstacle.c:87] The char is o
[2025-11-21 01:56:47] [DEBUG] [obstacle.c:35] Width: 131, Height: 45
[2025-11-21 01:56:47] [DEBUG] [obstacle.c:87] The char is o
[2025-11-21 01:56:47] [DEBUG] [obstacle.c:35] Width: 131, Height: 46
[2025-11-21 01:56:47] [DEBUG] [obstacle.c:87] The char is o
[2025-11-21 01:56:47] [DEBUG] [obstacle.c:35] Width: 131, Height: 47
[2025-11-21 01:56:47] [DEBUG] [obstacle.c:87] The char is o
[2025-11-21 01:56:47] [DEBUG] [obstacle.c:35] Width: 131, Height: 48
[2025-11-21 01:56:47] [DEBUG] [obstacle.c:87] The char is o
[2025-11-21 01:56:47] [DEBUG] [obstacle.c:35] Width: 131, Height: 49
[2025-11-21 01:56:47] [DEBUG] [obstacle.c:87] The char is o
[2025-11-21 01:56:47] [DEBUG] [obstacle.c:35] Width: 131, Height: 50
[2025-11-21 01:56:47] [DEBUG] [obstacle.c:87] The char is o
[2025-11-21 01:56:47] [DEBUG] [obstacle.c:35] Width: 131, Height: 51
[2025-11-21 01:56:47] [DEBUG] [obstacle.c:87] The char is o
[2025-11-21 01:56:47] [DEBUG] [obstacle.c:35] Width: 131, Height: 52
[2025-11-21 01:56:47] [DEBUG] [obstacle.c:87] The char is o
[2025-11-21 01:56:47] [DEBUG] [obstacle.c:35] Width: 131, Height: 53
[2025-11-21 01:56:48] [DEBUG] [obstacle.c:87] The char is o
[2025-11-21 01:56:48] [DEBUG] [obstacle.c:35] Width: 131, Height: 54
[2025-11-21 01:56:48] [DEBUG] [obstacle.c:87] The char is o
[2025-11-21 01:56:48] [DEBUG] [obstacle.c:35] Width: 131, Height: 55
[2025-11-21 01:56:48] [DEBUG] [obstacle.c:87] The char is o
[2025-11-21 01:56:48] [DEBUG] [obstacle.c:35] Width: 131, Height: 56
[2025-11-21 01:56:48] [DEBUG] [obstacle.c:87] The char is o
[2025-11-21 01:56:48] [DEBUG] [obstacle.c:35] Width: 131, Height: 55
[2025-11-21 01:56:48] [DEBUG] [obstacle.c:87] The char is o
[2025-11-21 01:56:48] [DEBUG] [obstacle.c:35] Width: 131, Height: 54
[2025-11-21 01:56:48] [DEBUG] [obstacle.c:87] The char is o
[2025-11-21 01:56:48] [DEBUG] [obstacle.c:35] Width: 131, Height: 53
[2025-11-21 01:56:48] [DEBUG] [obstacle.c:87] The char is o
[2025-11-21 01:56:48] [DEBUG] [obstacle.c:35] Width: 131, Height: 50
[2025-11-21 01:56:48] [DEBUG] [obstacle.c:87] The char is o
[2025-11-21 01:56:48] [DEBUG] [obstacle.c:35] Width: 131, Height: 49
[2025-11-21 01:56:48] [DEBUG] [obstacle.c:87] The char is o
[2025-11-21 01:56:48] [DEBUG] [obstacle.c:35] Width: 131, Height: 47
[2025-11-21 01:56:48] [DEBUG] [obstacle.c:87] The char is o
[2025-11-21 01:56:48] [DEBUG] [obstacle.c:35] Width: 131, Height: 46
[2025-11-21 01:56:48] [DEBUG] [obstacle.c:87] The char is o
[2025-11-21 01:56:48] [DEBUG] [obstacle.c:35] Width: 131, Height: 44
[2025-11-21 01:56:48] [DEBUG] [obstacle.c:87] The char is o
[2025-11-21 01:56:48] [DEBUG] [obstacle.c:35] Width: 131, Height: 43
[2025-11-21 01:56:48] [DEBUG] [obstacle.c:87] The char is o
[2025-11-21 01:56:48] [DEBUG] [obstacle.c:35] Width: 131, Height: 42
[2025-11-21 01:56:48] [DEBUG] [obstacle.c:87] The char is o
[2025-11-21 01:56:48] [DEBUG] [obstacle.c:35] Width: 131, Height: 41
[2025-11-21 01:56:48] [DEBUG] [obstacle.c:87] The char is o
[2025-11-21 01:56:48] [DEBUG] [obstacle.c:35] Width: 131, Height: 40
[2025-11-21 01:56:48] [DEBUG] [obstacle.c:87] The char is o
[2025-11-21 01:56:48] [DEBUG] [obstacle.c:35] Width: 131, Height: 39
[2025-11-21 01:56:48] [DEBUG] [obstacle.c:87] The char is o
[2025-11-21 01:56:48] [DEBUG] [obstacle.c:35] Width: 131, Height: 40
[2025-11-21 01:56:48] [DEBUG] [obstacle.c:87] The char is o
[2025-11-21 01:56:48] [DEBUG] [obstacle.c:35] Width: 131, Height: 41
[2025-11-21 01:56:48] [DEBUG] [obstacle.c:87] The char is o
[2025-11-21 01:56:48] [DEBUG] [obstacle.c:35] Width: 131, Height: 43
[2025-11-21 01:56:48] [DEBUG] [obstacle.c:87] The char is o
[2025-11-21 01:56:48] [DEBUG] [obstacle.c:35] Width: 131, Height: 44
[2025-11-21 01:56:48] [DEBUG] [obstacle.c:87] The char is o
[2025-11-21 01:56:48] [DEBUG] [obstacle.c:35] Width: 131, Height: 45
[2025-11-21 01:56:48] [DEBUG] [obstacle.c:87] The char is o
[2025-11-21 01:56:48] [DEBUG] [obstacle.c:35] Width: 131, Height: 46
[2025-11-21 01:56:48] [DEBUG] [obstacle.c:87] The char is o
[2025-11-21 01:56:48] [DEBUG] [obstacle.c:35] Width: 131, Height: 48
[2025-11-21 01:56:48] [DEBUG] [obstacle.c:87] The char is o
[2025-11-21 01:56:48] [DEBUG] [obstacle.c:35] Width: 131, Height: 49
[2025-11-21 01:56:48] [DEBUG] [obstacle.c:87] The char is o
[2025-11-21 01:56:48] [DEBUG] [obstacle.c:35] Width: 131, Height: 50
[2025-11-21 01:56:48] [DEBUG] [obstacle.c:87] The char is o
[2025-11-21 01:56:48] [DEBUG] [obstacle.c:35] Width: 131, Height: 51
[2025-11-21 01:56:48] [DEBUG] [obstacle.c:87] The char is o
[2025-11-21 01:56:48] [DEBUG] [obstacle.c:35] Width: 131, Height: 52
[2025-11-21 01:56:48] [DEBUG] [obstacle.c:87] The char is o
[2025-11-21 01:56:48] [DEBUG] [obstacle.c:35] Width: 131, Height: 53
[2025-11-21 01:56:48] [DEBUG] [obstacle.c:87] The char is o
[2025-11-21 01:56:48] [DEBUG] [obstacle.c:35] Width: 131, Height: 54
[2025-11-21 01:56:48] [DEBUG] [obstacle.c:87] The char is o
[2025-11-21 01:56:48] [DEBUG] [obstacle.c:35] Width: 131, Height: 53
[2025-11-21 01:56:48] [DEBUG] [obstacle.c:87] The char is o
[2025-11-21 01:56:48] [DEBUG] [obstacle.c:35] Width: 131, Height: 51
[2025-11-21 01:56:49] [DEBUG] [obstacle.c:87] The char is o
[2025-11-21 01:56:49] [DEBUG] [obstacle.c:35] Width: 131, Height: 49
[2025-11-21 01:56:49] [DEBUG] [obstacle.c:87] The char is o
[2025-11-21 01:56:49] [DEBUG] [obstacle.c:35] Width: 131, Height: 48
[2025-11-21 01:56:49] [DEBUG] [obstacle.c:87] The char is o
[2025-11-21 01:56:49] [DEBUG] [obstacle.c:35] Width: 131, Height: 49
[2025-11-21 01:56:49] [DEBUG] [obstacle.c:87] The char is o
[2025-11-21 01:56:49] [DEBUG] [obstacle.c:35] Width: 131, Height: 50
[2025-11-21 01:56:49] [DEBUG] [obstacle.c:87] The char is o
[2025-11-21 01:56:49] [DEBUG] [obstacle.c:35] Width: 131, Height: 51
[2025-11-21 01:56:49] [DEBUG] [obstacle.c:87] The char is o
[2025-11-21 01:56:49] [DEBUG] [obstacle.c:35] Width: 131, Height: 52
[2025-11-21 01:56:49] [DEBUG] [obstacle.c:87] The char is o
[2025-11-21 01:56:49] [DEBUG] [obstacle.c:35] Width: 131, Height: 53
[2025-11-21 01:56:49] [DEBUG] [obstacle.c:87] The char is o
[2025-11-21 01:56:49] [DEBUG] [obstacle.c:35] Width: 131, Height: 54
[2025-11-21 01:56:49] [DEBUG] [obstacle.c:87] The char is o
[2025-11-21 01:56:49] [DEBUG] [obstacle.c:35] Width: 131, Height: 55
[2025-11-21 01:56:49] [DEBUG] [obstacle.c:87] The char is o
[2025-11-21 01:56:49] [DEBUG] [obstacle.c:35] Width: 131, Height: 56
[2025-11-21 01:56:49] [DEBUG] [obstacle.c:87] The char is o
[2025-11-21 01:56:49] [DEBUG] [obstacle.c:35] Width: 131, Height: 57
[2025-11-21 01:56:54] [DEBUG] [I_process.c:77] New forze: 1 0
[2025-11-21 01:56:56] [DEBUG] [I_process.c:77] New forze: 2 0
[2025-11-21 01:56:57] [DEBUG] [drone.c:98] Letto forza post resize quit
[2025-11-21 01:56:57] [DEBUG] [obstacle.c:87] The char is q
[2025-11-21 01:56:57] [DEBUG] [drone.c:122] Position: X: 1.000000 Y: 1.000000
[2025-11-21 01:56:57] [DEBUG] [drone.c:83] Ch = 1
[2025-11-21 01:56:57] [ERROR] [drone.c:102] ERRORE nel formato
[2025-11-21 01:56:57] [DEBUG] [drone.c:122] Position: X: 1.000000 Y: 1.000000
[2025-11-21 01:57:54] [DEBUG] [BB.c:141] height: 57 Width: 131
[2025-11-21 01:57:54] [DEBUG] [drone.c:75] Inizio il ciclo
[2025-11-21 01:57:54] [DEBUG] [obstacle.c:87] The char is o
[2025-11-21 01:57:54] [DEBUG] [obstacle.c:35] Width: 131, Height: 57
[2025-11-21 01:57:54] [DEBUG] [drone.c:83] Ch = f
[2025-11-21 01:57:54] [DEBUG] [drone.c:122] Position: X: 1.000000 Y: 1.000000
[2025-11-21 01:57:54] [DEBUG] [drone.c:83] Ch = f
[2025-11-21 01:57:54] [DEBUG] [drone.c:122] Position: X: 1.000000 Y: 1.000000
[2025-11-21 01:57:54] [DEBUG] [drone.c:83] Ch = f
[2025-11-21 01:57:54] [DEBUG] [drone.c:122] Position: X: 1.000000 Y: 1.000000
[2025-11-21 01:57:55] [DEBUG] [drone.c:83] Ch = f
[2025-11-21 01:57:55] [DEBUG] [drone.c:122] Position: X: 1.000000 Y: 1.000000
[2025-11-21 01:57:55] [DEBUG] [drone.c:83] Ch = f
[2025-11-21 01:57:55] [DEBUG] [drone.c:122] Position: X: 1.000000 Y: 1.000000
[2025-11-21 01:57:55] [DEBUG] [drone.c:83] Ch = f
[2025-11-21 01:57:55] [DEBUG] [drone.c:122] Position: X: 1.000000 Y: 1.000000
[2025-11-21 01:57:55] [DEBUG] [drone.c:83] Ch = f
[2025-11-21 01:57:55] [DEBUG] [drone.c:122] Position: X: 1.000000 Y: 1.000000
[2025-11-21 01:57:55] [DEBUG] [drone.c:83] Ch = f
[2025-11-21 01:57:55] [DEBUG] [drone.c:122] Position: X: 1.000000 Y: 1.000000
[2025-11-21 01:57:55] [DEBUG] [drone.c:83] Ch = f
[2025-11-21 01:57:55] [DEBUG] [drone.c:122] Position: X: 1.000000 Y: 1.000000
[2025-11-21 01:57:55] [DEBUG] [drone.c:83] Ch = f
[2025-11-21 01:57:55] [DEBUG] [drone.c:122] Position: X: 1.000000 Y: 1.000000
[2025-11-21 01:57:55] [DEBUG] [drone.c:83] Ch = f
[2025-11-21 01:57:55] [DEBUG] [drone.c:122] Position: X: 1.000000 Y: 1.000000
[2025-11-21 01:57:55] [DEBUG] [drone.c:83] Ch = f
[2025-11-21 01:57:55] [DEBUG] [drone.c:122] Position: X: 1.000000 Y: 1.000000
[2025-11-21 01:57:55] [DEBUG] [drone.c:83] Ch = f
[2025-11-21 01:57:55] [DEBUG] [drone.c:122] Position: X: 1.000000 Y: 1.000000
[2025-11-21 01:57:56] [DEBUG] [drone.c:83] Ch = f
[2025-11-21 01:57:56] [DEBUG] [drone.c:122] Position: X: 1.000000 Y: 1.000000
[2025-11-21 01:57:56] [DEBUG] [drone.c:83] Ch = f
[2025-11-21 01:57:56] [DEBUG] [drone.c:122] Position: X: 1.000000 Y: 1.000000
[2025-11-21 01:57:56] [DEBUG] [drone.c:83] Ch = f
[2025-11-21 01:57:56] [DEBUG] [drone.c:122] Position: X: 1.000000 Y: 1.000000
[2025-11-21 01:57:56] [DEBUG] [drone.c:83] Ch = f
[2025-11-21 01:57:56] [DEBUG] [drone.c:122] Position: X: 1.000000 Y: 1.000000
[2025-11-21 01:57:56] [DEBUG] [drone.c:83] Ch = f
[2025-11-21 01:57:56] [DEBUG] [drone.c:122] Position: X: 1.000000 Y: 1.000000
[2025-11-21 01:57:56] [DEBUG] [drone.c:83] Ch = f
[2025-11-21 01:57:56] [DEBUG] [drone.c:122] Position: X: 1.000000 Y: 1.000000
[2025-11-21 01:57:56] [DEBUG] [drone.c:83] Ch = f
[2025-11-21 01:57:56] [DEBUG] [drone.c:122] Position: X: 1.000000 Y: 1.000000
[2025-11-21 01:57:56] [DEBUG] [drone.c:83] Ch = f
[2025-11-21 01:57:56] [DEBUG] [drone.c:122] Position: X: 1.000000 Y: 1.000000
[2025-11-21 01:57:56] [DEBUG] [drone.c:83] Ch = f
[2025-11-21 01:57:56] [DEBUG] [drone.c:122] Position: X: 1.000000 Y: 1.000000
[2025-11-21 01:57:56] [DEBUG] [drone.c:83] Ch = f
[2025-11-21 01:57:56] [DEBUG] [drone.c:122] Position: X: 1.000000 Y: 1.000000
[2025-11-21 01:57:57] [DEBUG] [drone.c:83] Ch = f
[2025-11-21 01:57:57] [DEBUG] [drone.c:122] Position: X: 1.000000 Y: 1.000000
[2025-11-21 01:57:57] [DEBUG] [drone.c:83] Ch = f
[2025-11-21 01:57:57] [DEBUG] [drone.c:122] Position: X: 1.000000 Y: 1.000000
[2025-11-21 01:57:57] [DEBUG] [drone.c:83] Ch = f
[2025-11-21 01:57:57] [DEBUG] [drone.c:122] Position: X: 1.000000 Y: 1.000000
[2025-11-21 01:57:57] [DEBUG] [drone.c:83] Ch = f
[2025-11-21 01:57:57] [DEBUG] [drone.c:122] Position: X: 1.000000 Y: 1.000000
[2025-11-21 01:57:57] [DEBUG] [drone.c:83] Ch = f
[2025-11-21 01:57:57] [DEBUG] [drone.c:122] Position: X: 1.000000 Y: 1.000000
[2025-11-21 01:57:57] [DEBUG] [drone.c:83] Ch = f
[2025-11-21 01:57:57] [DEBUG] [drone.c:122] Position: X: 1.000000 Y: 1.000000
[2025-11-21 01:57:57] [DEBUG] [drone.c:83] Ch = f
[2025-11-21 01:57:57] [DEBUG] [drone.c:122] Position: X: 1.000000 Y: 1.000000
[2025-11-21 01:57:57] [DEBUG] [drone.c:83] Ch = f
[2025-11-21 01:57:57] [DEBUG] [drone.c:122] Position: X: 1.000000 Y: 1.000000
[2025-11-21 01:57:57] [DEBUG] [drone.c:83] Ch = f
[2025-11-21 01:57:57] [DEBUG] [drone.c:122] Position: X: 1.000000 Y: 1.000000
[2025-11-21 01:57:57] [DEBUG] [drone.c:83] Ch = f
[2025-11-21 01:57:57] [DEBUG] [drone.c:122] Position: X: 1.000000 Y: 1.000000
[2025-11-21 01:57:58] [DEBUG] [drone.c:83] Ch = f
[2025-11-21 01:57:58] [DEBUG] [drone.c:122] Position: X: 1.000000 Y: 1.000000
[2025-11-21 01:57:58] [DEBUG] [drone.c:83] Ch = f
[2025-11-21 01:57:58] [DEBUG] [drone.c:122] Position: X: 1.000000 Y: 1.000000
[2025-11-21 01:57:58] [DEBUG] [drone.c:83] Ch = f
[2025-11-21 01:57:58] [DEBUG] [drone.c:122] Position: X: 1.000000 Y: 1.000000
[2025-11-21 01:57:58] [DEBUG] [drone.c:83] Ch = f
[2025-11-21 01:57:58] [DEBUG] [drone.c:122] Position: X: 1.000000 Y: 1.000000
[2025-11-21 01:57:58] [DEBUG] [drone.c:83] Ch = f
[2025-11-21 01:57:58] [DEBUG] [drone.c:122] Position: X: 1.000000 Y: 1.000000
[2025-11-21 01:57:58] [DEBUG] [drone.c:83] Ch = f
[2025-11-21 01:57:58] [DEBUG] [drone.c:122] Position: X: 1.000000 Y: 1.000000
[2025-11-21 01:57:58] [DEBUG] [drone.c:83] Ch = f
[2025-11-21 01:57:58] [DEBUG] [drone.c:122] Position: X: 1.000000 Y: 1.000000
[2025-11-21 01:57:58] [DEBUG] [drone.c:83] Ch = f
[2025-11-21 01:57:58] [DEBUG] [drone.c:122] Position: X: 1.000000 Y: 1.000000
[2025-11-21 01:57:58] [DEBUG] [drone.c:83] Ch = f
[2025-11-21 01:57:58] [DEBUG] [drone.c:122] Position: X: 1.000000 Y: 1.000000
[2025-11-21 01:57:58] [DEBUG] [drone.c:83] Ch = f
[2025-11-21 01:57:58] [DEBUG] [drone.c:122] Position: X: 1.000000 Y: 1.000000
[2025-11-21 01:57:59] [DEBUG] [drone.c:83] Ch = f
[2025-11-21 01:57:59] [DEBUG] [drone.c:122] Position: X: 1.000000 Y: 1.000000
[2025-11-21 01:57:59] [DEBUG] [drone.c:83] Ch = f
[2025-11-21 01:57:59] [DEBUG] [drone.c:122] Position: X: 1.000000 Y: 1.000000
[2025-11-21 01:57:59] [DEBUG] [drone.c:83] Ch = f
[2025-11-21 01:57:59] [DEBUG] [drone.c:122] Position: X: 1.000000 Y: 1.000000
[2025-11-21 01:57:59] [DEBUG] [drone.c:83] Ch = f
[2025-11-21 01:57:59] [DEBUG] [drone.c:122] Position: X: 1.000000 Y: 1.000000
[2025-11-21 01:57:59] [DEBUG] [drone.c:83] Ch = f
[2025-11-21 01:57:59] [DEBUG] [drone.c:122] Position: X: 1.000000 Y: 1.000000
[2025-11-21 01:57:59] [DEBUG] [drone.c:83] Ch = f
[2025-11-21 01:57:59] [DEBUG] [drone.c:122] Position: X: 1.000000 Y: 1.000000
[2025-11-21 01:57:59] [DEBUG] [drone.c:83] Ch = f
[2025-11-21 01:57:59] [DEBUG] [drone.c:122] Position: X: 1.000000 Y: 1.000000
[2025-11-21 01:57:59] [DEBUG] [drone.c:83] Ch = f
[2025-11-21 01:57:59] [DEBUG] [drone.c:122] Position: X: 1.000000 Y: 1.000000
[2025-11-21 01:57:59] [DEBUG] [drone.c:83] Ch = f
[2025-11-21 01:57:59] [DEBUG] [drone.c:122] Position: X: 1.000000 Y: 1.000000
[2025-11-21 01:57:59] [DEBUG] [drone.c:83] Ch = f
[2025-11-21 01:57:59] [DEBUG] [drone.c:122] Position: X: 1.000000 Y: 1.000000
[2025-11-21 01:58:00] [DEBUG] [drone.c:83] Ch = f
[2025-11-21 01:58:00] [DEBUG] [drone.c:122] Position: X: 1.000000 Y: 1.000000
[2025-11-21 01:58:00] [DEBUG] [drone.c:83] Ch = f
[2025-11-21 01:58:00] [DEBUG] [drone.c:122] Position: X: 1.000000 Y: 1.000000
[2025-11-21 01:58:00] [DEBUG] [drone.c:83] Ch = f
[2025-11-21 01:58:00] [DEBUG] [drone.c:122] Position: X: 1.000000 Y: 1.000000
[2025-11-21 01:58:00] [DEBUG] [drone.c:83] Ch = f
[2025-11-21 01:58:00] [DEBUG] [drone.c:122] Position: X: 1.000000 Y: 1.000000
[2025-11-21 01:58:00] [DEBUG] [drone.c:83] Ch = f
[2025-11-21 01:58:00] [DEBUG] [drone.c:122] Position: X: 1.000000 Y: 1.000000
[2025-11-21 01:58:00] [DEBUG] [drone.c:83] Ch = f
[2025-11-21 01:58:00] [DEBUG] [drone.c:122] Position: X: 1.000000 Y: 1.000000
[2025-11-21 01:58:00] [DEBUG] [drone.c:83] Ch = f
[2025-11-21 01:58:00] [DEBUG] [drone.c:122] Position: X: 1.000000 Y: 1.000000
[2025-11-21 01:58:00] [DEBUG] [drone.c:83] Ch = f
[2025-11-21 01:58:00] [DEBUG] [drone.c:122] Position: X: 1.000000 Y: 1.000000
[2025-11-21 01:58:00] [DEBUG] [drone.c:83] Ch = f
[2025-11-21 01:58:00] [DEBUG] [drone.c:122] Position: X: 1.000000 Y: 1.000000
[2025-11-21 01:58:00] [DEBUG] [drone.c:83] Ch = f
[2025-11-21 01:58:00] [DEBUG] [drone.c:122] Position: X: 1.000000 Y: 1.000000
[2025-11-21 01:58:01] [DEBUG] [drone.c:83] Ch = f
[2025-11-21 01:58:01] [DEBUG] [drone.c:122] Position: X: 1.000000 Y: 1.000000
[2025-11-21 01:58:01] [DEBUG] [drone.c:83] Ch = f
[2025-11-21 01:58:01] [DEBUG] [drone.c:122] Position: X: 1.000000 Y: 1.000000
[2025-11-21 01:58:01] [DEBUG] [drone.c:83] Ch = f
[2025-11-21 01:58:01] [DEBUG] [drone.c:122] Position: X: 1.000000 Y: 1.000000
[2025-11-21 01:58:01] [DEBUG] [drone.c:83] Ch = f
[2025-11-21 01:58:01] [DEBUG] [drone.c:122] Position: X: 1.000000 Y: 1.000000
[2025-11-21 01:58:01] [DEBUG] [drone.c:83] Ch = f
[2025-11-21 01:58:01] [DEBUG] [drone.c:122] Position: X: 1.000000 Y: 1.000000
[2025-11-21 01:58:01] [DEBUG] [drone.c:83] Ch = f
[2025-11-21 01:58:01] [DEBUG] [drone.c:122] Position: X: 1.000000 Y: 1.000000
[2025-11-21 01:58:01] [DEBUG] [drone.c:83] Ch = f
[2025-11-21 01:58:01] [DEBUG] [drone.c:122] Position: X: 1.000000 Y: 1.000000
[2025-11-21 01:58:01] [DEBUG] [drone.c:83] Ch = f
[2025-11-21 01:58:01] [DEBUG] [drone.c:122] Position: X: 1.000000 Y: 1.000000
[2025-11-21 01:58:01] [DEBUG] [drone.c:83] Ch = f
[2025-11-21 01:58:01] [DEBUG] [drone.c:122] Position: X: 1.000000 Y: 1.000000
[2025-11-21 01:58:01] [DEBUG] [drone.c:83] Ch = f
[2025-11-21 01:58:01] [DEBUG] [drone.c:122] Position: X: 1.000000 Y: 1.000000
[2025-11-21 01:58:02] [DEBUG] [drone.c:83] Ch = f
[2025-11-21 01:58:02] [DEBUG] [drone.c:122] Position: X: 1.000000 Y: 1.000000
[2025-11-21 01:58:02] [DEBUG] [drone.c:83] Ch = f
[2025-11-21 01:58:02] [DEBUG] [drone.c:122] Position: X: 1.000000 Y: 1.000000
[2025-11-21 01:58:02] [DEBUG] [drone.c:83] Ch = f
[2025-11-21 01:58:02] [DEBUG] [drone.c:122] Position: X: 1.000000 Y: 1.000000
[2025-11-21 01:58:02] [DEBUG] [drone.c:83] Ch = f
[2025-11-21 01:58:02] [DEBUG] [drone.c:122] Position: X: 1.000000 Y: 1.000000
[2025-11-21 01:58:02] [DEBUG] [drone.c:83] Ch = f
[2025-11-21 01:58:02] [DEBUG] [drone.c:122] Position: X: 1.000000 Y: 1.000000
[2025-11-21 01:58:02] [DEBUG] [drone.c:83] Ch = f
[2025-11-21 01:58:02] [DEBUG] [drone.c:122] Position: X: 1.000000 Y: 1.000000
[2025-11-21 01:58:02] [DEBUG] [drone.c:83] Ch = f
[2025-11-21 01:58:02] [DEBUG] [drone.c:122] Position: X: 1.000000 Y: 1.000000
[2025-11-21 01:58:02] [DEBUG] [drone.c:83] Ch = f
[2025-11-21 01:58:02] [DEBUG] [drone.c:122] Position: X: 1.000000 Y: 1.000000
[2025-11-21 01:58:02] [DEBUG] [drone.c:83] Ch = f
[2025-11-21 01:58:02] [DEBUG] [drone.c:122] Position: X: 1.000000 Y: 1.000000
[2025-11-21 01:58:02] [DEBUG] [drone.c:83] Ch = f
[2025-11-21 01:58:02] [DEBUG] [drone.c:122] Position: X: 1.000000 Y: 1.000000
[2025-11-21 01:58:03] [DEBUG] [drone.c:83] Ch = f
[2025-11-21 01:58:03] [DEBUG] [drone.c:122] Position: X: 1.000000 Y: 1.000000
[2025-11-21 01:58:03] [DEBUG] [drone.c:83] Ch = f
[2025-11-21 01:58:03] [DEBUG] [drone.c:122] Position: X: 1.000000 Y: 1.000000
[2025-11-21 01:58:03] [DEBUG] [drone.c:83] Ch = f
[2025-11-21 01:58:03] [DEBUG] [drone.c:122] Position: X: 1.000000 Y: 1.000000
[2025-11-21 01:58:03] [DEBUG] [drone.c:83] Ch = f
[2025-11-21 01:58:03] [DEBUG] [drone.c:122] Position: X: 1.000000 Y: 1.000000
[2025-11-21 01:58:03] [DEBUG] [drone.c:83] Ch = f
[2025-11-21 01:58:03] [DEBUG] [drone.c:122] Position: X: 1.000000 Y: 1.000000
[2025-11-21 01:58:03] [DEBUG] [drone.c:83] Ch = f
[2025-11-21 01:58:03] [DEBUG] [drone.c:122] Position: X: 1.000000 Y: 1.000000
[2025-11-21 01:58:03] [DEBUG] [drone.c:83] Ch = f
[2025-11-21 01:58:03] [DEBUG] [drone.c:122] Position: X: 1.000000 Y: 1.000000
[2025-11-21 01:58:03] [DEBUG] [drone.c:83] Ch = f
[2025-11-21 01:58:03] [DEBUG] [drone.c:122] Position: X: 1.000000 Y: 1.000000
[2025-11-21 01:58:03] [DEBUG] [drone.c:83] Ch = f
[2025-11-21 01:58:03] [DEBUG] [drone.c:122] Position: X: 1.000000 Y: 1.000000
[2025-11-21 01:58:03] [DEBUG] [drone.c:83] Ch = f
[2025-11-21 01:58:03] [DEBUG] [drone.c:122] Position: X: 1.000000 Y: 1.000000
[2025-11-21 01:58:04] [DEBUG] [drone.c:83] Ch = f
[2025-11-21 01:58:04] [DEBUG] [drone.c:122] Position: X: 1.000000 Y: 1.000000
[2025-11-21 01:58:04] [DEBUG] [drone.c:83] Ch = f
[2025-11-21 01:58:04] [DEBUG] [drone.c:122] Position: X: 1.000000 Y: 1.000000
[2025-11-21 01:58:04] [DEBUG] [drone.c:83] Ch = f
[2025-11-21 01:58:04] [DEBUG] [drone.c:122] Position: X: 1.000000 Y: 1.000000
[2025-11-21 01:58:04] [DEBUG] [drone.c:83] Ch = f
[2025-11-21 01:58:04] [DEBUG] [drone.c:122] Position: X: 1.000000 Y: 1.000000
[2025-11-21 01:58:04] [DEBUG] [drone.c:83] Ch = f
[2025-11-21 01:58:04] [DEBUG] [drone.c:122] Position: X: 1.000000 Y: 1.000000
[2025-11-21 01:58:04] [DEBUG] [drone.c:83] Ch = f
[2025-11-21 01:58:04] [DEBUG] [drone.c:122] Position: X: 1.000000 Y: 1.000000
[2025-11-21 01:58:04] [DEBUG] [drone.c:83] Ch = f
[2025-11-21 01:58:04] [DEBUG] [drone.c:122] Position: X: 1.000000 Y: 1.000000
[2025-11-21 01:58:04] [DEBUG] [drone.c:83] Ch = f
[2025-11-21 01:58:04] [DEBUG] [drone.c:122] Position: X: 1.000000 Y: 1.000000
[2025-11-21 01:58:04] [DEBUG] [drone.c:83] Ch = f
[2025-11-21 01:58:04] [DEBUG] [drone.c:122] Position: X: 1.000000 Y: 1.000000
[2025-11-21 01:58:05] [DEBUG] [drone.c:83] Ch = f
[2025-11-21 01:58:05] [DEBUG] [drone.c:122] Position: X: 1.000000 Y: 1.000000
[2025-11-21 01:58:05] [DEBUG] [drone.c:83] Ch = f
[2025-11-21 01:58:05] [DEBUG] [drone.c:122] Position: X: 1.000000 Y: 1.000000
[2025-11-21 01:58:05] [DEBUG] [drone.c:83] Ch = f
[2025-11-21 01:58:05] [DEBUG] [drone.c:122] Position: X: 1.000000 Y: 1.000000
[2025-11-21 01:58:05] [DEBUG] [drone.c:83] Ch = f
[2025-11-21 01:58:05] [DEBUG] [drone.c:122] Position: X: 1.000000 Y: 1.000000
[2025-11-21 01:58:05] [DEBUG] [drone.c:83] Ch = f
[2025-11-21 01:58:05] [DEBUG] [drone.c:122] Position: X: 1.000000 Y: 1.000000
[2025-11-21 01:58:05] [DEBUG] [drone.c:83] Ch = f
[2025-11-21 01:58:05] [DEBUG] [drone.c:122] Position: X: 1.000000 Y: 1.000000
[2025-11-21 01:58:05] [DEBUG] [drone.c:83] Ch = f
[2025-11-21 01:58:05] [DEBUG] [drone.c:122] Position: X: 1.000000 Y: 1.000000
[2025-11-21 01:58:05] [DEBUG] [drone.c:83] Ch = f
[2025-11-21 01:58:05] [DEBUG] [drone.c:122] Position: X: 1.000000 Y: 1.000000
[2025-11-21 01:58:05] [DEBUG] [drone.c:83] Ch = f
[2025-11-21 01:58:05] [DEBUG] [drone.c:122] Position: X: 1.000000 Y: 1.000000
[2025-11-21 01:58:05] [DEBUG] [drone.c:83] Ch = f
[2025-11-21 01:58:05] [DEBUG] [drone.c:122] Position: X: 1.000000 Y: 1.000000
[2025-11-21 01:58:06] [DEBUG] [drone.c:83] Ch = f
[2025-11-21 01:58:06] [DEBUG] [drone.c:122] Position: X: 1.000000 Y: 1.000000
[2025-11-21 01:58:06] [DEBUG] [drone.c:83] Ch = f
[2025-11-21 01:58:06] [DEBUG] [drone.c:122] Position: X: 1.000000 Y: 1.000000
[2025-11-21 01:58:06] [DEBUG] [drone.c:83] Ch = f
[2025-11-21 01:58:06] [DEBUG] [drone.c:122] Position: X: 1.000000 Y: 1.000000
[2025-11-21 01:58:06] [DEBUG] [drone.c:83] Ch = f
[2025-11-21 01:58:06] [DEBUG] [drone.c:122] Position: X: 1.000000 Y: 1.000000
[2025-11-21 01:58:06] [DEBUG] [drone.c:83] Ch = f
[2025-11-21 01:58:06] [DEBUG] [drone.c:122] Position: X: 1.000000 Y: 1.000000
[2025-11-21 01:58:06] [DEBUG] [drone.c:83] Ch = f
[2025-11-21 01:58:06] [DEBUG] [drone.c:122] Position: X: 1.000000 Y: 1.000000
[2025-11-21 01:58:06] [DEBUG] [drone.c:83] Ch = f
[2025-11-21 01:58:06] [DEBUG] [drone.c:122] Position: X: 1.000000 Y: 1.000000
[2025-11-21 01:58:06] [DEBUG] [drone.c:83] Ch = f
[2025-11-21 01:58:06] [DEBUG] [drone.c:122] Position: X: 1.000000 Y: 1.000000
[2025-11-21 01:58:06] [DEBUG] [drone.c:83] Ch = f
[2025-11-21 01:58:06] [DEBUG] [drone.c:122] Position: X: 1.000000 Y: 1.000000
[2025-11-21 01:58:06] [DEBUG] [drone.c:83] Ch = f
[2025-11-21 01:58:06] [DEBUG] [drone.c:122] Position: X: 1.000000 Y: 1.000000
[2025-11-21 01:58:07] [DEBUG] [drone.c:83] Ch = f
[2025-11-21 01:58:07] [DEBUG] [drone.c:122] Position: X: 1.000000 Y: 1.000000
[2025-11-21 01:58:07] [DEBUG] [drone.c:83] Ch = f
[2025-11-21 01:58:07] [DEBUG] [drone.c:122] Position: X: 1.000000 Y: 1.000000
[2025-11-21 01:58:07] [DEBUG] [drone.c:83] Ch = f
[2025-11-21 01:58:07] [DEBUG] [drone.c:122] Position: X: 1.000000 Y: 1.000000
[2025-11-21 01:58:07] [DEBUG] [obstacle.c:87] The char is o
[2025-11-21 01:58:07] [DEBUG] [obstacle.c:35] Width: 131, Height: 56
[2025-11-21 01:58:07] [DEBUG] [BB.c:210] size Changed
[2025-11-21 01:58:07] [DEBUG] [drone.c:83] Ch = s
[2025-11-21 01:58:07] [WARN ] [drone.c:95] caso s
[2025-11-21 01:58:07] [DEBUG] [obstacle.c:87] The char is o
[2025-11-21 01:58:07] [DEBUG] [obstacle.c:35] Width: 131, Height: 55
[2025-11-21 01:58:07] [DEBUG] [obstacle.c:87] The char is o
[2025-11-21 01:58:07] [DEBUG] [obstacle.c:35] Width: 131, Height: 54
[2025-11-21 01:58:07] [DEBUG] [obstacle.c:87] The char is o
[2025-11-21 01:58:07] [DEBUG] [obstacle.c:35] Width: 131, Height: 53
[2025-11-21 01:58:07] [DEBUG] [obstacle.c:87] The char is o
[2025-11-21 01:58:07] [DEBUG] [obstacle.c:35] Width: 131, Height: 52
[2025-11-21 01:58:08] [DEBUG] [obstacle.c:87] The char is o
[2025-11-21 01:58:08] [DEBUG] [obstacle.c:35] Width: 131, Height: 51
[2025-11-21 01:58:08] [DEBUG] [obstacle.c:87] The char is o
[2025-11-21 01:58:08] [DEBUG] [obstacle.c:35] Width: 131, Height: 50
[2025-11-21 01:58:08] [DEBUG] [obstacle.c:87] The char is o
[2025-11-21 01:58:08] [DEBUG] [obstacle.c:35] Width: 131, Height: 49
[2025-11-21 01:58:08] [DEBUG] [obstacle.c:87] The char is o
[2025-11-21 01:58:08] [DEBUG] [obstacle.c:35] Width: 131, Height: 48
[2025-11-21 01:58:08] [DEBUG] [obstacle.c:87] The char is o
[2025-11-21 01:58:08] [DEBUG] [obstacle.c:35] Width: 131, Height: 47
[2025-11-21 01:58:08] [DEBUG] [obstacle.c:87] The char is o
[2025-11-21 01:58:08] [DEBUG] [obstacle.c:35] Width: 131, Height: 46
[2025-11-21 01:58:08] [DEBUG] [obstacle.c:87] The char is o
[2025-11-21 01:58:08] [DEBUG] [obstacle.c:35] Width: 131, Height: 45
[2025-11-21 01:58:08] [DEBUG] [obstacle.c:87] The char is o
[2025-11-21 01:58:08] [DEBUG] [obstacle.c:35] Width: 131, Height: 44
[2025-11-21 01:58:09] [DEBUG] [obstacle.c:87] The char is o
[2025-11-21 01:58:09] [DEBUG] [obstacle.c:35] Width: 131, Height: 43
[2025-11-21 01:58:09] [DEBUG] [obstacle.c:87] The char is o
[2025-11-21 01:58:09] [DEBUG] [obstacle.c:35] Width: 131, Height: 44
[2025-11-21 01:58:09] [DEBUG] [obstacle.c:87] The char is o
[2025-11-21 01:58:09] [DEBUG] [obstacle.c:35] Width: 131, Height: 45
[2025-11-21 01:58:09] [DEBUG] [obstacle.c:87] The char is o
[2025-11-21 01:58:09] [DEBUG] [obstacle.c:35] Width: 131, Height: 46
[2025-11-21 01:58:09] [DEBUG] [obstacle.c:87] The char is o
[2025-11-21 01:58:09] [DEBUG] [obstacle.c:35] Width: 131, Height: 47
[2025-11-21 01:58:09] [DEBUG] [obstacle.c:87] The char is o
[2025-11-21 01:58:09] [DEBUG] [obstacle.c:35] Width: 131, Height: 48
[2025-11-21 01:58:09] [DEBUG] [obstacle.c:87] The char is o
[2025-11-21 01:58:09] [DEBUG] [obstacle.c:35] Width: 131, Height: 49
[2025-11-21 01:58:09] [DEBUG] [obstacle.c:87] The char is o
[2025-11-21 01:58:09] [DEBUG] [obstacle.c:35] Width: 131, Height: 50
[2025-11-21 01:58:10] [DEBUG] [obstacle.c:87] The char is o
[2025-11-21 01:58:10] [DEBUG] [obstacle.c:35] Width: 131, Height: 51
[2025-11-21 01:58:10] [DEBUG] [obstacle.c:87] The char is o
[2025-11-21 01:58:10] [DEBUG] [obstacle.c:35] Width: 131, Height: 52
[2025-11-21 01:58:10] [DEBUG] [obstacle.c:87] The char is o
[2025-11-21 01:58:10] [DEBUG] [obstacle.c:35] Width: 131, Height: 53
[2025-11-21 01:58:10] [DEBUG] [obstacle.c:87] The char is o
[2025-11-21 01:58:10] [DEBUG] [obstacle.c:35] Width: 131, Height: 54
[2025-11-21 01:58:10] [DEBUG] [obstacle.c:87] The char is o
[2025-11-21 01:58:10] [DEBUG] [obstacle.c:35] Width: 131, Height: 55
[2025-11-21 01:58:10] [DEBUG] [obstacle.c:87] The char is o
[2025-11-21 01:58:10] [DEBUG] [obstacle.c:35] Width: 131, Height: 56
[2025-11-21 01:58:10] [DEBUG] [obstacle.c:87] The char is o
[2025-11-21 01:58:10] [DEBUG] [obstacle.c:35] Width: 131, Height: 57
[2025-11-21 01:58:10] [DEBUG] [obstacle.c:87] The char is o
[2025-11-21 01:58:10] [DEBUG] [obstacle.c:35] Width: 131, Height: 58
[2025-11-21 01:58:10] [DEBUG] [obstacle.c:87] The char is o
[2025-11-21 01:58:10] [DEBUG] [obstacle.c:35] Width: 131, Height: 59
[2025-11-21 01:58:10] [DEBUG] [obstacle.c:87] The char is o
[2025-11-21 01:58:10] [DEBUG] [obstacle.c:35] Width: 131, Height: 58
[2025-11-21 01:58:10] [DEBUG] [obstacle.c:87] The char is o
[2025-11-21 01:58:10] [DEBUG] [obstacle.c:35] Width: 131, Height: 57
[2025-11-21 01:58:10] [DEBUG] [obstacle.c:87] The char is o
[2025-11-21 01:58:10] [DEBUG] [obstacle.c:35] Width: 131, Height: 56
[2025-11-21 01:58:10] [DEBUG] [obstacle.c:87] The char is o
[2025-11-21 01:58:10] [DEBUG] [obstacle.c:35] Width: 131, Height: 55
[2025-11-21 01:58:10] [DEBUG] [obstacle.c:87] The char is o
[2025-11-21 01:58:10] [DEBUG] [obstacle.c:35] Width: 131, Height: 54
[2025-11-21 01:58:10] [DEBUG] [obstacle.c:87] The char is o
[2025-11-21 01:58:10] [DEBUG] [obstacle.c:35] Width: 131, Height: 53
[2025-11-21 01:58:10] [DEBUG] [obstacle.c:87] The char is o
[2025-11-21 01:58:10] [DEBUG] [obstacle.c:35] Width: 131, Height: 52
[2025-11-21 01:58:10] [DEBUG] [obstacle.c:87] The char is o
[2025-11-21 01:58:10] [DEBUG] [obstacle.c:35] Width: 131, Height: 51
[2025-11-21 01:58:10] [DEBUG] [obstacle.c:87] The char is o
[2025-11-21 01:58:10] [DEBUG] [obstacle.c:35] Width: 131, Height: 50
[2025-11-21 01:58:10] [DEBUG] [obstacle.c:87] The char is o
[2025-11-21 01:58:10] [DEBUG] [obstacle.c:35] Width: 131, Height: 49
[2025-11-21 01:58:10] [DEBUG] [obstacle.c:87] The char is o
[2025-11-21 01:58:10] [DEBUG] [obstacle.c:35] Width: 131, Height: 48
[2025-11-21 01:58:11] [DEBUG] [obstacle.c:87] The char is o
[2025-11-21 01:58:11] [DEBUG] [obstacle.c:35] Width: 131, Height: 49
[2025-11-21 01:58:11] [DEBUG] [obstacle.c:87] The char is o
[2025-11-21 01:58:11] [DEBUG] [obstacle.c:35] Width: 131, Height: 50
[2025-11-21 01:58:11] [DEBUG] [obstacle.c:87] The char is o
[2025-11-21 01:58:11] [DEBUG] [obstacle.c:35] Width: 131, Height: 51
[2025-11-21 01:58:11] [DEBUG] [obstacle.c:87] The char is o
[2025-11-21 01:58:11] [DEBUG] [obstacle.c:35] Width: 131, Height: 52
[2025-11-21 01:58:11] [DEBUG] [obstacle.c:87] The char is o
[2025-11-21 01:58:11] [DEBUG] [obstacle.c:35] Width: 131, Height: 53
[2025-11-21 01:58:11] [DEBUG] [obstacle.c:87] The char is o
[2025-11-21 01:58:11] [DEBUG] [obstacle.c:35] Width: 131, Height: 54
[2025-11-21 01:58:11] [DEBUG] [obstacle.c:87] The char is o
[2025-11-21 01:58:11] [DEBUG] [obstacle.c:35] Width: 131, Height: 55
[2025-11-21 01:58:14] [DEBUG] [I_process.c:77] New forze: 1 0
[2025-11-21 01:58:16] [DEBUG] [I_process.c:77] New forze: 2 0
[2025-11-21 01:58:17] [DEBUG] [I_process.c:77] New forze: 3 0
[2025-11-21 01:58:18] [DEBUG] [I_process.c:77] New forze: 4 0
[2025-11-21 01:58:18] [DEBUG] [I_process.c:77] New forze: 4 -1
[2025-11-21 01:58:19] [DEBUG] [I_process.c:77] New forze: 4 0
[2025-11-21 01:58:20] [DEBUG] [I_process.c:77] New forze: 3 0
[2025-11-21 01:58:20] [DEBUG] [I_process.c:77] New forze: 4 0
[2025-11-21 01:58:21] [DEBUG] [I_process.c:77] New forze: 5 0
[2025-11-21 01:58:21] [DEBUG] [I_process.c:77] New forze: 6 0
[2025-11-21 01:58:21] [DEBUG] [I_process.c:77] New forze: 7 0
[2025-11-21 01:58:21] [DEBUG] [I_process.c:77] New forze: 8 0
[2025-11-21 01:58:21] [DEBUG] [I_process.c:77] New forze: 9 0
[2025-11-21 01:58:23] [DEBUG] [obstacle.c:87] The char is q
[2025-11-21 01:58:23] [DEBUG] [drone.c:98] Letto forza post resize quit
[2025-11-21 01:58:23] [DEBUG] [drone.c:122] Position: X: 1.000000 Y: 1.000000
[2025-11-21 01:58:24] [DEBUG] [drone.c:83] Ch = 1
[2025-11-21 01:58:24] [ERROR] [drone.c:102] ERRORE nel formato
[2025-11-21 01:58:24] [DEBUG] [drone.c:122] Position: X: 1.000000 Y: 1.000000
[2025-11-21 02:01:29] [DEBUG] [BB.c:141] height: 55 Width: 131
[2025-11-21 02:01:29] [DEBUG] [drone.c:75] Inizio il ciclo
[2025-11-21 02:01:29] [DEBUG] [obstacle.c:87] The char is o
[2025-11-21 02:01:29] [DEBUG] [obstacle.c:35] Width: 131, Height: 55
[2025-11-21 02:01:29] [DEBUG] [drone.c:83] Ch = f
[2025-11-21 02:01:29] [DEBUG] [drone.c:122] Position: X: 1.000000 Y: 1.000000
[2025-11-21 02:01:29] [DEBUG] [drone.c:83] Ch = f
[2025-11-21 02:01:29] [DEBUG] [drone.c:122] Position: X: 1.000000 Y: 1.000000
[2025-11-21 02:01:29] [DEBUG] [drone.c:83] Ch = f
[2025-11-21 02:01:29] [DEBUG] [drone.c:122] Position: X: 1.000000 Y: 1.000000
[2025-11-21 02:01:29] [DEBUG] [drone.c:83] Ch = f
[2025-11-21 02:01:29] [DEBUG] [drone.c:122] Position: X: 1.000000 Y: 1.000000
[2025-11-21 02:01:29] [DEBUG] [drone.c:83] Ch = f
[2025-11-21 02:01:29] [DEBUG] [drone.c:122] Position: X: 1.000000 Y: 1.000000
[2025-11-21 02:01:29] [DEBUG] [drone.c:83] Ch = f
[2025-11-21 02:01:29] [DEBUG] [drone.c:122] Position: X: 1.000000 Y: 1.000000
[2025-11-21 02:01:29] [DEBUG] [drone.c:83] Ch = f
[2025-11-21 02:01:29] [DEBUG] [drone.c:122] Position: X: 1.000000 Y: 1.000000
[2025-11-21 02:01:29] [DEBUG] [drone.c:83] Ch = f
[2025-11-21 02:01:29] [DEBUG] [drone.c:122] Position: X: 1.000000 Y: 1.000000
[2025-11-21 02:01:30] [DEBUG] [drone.c:83] Ch = f
[2025-11-21 02:01:30] [DEBUG] [drone.c:122] Position: X: 1.000000 Y: 1.000000
[2025-11-21 02:01:30] [DEBUG] [drone.c:83] Ch = f
[2025-11-21 02:01:30] [DEBUG] [drone.c:122] Position: X: 1.000000 Y: 1.000000
[2025-11-21 02:01:30] [DEBUG] [drone.c:83] Ch = f
[2025-11-21 02:01:30] [DEBUG] [drone.c:122] Position: X: 1.000000 Y: 1.000000
[2025-11-21 02:01:30] [DEBUG] [drone.c:83] Ch = f
[2025-11-21 02:01:30] [DEBUG] [drone.c:122] Position: X: 1.000000 Y: 1.000000
[2025-11-21 02:01:30] [DEBUG] [drone.c:83] Ch = f
[2025-11-21 02:01:30] [DEBUG] [drone.c:122] Position: X: 1.000000 Y: 1.000000
[2025-11-21 02:01:30] [DEBUG] [drone.c:83] Ch = f
[2025-11-21 02:01:30] [DEBUG] [drone.c:122] Position: X: 1.000000 Y: 1.000000
[2025-11-21 02:01:30] [DEBUG] [drone.c:83] Ch = f
[2025-11-21 02:01:30] [DEBUG] [drone.c:122] Position: X: 1.000000 Y: 1.000000
[2025-11-21 02:01:30] [DEBUG] [drone.c:83] Ch = f
[2025-11-21 02:01:30] [DEBUG] [drone.c:122] Position: X: 1.000000 Y: 1.000000
[2025-11-21 02:01:30] [DEBUG] [drone.c:83] Ch = f
[2025-11-21 02:01:30] [DEBUG] [drone.c:122] Position: X: 1.000000 Y: 1.000000
[2025-11-21 02:01:30] [DEBUG] [drone.c:83] Ch = f
[2025-11-21 02:01:30] [DEBUG] [drone.c:122] Position: X: 1.000000 Y: 1.000000
[2025-11-21 02:01:31] [DEBUG] [drone.c:83] Ch = f
[2025-11-21 02:01:31] [DEBUG] [drone.c:122] Position: X: 1.000000 Y: 1.000000
[2025-11-21 02:01:31] [DEBUG] [drone.c:83] Ch = f
[2025-11-21 02:01:31] [DEBUG] [drone.c:122] Position: X: 1.000000 Y: 1.000000
[2025-11-21 02:01:31] [DEBUG] [drone.c:83] Ch = f
[2025-11-21 02:01:31] [DEBUG] [drone.c:122] Position: X: 1.000000 Y: 1.000000
[2025-11-21 02:01:31] [DEBUG] [drone.c:83] Ch = f
[2025-11-21 02:01:31] [DEBUG] [drone.c:122] Position: X: 1.000000 Y: 1.000000
[2025-11-21 02:01:31] [DEBUG] [drone.c:83] Ch = f
[2025-11-21 02:01:31] [DEBUG] [drone.c:122] Position: X: 1.000000 Y: 1.000000
[2025-11-21 02:01:31] [DEBUG] [drone.c:83] Ch = f
[2025-11-21 02:01:31] [DEBUG] [drone.c:122] Position: X: 1.000000 Y: 1.000000
[2025-11-21 02:01:31] [DEBUG] [drone.c:83] Ch = f
[2025-11-21 02:01:31] [DEBUG] [drone.c:122] Position: X: 1.000000 Y: 1.000000
[2025-11-21 02:01:31] [DEBUG] [drone.c:83] Ch = f
[2025-11-21 02:01:31] [DEBUG] [drone.c:122] Position: X: 1.000000 Y: 1.000000
[2025-11-21 02:01:31] [DEBUG] [drone.c:83] Ch = f
[2025-11-21 02:01:31] [DEBUG] [drone.c:122] Position: X: 1.000000 Y: 1.000000
[2025-11-21 02:01:32] [DEBUG] [drone.c:83] Ch = f
[2025-11-21 02:01:32] [DEBUG] [drone.c:122] Position: X: 1.000000 Y: 1.000000
[2025-11-21 02:01:32] [DEBUG] [drone.c:83] Ch = f
[2025-11-21 02:01:32] [DEBUG] [drone.c:122] Position: X: 1.000000 Y: 1.000000
[2025-11-21 02:01:32] [DEBUG] [drone.c:83] Ch = f
[2025-11-21 02:01:32] [DEBUG] [drone.c:122] Position: X: 1.000000 Y: 1.000000
[2025-11-21 02:01:32] [DEBUG] [drone.c:83] Ch = f
[2025-11-21 02:01:32] [DEBUG] [drone.c:122] Position: X: 1.000000 Y: 1.000000
[2025-11-21 02:01:32] [DEBUG] [drone.c:83] Ch = f
[2025-11-21 02:01:32] [DEBUG] [drone.c:122] Position: X: 1.000000 Y: 1.000000
[2025-11-21 02:01:32] [DEBUG] [drone.c:83] Ch = f
[2025-11-21 02:01:32] [DEBUG] [drone.c:122] Position: X: 1.000000 Y: 1.000000
[2025-11-21 02:01:32] [DEBUG] [drone.c:83] Ch = f
[2025-11-21 02:01:32] [DEBUG] [drone.c:122] Position: X: 1.000000 Y: 1.000000
[2025-11-21 02:01:32] [DEBUG] [drone.c:83] Ch = f
[2025-11-21 02:01:32] [DEBUG] [drone.c:122] Position: X: 1.000000 Y: 1.000000
[2025-11-21 02:01:32] [DEBUG] [drone.c:83] Ch = f
[2025-11-21 02:01:32] [DEBUG] [drone.c:122] Position: X: 1.000000 Y: 1.000000
[2025-11-21 02:01:32] [DEBUG] [drone.c:83] Ch = f
[2025-11-21 02:01:32] [DEBUG] [drone.c:122] Position: X: 1.000000 Y: 1.000000
[2025-11-21 02:01:33] [DEBUG] [drone.c:83] Ch = f
[2025-11-21 02:01:33] [DEBUG] [drone.c:122] Position: X: 1.000000 Y: 1.000000
[2025-11-21 02:01:33] [DEBUG] [drone.c:83] Ch = f
[2025-11-21 02:01:33] [DEBUG] [drone.c:122] Position: X: 1.000000 Y: 1.000000
[2025-11-21 02:01:33] [DEBUG] [drone.c:83] Ch = f
[2025-11-21 02:01:33] [DEBUG] [drone.c:122] Position: X: 1.000000 Y: 1.000000
[2025-11-21 02:01:33] [DEBUG] [drone.c:83] Ch = f
[2025-11-21 02:01:33] [DEBUG] [drone.c:122] Position: X: 1.000000 Y: 1.000000
[2025-11-21 02:01:33] [DEBUG] [drone.c:83] Ch = f
[2025-11-21 02:01:33] [DEBUG] [drone.c:122] Position: X: 1.000000 Y: 1.000000
[2025-11-21 02:01:33] [DEBUG] [drone.c:83] Ch = f
[2025-11-21 02:01:33] [DEBUG] [drone.c:122] Position: X: 1.000000 Y: 1.000000
[2025-11-21 02:01:33] [DEBUG] [drone.c:83] Ch = f
[2025-11-21 02:01:33] [DEBUG] [drone.c:122] Position: X: 1.000000 Y: 1.000000
[2025-11-21 02:01:33] [DEBUG] [drone.c:83] Ch = f
[2025-11-21 02:01:33] [DEBUG] [drone.c:122] Position: X: 1.000000 Y: 1.000000
[2025-11-21 02:01:33] [DEBUG] [drone.c:83] Ch = f
[2025-11-21 02:01:33] [DEBUG] [drone.c:122] Position: X: 1.000000 Y: 1.000000
[2025-11-21 02:01:33] [DEBUG] [drone.c:83] Ch = f
[2025-11-21 02:01:33] [DEBUG] [drone.c:122] Position: X: 1.000000 Y: 1.000000
[2025-11-21 02:01:34] [DEBUG] [drone.c:83] Ch = f
[2025-11-21 02:01:34] [DEBUG] [drone.c:122] Position: X: 1.000000 Y: 1.000000
[2025-11-21 02:01:34] [DEBUG] [drone.c:83] Ch = f
[2025-11-21 02:01:34] [DEBUG] [drone.c:122] Position: X: 1.000000 Y: 1.000000
[2025-11-21 02:01:34] [DEBUG] [drone.c:83] Ch = f
[2025-11-21 02:01:34] [DEBUG] [drone.c:122] Position: X: 1.000000 Y: 1.000000
[2025-11-21 02:01:34] [DEBUG] [drone.c:83] Ch = f
[2025-11-21 02:01:34] [DEBUG] [drone.c:122] Position: X: 1.000000 Y: 1.000000
[2025-11-21 02:01:34] [DEBUG] [drone.c:83] Ch = f
[2025-11-21 02:01:34] [DEBUG] [drone.c:122] Position: X: 1.000000 Y: 1.000000
[2025-11-21 02:01:34] [DEBUG] [drone.c:83] Ch = f
[2025-11-21 02:01:34] [DEBUG] [drone.c:122] Position: X: 1.000000 Y: 1.000000
[2025-11-21 02:01:34] [DEBUG] [drone.c:83] Ch = f
[2025-11-21 02:01:34] [DEBUG] [drone.c:122] Position: X: 1.000000 Y: 1.000000
[2025-11-21 02:01:34] [DEBUG] [drone.c:83] Ch = f
[2025-11-21 02:01:34] [DEBUG] [drone.c:122] Position: X: 1.000000 Y: 1.000000
[2025-11-21 02:01:34] [DEBUG] [drone.c:83] Ch = f
[2025-11-21 02:01:34] [DEBUG] [drone.c:122] Position: X: 1.000000 Y: 1.000000
[2025-11-21 02:01:34] [DEBUG] [drone.c:83] Ch = f
[2025-11-21 02:01:34] [DEBUG] [drone.c:122] Position: X: 1.000000 Y: 1.000000
[2025-11-21 02:01:35] [DEBUG] [drone.c:83] Ch = f
[2025-11-21 02:01:35] [DEBUG] [drone.c:122] Position: X: 1.000000 Y: 1.000000
[2025-11-21 02:01:35] [DEBUG] [drone.c:83] Ch = f
[2025-11-21 02:01:35] [DEBUG] [drone.c:122] Position: X: 1.000000 Y: 1.000000
[2025-11-21 02:01:35] [DEBUG] [drone.c:83] Ch = f
[2025-11-21 02:01:35] [DEBUG] [drone.c:122] Position: X: 1.000000 Y: 1.000000
[2025-11-21 02:01:35] [DEBUG] [drone.c:83] Ch = f
[2025-11-21 02:01:35] [DEBUG] [drone.c:122] Position: X: 1.000000 Y: 1.000000
[2025-11-21 02:01:35] [DEBUG] [drone.c:83] Ch = f
[2025-11-21 02:01:35] [DEBUG] [drone.c:122] Position: X: 1.000000 Y: 1.000000
[2025-11-21 02:01:35] [DEBUG] [drone.c:83] Ch = f
[2025-11-21 02:01:35] [DEBUG] [drone.c:122] Position: X: 1.000000 Y: 1.000000
[2025-11-21 02:01:35] [DEBUG] [drone.c:83] Ch = f
[2025-11-21 02:01:35] [DEBUG] [drone.c:122] Position: X: 1.000000 Y: 1.000000
[2025-11-21 02:01:35] [DEBUG] [drone.c:83] Ch = f
[2025-11-21 02:01:35] [DEBUG] [drone.c:122] Position: X: 1.000000 Y: 1.000000
[2025-11-21 02:01:35] [DEBUG] [drone.c:83] Ch = f
[2025-11-21 02:01:35] [DEBUG] [drone.c:122] Position: X: 1.000000 Y: 1.000000
[2025-11-21 02:01:35] [DEBUG] [drone.c:83] Ch = f
[2025-11-21 02:01:35] [DEBUG] [drone.c:122] Position: X: 1.000000 Y: 1.000000
[2025-11-21 02:01:36] [DEBUG] [drone.c:83] Ch = f
[2025-11-21 02:01:36] [DEBUG] [drone.c:122] Position: X: 1.000000 Y: 1.000000
[2025-11-21 02:01:36] [DEBUG] [drone.c:83] Ch = f
[2025-11-21 02:01:36] [DEBUG] [drone.c:122] Position: X: 1.000000 Y: 1.000000
[2025-11-21 02:01:36] [DEBUG] [drone.c:83] Ch = f
[2025-11-21 02:01:36] [DEBUG] [drone.c:122] Position: X: 1.000000 Y: 1.000000
[2025-11-21 02:01:36] [DEBUG] [drone.c:83] Ch = f
[2025-11-21 02:01:36] [DEBUG] [drone.c:122] Position: X: 1.000000 Y: 1.000000
[2025-11-21 02:01:36] [DEBUG] [drone.c:83] Ch = f
[2025-11-21 02:01:36] [DEBUG] [drone.c:122] Position: X: 1.000000 Y: 1.000000
[2025-11-21 02:01:36] [DEBUG] [drone.c:83] Ch = f
[2025-11-21 02:01:36] [DEBUG] [drone.c:122] Position: X: 1.000000 Y: 1.000000
[2025-11-21 02:01:36] [DEBUG] [drone.c:83] Ch = f
[2025-11-21 02:01:36] [DEBUG] [drone.c:122] Position: X: 1.000000 Y: 1.000000
[2025-11-21 02:01:36] [DEBUG] [drone.c:83] Ch = f
[2025-11-21 02:01:36] [DEBUG] [drone.c:122] Position: X: 1.000000 Y: 1.000000
[2025-11-21 02:01:36] [DEBUG] [drone.c:83] Ch = f
[2025-11-21 02:01:36] [DEBUG] [drone.c:122] Position: X: 1.000000 Y: 1.000000
[2025-11-21 02:01:36] [DEBUG] [drone.c:83] Ch = f
[2025-11-21 02:01:36] [DEBUG] [drone.c:122] Position: X: 1.000000 Y: 1.000000
[2025-11-21 02:01:37] [DEBUG] [drone.c:83] Ch = f
[2025-11-21 02:01:37] [DEBUG] [drone.c:122] Position: X: 1.000000 Y: 1.000000
[2025-11-21 02:01:37] [DEBUG] [drone.c:83] Ch = f
[2025-11-21 02:01:37] [DEBUG] [drone.c:122] Position: X: 1.000000 Y: 1.000000
[2025-11-21 02:01:37] [DEBUG] [drone.c:83] Ch = f
[2025-11-21 02:01:37] [DEBUG] [drone.c:122] Position: X: 1.000000 Y: 1.000000
[2025-11-21 02:01:37] [DEBUG] [drone.c:83] Ch = f
[2025-11-21 02:01:37] [DEBUG] [drone.c:122] Position: X: 1.000000 Y: 1.000000
[2025-11-21 02:01:37] [DEBUG] [drone.c:83] Ch = f
[2025-11-21 02:01:37] [DEBUG] [drone.c:122] Position: X: 1.000000 Y: 1.000000
[2025-11-21 02:01:37] [DEBUG] [drone.c:83] Ch = f
[2025-11-21 02:01:37] [DEBUG] [drone.c:122] Position: X: 1.000000 Y: 1.000000
[2025-11-21 02:01:37] [DEBUG] [drone.c:83] Ch = f
[2025-11-21 02:01:37] [DEBUG] [drone.c:122] Position: X: 1.000000 Y: 1.000000
[2025-11-21 02:01:37] [DEBUG] [drone.c:83] Ch = f
[2025-11-21 02:01:37] [DEBUG] [drone.c:122] Position: X: 1.000000 Y: 1.000000
[2025-11-21 02:01:37] [DEBUG] [drone.c:83] Ch = f
[2025-11-21 02:01:37] [DEBUG] [drone.c:122] Position: X: 1.000000 Y: 1.000000
[2025-11-21 02:01:37] [DEBUG] [drone.c:83] Ch = f
[2025-11-21 02:01:37] [DEBUG] [drone.c:122] Position: X: 1.000000 Y: 1.000000
[2025-11-21 02:01:38] [DEBUG] [drone.c:83] Ch = f
[2025-11-21 02:01:38] [DEBUG] [drone.c:122] Position: X: 1.000000 Y: 1.000000
[2025-11-21 02:01:38] [DEBUG] [drone.c:83] Ch = f
[2025-11-21 02:01:38] [DEBUG] [drone.c:122] Position: X: 1.000000 Y: 1.000000
[2025-11-21 02:01:38] [DEBUG] [drone.c:83] Ch = f
[2025-11-21 02:01:38] [DEBUG] [drone.c:122] Position: X: 1.000000 Y: 1.000000
[2025-11-21 02:01:38] [DEBUG] [drone.c:83] Ch = f
[2025-11-21 02:01:38] [DEBUG] [drone.c:122] Position: X: 1.000000 Y: 1.000000
[2025-11-21 02:01:38] [DEBUG] [drone.c:83] Ch = f
[2025-11-21 02:01:38] [DEBUG] [drone.c:122] Position: X: 1.000000 Y: 1.000000
[2025-11-21 02:01:38] [DEBUG] [drone.c:83] Ch = f
[2025-11-21 02:01:38] [DEBUG] [drone.c:122] Position: X: 1.000000 Y: 1.000000
[2025-11-21 02:01:38] [DEBUG] [drone.c:83] Ch = f
[2025-11-21 02:01:38] [DEBUG] [drone.c:122] Position: X: 1.000000 Y: 1.000000
[2025-11-21 02:01:38] [DEBUG] [drone.c:83] Ch = f
[2025-11-21 02:01:38] [DEBUG] [drone.c:122] Position: X: 1.000000 Y: 1.000000
[2025-11-21 02:01:38] [DEBUG] [drone.c:83] Ch = f
[2025-11-21 02:01:38] [DEBUG] [drone.c:122] Position: X: 1.000000 Y: 1.000000
[2025-11-21 02:01:38] [DEBUG] [drone.c:83] Ch = f
[2025-11-21 02:01:38] [DEBUG] [drone.c:122] Position: X: 1.000000 Y: 1.000000
[2025-11-21 02:01:39] [DEBUG] [drone.c:83] Ch = f
[2025-11-21 02:01:39] [DEBUG] [drone.c:122] Position: X: 1.000000 Y: 1.000000
[2025-11-21 02:01:39] [DEBUG] [drone.c:83] Ch = f
[2025-11-21 02:01:39] [DEBUG] [drone.c:122] Position: X: 1.000000 Y: 1.000000
[2025-11-21 02:01:39] [DEBUG] [drone.c:83] Ch = f
[2025-11-21 02:01:39] [DEBUG] [drone.c:122] Position: X: 1.000000 Y: 1.000000
[2025-11-21 02:01:39] [DEBUG] [drone.c:83] Ch = f
[2025-11-21 02:01:39] [DEBUG] [drone.c:122] Position: X: 1.000000 Y: 1.000000
[2025-11-21 02:01:39] [DEBUG] [drone.c:83] Ch = f
[2025-11-21 02:01:39] [DEBUG] [drone.c:122] Position: X: 1.000000 Y: 1.000000
[2025-11-21 02:01:39] [DEBUG] [obstacle.c:87] The char is o
[2025-11-21 02:01:39] [DEBUG] [obstacle.c:35] Width: 131, Height: 54
[2025-11-21 02:01:39] [DEBUG] [obstacle.c:87] The char is o
[2025-11-21 02:01:39] [DEBUG] [obstacle.c:35] Width: 131, Height: 53
[2025-11-21 02:01:39] [DEBUG] [BB.c:210] size Changed
[2025-11-21 02:01:39] [DEBUG] [drone.c:83] Ch = s
[2025-11-21 02:01:39] [WARN ] [drone.c:95] caso s
[2025-11-21 02:01:40] [DEBUG] [obstacle.c:87] The char is o
[2025-11-21 02:01:40] [DEBUG] [obstacle.c:35] Width: 131, Height: 52
[2025-11-21 02:01:40] [DEBUG] [obstacle.c:87] The char is o
[2025-11-21 02:01:40] [DEBUG] [obstacle.c:35] Width: 131, Height: 51
[2025-11-21 02:01:40] [DEBUG] [obstacle.c:87] The char is o
[2025-11-21 02:01:40] [DEBUG] [obstacle.c:35] Width: 131, Height: 50
[2025-11-21 02:01:40] [DEBUG] [obstacle.c:87] The char is o
[2025-11-21 02:01:40] [DEBUG] [obstacle.c:35] Width: 131, Height: 49
[2025-11-21 02:01:40] [DEBUG] [obstacle.c:87] The char is o
[2025-11-21 02:01:40] [DEBUG] [obstacle.c:35] Width: 131, Height: 48
[2025-11-21 02:01:40] [DEBUG] [obstacle.c:87] The char is o
[2025-11-21 02:01:40] [DEBUG] [obstacle.c:35] Width: 131, Height: 47
[2025-11-21 02:01:41] [DEBUG] [obstacle.c:87] The char is o
[2025-11-21 02:01:41] [DEBUG] [obstacle.c:35] Width: 131, Height: 46
[2025-11-21 02:01:41] [DEBUG] [obstacle.c:87] The char is o
[2025-11-21 02:01:41] [DEBUG] [obstacle.c:35] Width: 131, Height: 45
[2025-11-21 02:01:41] [DEBUG] [obstacle.c:87] The char is o
[2025-11-21 02:01:41] [DEBUG] [obstacle.c:35] Width: 131, Height: 46
[2025-11-21 02:01:41] [DEBUG] [obstacle.c:87] The char is o
[2025-11-21 02:01:41] [DEBUG] [obstacle.c:35] Width: 131, Height: 47
[2025-11-21 02:01:41] [DEBUG] [obstacle.c:87] The char is o
[2025-11-21 02:01:41] [DEBUG] [obstacle.c:35] Width: 131, Height: 48
[2025-11-21 02:01:41] [DEBUG] [obstacle.c:87] The char is o
[2025-11-21 02:01:41] [DEBUG] [obstacle.c:35] Width: 131, Height: 49
[2025-11-21 02:01:42] [DEBUG] [obstacle.c:87] The char is o
[2025-11-21 02:01:42] [DEBUG] [obstacle.c:35] Width: 131, Height: 50
[2025-11-21 02:01:42] [DEBUG] [obstacle.c:87] The char is o
[2025-11-21 02:01:42] [DEBUG] [obstacle.c:35] Width: 131, Height: 51
[2025-11-21 02:01:42] [DEBUG] [obstacle.c:87] The char is o
[2025-11-21 02:01:42] [DEBUG] [obstacle.c:35] Width: 131, Height: 52
[2025-11-21 02:01:42] [DEBUG] [obstacle.c:87] The char is o
[2025-11-21 02:01:42] [DEBUG] [obstacle.c:35] Width: 131, Height: 53
[2025-11-21 02:01:42] [DEBUG] [obstacle.c:87] The char is o
[2025-11-21 02:01:42] [DEBUG] [obstacle.c:35] Width: 131, Height: 54
[2025-11-21 02:01:42] [DEBUG] [obstacle.c:87] The char is o
[2025-11-21 02:01:42] [DEBUG] [obstacle.c:35] Width: 131, Height: 55
[2025-11-21 02:01:42] [DEBUG] [obstacle.c:87] The char is o
[2025-11-21 02:01:42] [DEBUG] [obstacle.c:35] Width: 131, Height: 56
[2025-11-21 02:01:45] [DEBUG] [I_process.c:77] New forze: 1 0
[2025-11-21 02:01:46] [DEBUG] [I_process.c:77] New forze: 2 0
[2025-11-21 02:01:46] [DEBUG] [I_process.c:77] New forze: 3 0
[2025-11-21 02:01:46] [DEBUG] [I_process.c:77] New forze: 4 0
[2025-11-21 02:01:47] [DEBUG] [I_process.c:77] New forze: 5 0
[2025-11-21 02:01:48] [DEBUG] [obstacle.c:87] The char is q
[2025-11-21 02:01:48] [DEBUG] [drone.c:98] Letto forza post resize q
[2025-11-21 02:01:48] [DEBUG] [drone.c:122] Position: X: 1.000000 Y: 1.000000
[2025-11-21 02:01:48] [DEBUG] [drone.c:83] Ch = 1
[2025-11-21 02:01:48] [ERROR] [drone.c:102] ERRORE nel formato
[2025-11-21 02:01:48] [DEBUG] [drone.c:122] Position: X: 1.000000 Y: 1.000000
