[2025-12-24 17:25:24] [DEBUG] [src/watchdog.c:71] Num_process: 1
[2025-12-24 17:25:24] [DEBUG] [src/watchdog.c:71] Num_process: 2
[2025-12-24 17:25:24] [DEBUG] [src/watchdog.c:71] Num_process: 3
[2025-12-24 17:25:25] [DEBUG] [src/watchdog.c:71] Num_process: 4
[2025-12-24 17:25:25] [WARN ] [src/watchdog.c:28] Leggo
[2025-12-24 17:25:29] [DEBUG] [src/watchdog.c:146] --- WATCHDOG CHECK (5s) ---
[2025-12-24 17:25:34] [DEBUG] [src/watchdog.c:146] --- WATCHDOG CHECK (5s) ---
[2025-12-24 17:25:39] [DEBUG] [src/watchdog.c:146] --- WATCHDOG CHECK (5s) ---
[2025-12-24 17:25:44] [DEBUG] [src/watchdog.c:146] --- WATCHDOG CHECK (5s) ---
[2025-12-24 17:26:25] [DEBUG] [src/watchdog.c:71] Num_process: 1
[2025-12-24 17:26:25] [DEBUG] [src/watchdog.c:71] Num_process: 2
[2025-12-24 17:26:25] [DEBUG] [src/watchdog.c:71] Num_process: 3
[2025-12-24 17:26:25] [DEBUG] [src/watchdog.c:71] Num_process: 4
[2025-12-24 17:26:25] [WARN ] [src/watchdog.c:28] Leggo
[2025-12-24 17:26:30] [DEBUG] [src/watchdog.c:146] --- WATCHDOG CHECK (5s) ---
[2025-12-24 17:26:35] [DEBUG] [src/watchdog.c:146] --- WATCHDOG CHECK (5s) ---
[2025-12-24 17:26:40] [DEBUG] [src/watchdog.c:146] --- WATCHDOG CHECK (5s) ---
[2025-12-24 17:26:45] [DEBUG] [src/watchdog.c:146] --- WATCHDOG CHECK (5s) ---
[2025-12-24 17:26:50] [DEBUG] [src/watchdog.c:146] --- WATCHDOG CHECK (5s) ---
[2025-12-24 17:26:50] [ERROR] [src/watchdog.c:159] ALERT: Il processo TARGETS non risponde!
[2025-12-24 17:26:55] [DEBUG] [src/watchdog.c:146] --- WATCHDOG CHECK (5s) ---
[2025-12-24 17:26:55] [ERROR] [src/watchdog.c:159] ALERT: Il processo TARGETS non risponde!
[2025-12-24 17:27:00] [DEBUG] [src/watchdog.c:146] --- WATCHDOG CHECK (5s) ---
[2025-12-24 17:27:00] [ERROR] [src/watchdog.c:150] ALERT: Il processo DRONE non risponde!
[2025-12-24 17:27:00] [ERROR] [src/watchdog.c:153] ALERT: Il processo OBSTACLES non risponde!
[2025-12-24 17:27:00] [ERROR] [src/watchdog.c:156] ALERT: Il processo BB non risponde!
[2025-12-24 17:27:00] [ERROR] [src/watchdog.c:159] ALERT: Il processo TARGETS non risponde!
[2025-12-24 17:27:05] [DEBUG] [src/watchdog.c:146] --- WATCHDOG CHECK (5s) ---
[2025-12-24 17:27:05] [ERROR] [src/watchdog.c:150] ALERT: Il processo DRONE non risponde!
[2025-12-24 17:27:05] [ERROR] [src/watchdog.c:153] ALERT: Il processo OBSTACLES non risponde!
[2025-12-24 17:27:05] [ERROR] [src/watchdog.c:156] ALERT: Il processo BB non risponde!
[2025-12-24 17:27:05] [ERROR] [src/watchdog.c:159] ALERT: Il processo TARGETS non risponde!
[2025-12-24 17:27:10] [DEBUG] [src/watchdog.c:146] --- WATCHDOG CHECK (5s) ---
[2025-12-24 17:27:10] [ERROR] [src/watchdog.c:150] ALERT: Il processo DRONE non risponde!
[2025-12-24 17:27:10] [ERROR] [src/watchdog.c:153] ALERT: Il processo OBSTACLES non risponde!
[2025-12-24 17:27:10] [ERROR] [src/watchdog.c:156] ALERT: Il processo BB non risponde!
[2025-12-24 17:27:10] [ERROR] [src/watchdog.c:159] ALERT: Il processo TARGETS non risponde!
[2025-12-24 17:27:15] [DEBUG] [src/watchdog.c:146] --- WATCHDOG CHECK (5s) ---
[2025-12-24 17:27:15] [ERROR] [src/watchdog.c:150] ALERT: Il processo DRONE non risponde!
[2025-12-24 17:27:15] [ERROR] [src/watchdog.c:153] ALERT: Il processo OBSTACLES non risponde!
[2025-12-24 17:27:15] [ERROR] [src/watchdog.c:156] ALERT: Il processo BB non risponde!
[2025-12-24 17:27:15] [ERROR] [src/watchdog.c:159] ALERT: Il processo TARGETS non risponde!
[2025-12-24 17:27:20] [DEBUG] [src/watchdog.c:146] --- WATCHDOG CHECK (5s) ---
[2025-12-24 17:27:20] [ERROR] [src/watchdog.c:150] ALERT: Il processo DRONE non risponde!
[2025-12-24 17:27:20] [ERROR] [src/watchdog.c:153] ALERT: Il processo OBSTACLES non risponde!
[2025-12-24 17:27:20] [ERROR] [src/watchdog.c:156] ALERT: Il processo BB non risponde!
[2025-12-24 17:27:20] [ERROR] [src/watchdog.c:159] ALERT: Il processo TARGETS non risponde!
[2025-12-24 17:27:25] [DEBUG] [src/watchdog.c:146] --- WATCHDOG CHECK (5s) ---
[2025-12-24 17:27:25] [ERROR] [src/watchdog.c:150] ALERT: Il processo DRONE non risponde!
[2025-12-24 17:27:25] [ERROR] [src/watchdog.c:153] ALERT: Il processo OBSTACLES non risponde!
[2025-12-24 17:27:25] [ERROR] [src/watchdog.c:156] ALERT: Il processo BB non risponde!
[2025-12-24 17:27:25] [ERROR] [src/watchdog.c:159] ALERT: Il processo TARGETS non risponde!
[2025-12-24 17:27:30] [DEBUG] [src/watchdog.c:146] --- WATCHDOG CHECK (5s) ---
[2025-12-24 17:27:30] [ERROR] [src/watchdog.c:150] ALERT: Il processo DRONE non risponde!
[2025-12-24 17:27:30] [ERROR] [src/watchdog.c:153] ALERT: Il processo OBSTACLES non risponde!
[2025-12-24 17:27:30] [ERROR] [src/watchdog.c:156] ALERT: Il processo BB non risponde!
[2025-12-24 17:27:30] [ERROR] [src/watchdog.c:159] ALERT: Il processo TARGETS non risponde!
[2025-12-24 17:27:35] [DEBUG] [src/watchdog.c:146] --- WATCHDOG CHECK (5s) ---
[2025-12-24 17:27:35] [ERROR] [src/watchdog.c:150] ALERT: Il processo DRONE non risponde!
[2025-12-24 17:27:35] [ERROR] [src/watchdog.c:153] ALERT: Il processo OBSTACLES non risponde!
[2025-12-24 17:27:35] [ERROR] [src/watchdog.c:156] ALERT: Il processo BB non risponde!
[2025-12-24 17:27:35] [ERROR] [src/watchdog.c:159] ALERT: Il processo TARGETS non risponde!
